Log file open, 02/01/17 10:02:44
LogInit:Display: Running engine for game: ToolBoxGame
LogPlatformFile: Not using cached read wrapper
LogInit:Display: RandInit(-1253800715) SRandInit(-1253800714).
LogInit: Using version manifest at CL 0 with build ID '02bfa864-9300-4183-9878-ec235d143870'
LogTaskGraph: Started task graph with 4 named threads and 5 total threads with 1 sets of task threads.
LogStats: Stats thread started at 0.119649
LogInit: Version: 4.12.5-0+UE4
LogInit: API Version: 0
LogInit: Net Version: 0
LogDevObjectVersion: Number of dev versions registered: 13
LogDevObjectVersion:   Dev-Blueprints (B0D832E4-1F89-4F0D-ACCF-7EB736FD4AA2): 3
LogDevObjectVersion:   Dev-Build (E1C64328-A22C-4D53-A36C-8E866417BD8C): 0
LogDevObjectVersion:   Dev-Core (375EC13C-06E4-48FB-B500-84F0262A717E): 1
LogDevObjectVersion:   Dev-Editor (E4B068ED-F494-42E9-A231-DA0B2E46BB41): 2
LogDevObjectVersion:   Dev-Framework (CFFC743F-43B0-4480-9391-14DF171D2073): 6
LogDevObjectVersion:   Dev-Mobile (B02B49B5-BB20-44E9-A304-32B752E40360): 0
LogDevObjectVersion:   Dev-Networking (A4E4105C-59A1-49B5-A7C5-40C4547EDFEE): 0
LogDevObjectVersion:   Dev-Online (39C831C9-5AE6-47DC-9A44-9C173E1C8E7C): 0
LogDevObjectVersion:   Dev-Physics (78F01B33-EBEA-4F98-B9B4-84EACCB95AA2): 0
LogDevObjectVersion:   Dev-Platform (6631380F-2D4D-43E0-8009-CF276956A95A): 0
LogDevObjectVersion:   Dev-Rendering (12F88B9F-8875-4AFC-A67C-D90C383ABD29): 2
LogDevObjectVersion:   Dev-Sequencer (7B5AE74C-D270-4C10-A958-57980B212A5A): 0
LogDevObjectVersion:   Dev-VR (D7296918-1DD6-4BDD-9DE2-64A83CC13884): 0
LogInit: Compiled (64-bit): Aug 25 2016 13:31:26
LogInit: Compiled with Visual C++: 19.00.24213.01
LogInit: Build Configuration: Development
LogInit: Branch Name: UE4
LogInit: Command line:  
LogInit: Base directory: C:/Unreal Engine 4.12/Engine/Binaries/Win64/
LogInit: Installed Engine Build: 0
LogInit: Using libcurl 7.41.0
LogInit:  - built for x86_64-pc-win32
LogInit:  - supports SSL with WinSSL
LogInit:  - other features:
LogInit:      CURL_VERSION_SSL
LogInit:      CURL_VERSION_IPV6
LogInit:      CURL_VERSION_ASYNCHDNS
LogInit:      CURL_VERSION_LARGEFILE
LogInit:      CURL_VERSION_IDN
LogInit:  CurlRequestOptions (configurable via config and command line):
LogInit:  - bVerifyPeer = true  - Libcurl will verify peer certificate
LogInit:  - bUseHttpProxy = false  - Libcurl will NOT use HTTP proxy
LogInit:  - bDontReuseConnections = false  - Libcurl will reuse connections
LogInit:  - CertBundlePath = nullptr  - Libcurl will use whatever was configured at build time.
LogInit: Presizing for max 8388607 objects, including 0 objects not considered by GC, pre-allocating 0 bytes for permanent pool.
LogInit: Object subsystem initialized
[2017.02.01-10.02.45:050][  0]LogInit: Selected Device Profile: [Windows]
[2017.02.01-10.02.45:050][  0]LogInit: Applying CVar settings loaded from the selected device profile: [Windows]
[2017.02.01-10.02.45:146][  0]LogInit: Computer: PENGAME-58985
[2017.02.01-10.02.45:146][  0]LogInit: User: CP192723
[2017.02.01-10.02.45:146][  0]LogInit: CPU Page size=65536, Cores=2
[2017.02.01-10.02.45:146][  0]LogInit: High frequency timer resolution =3.507516 MHz
[2017.02.01-10.02.45:146][  0]LogMemory: Memory total: Physical=7.9GB (8GB approx)
[2017.02.01-10.02.45:146][  0]LogMemory: Platform Memory Stats for Windows
[2017.02.01-10.02.45:146][  0]LogMemory: Process Physical Memory: 188.77 MB used, 188.77 MB peak
[2017.02.01-10.02.45:146][  0]LogMemory: Process Virtual Memory: 194.51 MB used, 194.51 MB peak
[2017.02.01-10.02.45:146][  0]LogMemory: Physical Memory: 2723.92 MB used, 8134.15 MB total
[2017.02.01-10.02.45:146][  0]LogMemory: Virtual Memory: 542.52 MB used, 134217728.00 MB total
[2017.02.01-10.02.45:552][  0]LogTextLocalizationManager: No specific translations for ('en-GB') exist, so ('en') translations will be used.
[2017.02.01-10.02.45:998][  0]LogD3D11RHI: D3D11 adapters:
[2017.02.01-10.02.46:009][  0]LogD3D11RHI:    0. 'AMD Radeon(TM) R5 240' (Feature Level 11_0)
[2017.02.01-10.02.46:009][  0]LogD3D11RHI:       1006/0/4067 MB DedicatedVideo/DedicatedSystem/SharedSystem, Outputs:1, VendorId:0x1002
[2017.02.01-10.02.46:013][  0]LogD3D11RHI:    1. 'Microsoft Basic Render Driver' (Feature Level 11_0)
[2017.02.01-10.02.46:013][  0]LogD3D11RHI:       0/0/4067 MB DedicatedVideo/DedicatedSystem/SharedSystem, Outputs:0, VendorId:0x1414
[2017.02.01-10.02.46:013][  0]LogD3D11RHI: Chosen D3D11 Adapter: 0
[2017.02.01-10.02.46:018][  0]LogD3D11RHI: Creating new Direct3DDevice
[2017.02.01-10.02.46:018][  0]LogD3D11RHI:     GPU DeviceId: 0x6611 (for the marketing name, search the web for "GPU Device Id")
[2017.02.01-10.02.46:018][  0]LogWindows: EnumDisplayDevices:
[2017.02.01-10.02.46:018][  0]LogWindows:    0. 'AMD Radeon(TM) R5 240' (P:1 D:1)
[2017.02.01-10.02.46:018][  0]LogWindows:    1. 'AMD Radeon(TM) R5 240' (P:0 D:0)
[2017.02.01-10.02.46:018][  0]LogWindows: DebugString: FoundDriverCount:2 
[2017.02.01-10.02.46:019][  0]LogD3D11RHI:     Adapter Name: AMD Radeon(TM) R5 240
[2017.02.01-10.02.46:019][  0]LogD3D11RHI:   Driver Version: Crimson 15.11 (internal:15.300.1025.1001, unified:15.300.1025.1001)
[2017.02.01-10.02.46:019][  0]LogD3D11RHI:      Driver Date: 11-29-2015
[2017.02.01-10.02.46:019][  0]LogRHI: Texture pool is 704 MB (70% of 1006 MB)
[2017.02.01-10.02.46:027][  0]LogD3D11RHI: Async texture creation disabled: no driver support
[2017.02.01-10.02.46:038][  0]LogD3D11RHI: GPU Timing Frequency: 27.000000 (Debug: 2 1)
[2017.02.01-10.02.46:038][  0]LogShaderCompilers: Guid format shader working directory is 19 characters bigger than the processId version (G:/Unreal Project/ToolBoxGame1/Intermediate/Shaders/WorkingDirectory/6824/).
[2017.02.01-10.02.46:038][  0]LogShaderCompilers: Cleaned the shader compiler working directory 'C:/Users/CP192723/AppData/Local/Temp/UnrealShaderWorkingDir/5F0C5C514BED4EC43DDEC99596C5C4C3/'.
[2017.02.01-10.02.46:038][  0]LogShaderCompilers:Display: Using Local Shader Compiler.
[2017.02.01-10.02.47:922][  0]LogTemp:Display: Loaded TP WindowsTargetPlatform
[2017.02.01-10.02.47:931][  0]LogTemp:Display: Loaded TP WindowsNoEditorTargetPlatform
[2017.02.01-10.02.47:940][  0]LogTemp:Display: Loaded TP WindowsServerTargetPlatform
[2017.02.01-10.02.47:949][  0]LogTemp:Display: Loaded TP WindowsClientTargetPlatform
[2017.02.01-10.02.47:959][  0]LogTemp:Display: Loaded TP AllDesktopTargetPlatform
[2017.02.01-10.02.47:969][  0]LogTemp:Display: Loaded TP AndroidTargetPlatform
[2017.02.01-10.02.47:978][  0]LogTemp:Display: Loaded TP Android_PVRTCTargetPlatform
[2017.02.01-10.02.47:987][  0]LogTemp:Display: Loaded TP Android_ATCTargetPlatform
[2017.02.01-10.02.47:995][  0]LogTemp:Display: Loaded TP Android_DXTTargetPlatform
[2017.02.01-10.02.48:004][  0]LogTemp:Display: Loaded TP Android_ETC1TargetPlatform
[2017.02.01-10.02.48:013][  0]LogTemp:Display: Loaded TP Android_ETC2TargetPlatform
[2017.02.01-10.02.48:021][  0]LogTemp:Display: Loaded TP Android_ASTCTargetPlatform
[2017.02.01-10.02.48:030][  0]LogTemp:Display: Loaded TP Android_MultiTargetPlatform
[2017.02.01-10.02.48:031][  0]LogTemp:Display: Loaded TP HTML5TargetPlatform
[2017.02.01-10.02.48:101][  0]LogTemp:Display: Loaded TP IOSTargetPlatform
[2017.02.01-10.02.48:109][  0]LogTemp:Display: Loaded TP TVOSTargetPlatform
[2017.02.01-10.02.48:109][  0]LogTargetPlatformManager:Display: Building Assets For Windows
[2017.02.01-10.02.48:742][  0]LogDerivedDataCache:Display: Max Cache Size: 512 MB
[2017.02.01-10.02.50:348][  0]LogDerivedDataCache: Loaded boot cache 1.61s 48MB G:/Unreal Project/ToolBoxGame1/DerivedDataCache/Boot.ddc.
[2017.02.01-10.02.50:348][  0]LogDerivedDataCache:Display: Loaded Boot cache: G:/Unreal Project/ToolBoxGame1/DerivedDataCache/Boot.ddc
[2017.02.01-10.02.50:349][  0]LogDerivedDataCache: FDerivedDataBackendGraph:  Pak pak cache file G:/Unreal Project/ToolBoxGame1/DerivedDataCache/DDC.ddp not found, will not use a pak cache.
[2017.02.01-10.02.50:349][  0]LogDerivedDataCache: Unable to find inner node Pak for hierarchical cache Hierarchy.
[2017.02.01-10.02.50:349][  0]LogDerivedDataCache: FDerivedDataBackendGraph:  EnginePak pak cache file ../../../Engine/DerivedDataCache/DDC.ddp not found, will not use a pak cache.
[2017.02.01-10.02.50:349][  0]LogDerivedDataCache: Unable to find inner node EnginePak for hierarchical cache Hierarchy.
[2017.02.01-10.02.50:381][  0]LogDerivedDataCache: Using Local data cache path ../../../Engine/DerivedDataCache: Writable
[2017.02.01-10.02.50:381][  0]LogDerivedDataCache: Shared data cache path not found in *engine.ini, will not use an Shared cache.
[2017.02.01-10.02.50:381][  0]LogDerivedDataCache: Unable to find inner node Shared for hierarchical cache Hierarchy.
[2017.02.01-10.02.58:400][  0]LogInit: Selected Device Profile: [Windows]
[2017.02.01-10.02.58:401][  0]LogContentStreaming: Texture pool size is 0.00 MB
[2017.02.01-10.02.58:954][  0]LogMeshUtilities: No automatic mesh reduction module available
[2017.02.01-10.02.58:954][  0]LogMeshUtilities: No automatic mesh merging module available
[2017.02.01-10.02.58:954][  0]LogMeshUtilities: No distributed automatic mesh merging module available
[2017.02.01-10.02.59:693][  0]LogAssetRegistry: FAssetRegistry took 0.0219 seconds to start up
[2017.02.01-10.03.00:704][  0]LogPackageLocalizationCache: Processed 3 localized package path(s) for 2 prioritized culture(s) in 1.009172 seconds
[2017.02.01-10.03.00:714][  0]LogUObjectArray: 28732 objects as part of root set at end of initial load.
[2017.02.01-10.03.00:714][  0]LogUObjectAllocator: 5854096 out of 0 bytes used by permanent object pool.
[2017.02.01-10.03.00:714][  0]LogUObjectArray: CloseDisregardForGC: 0/0 objects in disregard for GC pool
[2017.02.01-10.03.00:722][  0]LogInit: WinSock: version 1.1 (2.2), MaxSocks=32767, MaxUdp=65467
[2017.02.01-10.03.01:460][  0]LogSlate: SlateFontCache - WITH_FREETYPE: 1, WITH_HARFBUZZ: 1
[2017.02.01-10.03.01:460][  0]LogSlate: SlateFontCache - WITH_FREETYPE: 1, WITH_HARFBUZZ: 1
[2017.02.01-10.03.02:824][  0]LogUdpMessaging: Initializing bridge on interface 0.0.0.0:0 to multicast group 230.0.0.1:6666.
[2017.02.01-10.03.03:296][  0]SourceControl: Info Source control is disabled
[2017.02.01-10.03.03:720][  0]SourceControl: Info Source control is disabled
[2017.02.01-10.03.03:735][  0]SourceControl: Info Source control is disabled
[2017.02.01-10.03.03:749][  0]SourceControl: Info Source control is disabled
[2017.02.01-10.03.04:023][  0]LogEngine: Initializing Engine...
[2017.02.01-10.03.04:076][  0]LogHMD: SteamVR failed to initialize.  Err: 110
[2017.02.01-10.03.04:077][  0]LogHMD: SteamVR failed to initialize.  Err: 110
[2017.02.01-10.03.04:211][  0]LogAIModule: Creating AISystem for world NewWorld
[2017.02.01-10.03.04:215][  0]LogInit: XAudio2 using 'Speakers / Headphones (Realtek High Definition Audio)' : 2 channels at 48 kHz using 32 bits per sample (channel mask 0x3)
[2017.02.01-10.03.04:362][  0]LogInit: FAudioDevice initialized.
[2017.02.01-10.03.06:597][  0]LogDerivedDataCache: Saved boot cache 2.24s 48MB G:/Unreal Project/ToolBoxGame1/DerivedDataCache/Boot.ddc.
[2017.02.01-10.03.10:368][  0]LogInit: Texture streaming: Enabled
[2017.02.01-10.03.10:393][  0]LogInit: Transaction tracking system initialized
[2017.02.01-10.03.10:413][  0]BlueprintLog: New page: Editor Load
[2017.02.01-10.03.12:066][  0]LocalizationService: Info Localization service is disabled
[2017.02.01-10.03.14:166][  0]LogConsoleResponse:Display: 
[2017.02.01-10.03.14:605][  0]LogCook:Display: Max memory allowance for cook 8192mb
[2017.02.01-10.03.14:605][  0]LogCook:Display: Mobile HDR setting 1
[2017.02.01-10.03.15:195][  0]LogFileCache: Scanning file cache for directory 'G:/Unreal Project/ToolBoxGame1/Content/' took 0.38s
[2017.02.01-10.03.15:210][  0]SourceControl: Info Source control is disabled
[2017.02.01-10.03.15:211][  0]Cmd: MAP LOAD FILE="G:/Unreal Project/ToolBoxGame1/Content/ThirdPersonBP/Maps/ThirdPersonExampleMap.umap" TEMPLATE=0 SHOWPROGRESS=1 FEATURELEVEL=3
[2017.02.01-10.03.15:265][  0]LightingResults: New page: Lighting Build
[2017.02.01-10.03.15:275][  0]MapCheck: New page: Map Check
[2017.02.01-10.03.15:275][  0]LightingResults: New page: Lighting Build
[2017.02.01-10.03.22:815][  0]LogTexture:Display: Building textures: HQ_Lightmap0_1 (AutoDXT)
[2017.02.01-10.03.22:976][  0]LogTexture:Display: Building textures: HQ_Lightmap0_2 (AutoDXT)
[2017.02.01-10.03.23:574][  0]LogTexture:Display: Building textures: HQ_Lightmap0_3 (AutoDXT)
[2017.02.01-10.03.23:614][  0]LogTexture:Display: Building textures: HQ_Lightmap0_4 (AutoDXT)
[2017.02.01-10.03.23:621][  0]LogTexture:Display: Building textures: LQ_Lightmap_1_1 (DXT1)
[2017.02.01-10.03.23:687][  0]LogTexture:Display: Building textures: LQ_Lightmap_1_2 (DXT1)
[2017.02.01-10.03.23:862][  0]LogTexture:Display: Building textures: LQ_Lightmap_1_3 (DXT1)
[2017.02.01-10.03.23:878][  0]LogTexture:Display: Building textures: LQ_Lightmap_1_4 (DXT1)
[2017.02.01-10.03.23:888][  0]LogTexture:Display: Building textures: SkyOcclusion1_1 (AutoDXT)
[2017.02.01-10.03.23:951][  0]LogTexture:Display: Building textures: SkyOcclusion1_2 (AutoDXT)
[2017.02.01-10.03.24:259][  0]LogTexture:Display: Building textures: SkyOcclusion1_3 (AutoDXT)
[2017.02.01-10.03.24:281][  0]LogTexture:Display: Building textures: SkyOcclusion1_4 (AutoDXT)
[2017.02.01-10.03.24:317][  0]LogTexture:Display: Building textures: ShadowMapTexture2D_0 (G8)
[2017.02.01-10.03.24:381][  0]LogTexture:Display: Building textures: ShadowMapTexture2D_1 (G8)
[2017.02.01-10.03.24:382][  0]LogTexture:Display: Building textures: ShadowMapTexture2D_2 (G8)
[2017.02.01-10.03.25:063][  0]LogTexture:Display: Building textures: T_Rock_Smooth_Granite_D (AutoDXT)
[2017.02.01-10.03.31:445][  0]LogTexture:Display: Building textures: T_CobbleStone_Rough_D (AutoDXT)
[2017.02.01-10.03.33:281][  0]LogTexture:Display: Building textures: T_CobbleStone_Rough_N (BC5)
[2017.02.01-10.03.33:441][  0]LogTexture:Display: Building textures: T_Gradinet_01 (AutoDXT)
[2017.02.01-10.03.33:465][  0]LogMaterial: Missing cached shader map for material M_CobbleStone_Rough, compiling. 
[2017.02.01-10.03.34:567][  0]LogAIModule: Creating AISystem for world ThirdPersonExampleMap
[2017.02.01-10.03.34:740][  0]LogEditorServer: Finished looking for orphan Actors (0.000 secs)
[2017.02.01-10.03.34:741][  0]Cmd: MAP CHECKDEP NOCLEARLOG
[2017.02.01-10.03.34:850][  0]MapCheck: Info Map check complete: 0 Error(s), 0 Warning(s), took 109.553ms to complete.
[2017.02.01-10.03.34:850][  0]LogFileHelpers: Loading map 'ThirdPersonExampleMap' took 19.640
[2017.02.01-10.03.35:042][  0]LogCollectionManager: Loaded 0 collections in 0.003093 seconds
[2017.02.01-10.03.35:977][  0]LogFileCache: Scanning file cache for directory 'G:/Unreal Project/ToolBoxGame1/Saved/Collections/' took 0.01s
[2017.02.01-10.03.35:977][  0]LogFileCache: Scanning file cache for directory 'G:/Unreal Project/ToolBoxGame1/Content/Developers/CP192723/Collections/' took 0.01s
[2017.02.01-10.03.35:977][  0]LogFileCache: Scanning file cache for directory 'G:/Unreal Project/ToolBoxGame1/Content/Collections/' took 0.01s
[2017.02.01-10.03.35:977][  0]LogCollectionManager: Rebuilt the GUID cache for 0 collections in 0.000004 seconds
[2017.02.01-10.03.35:990][  0]LogContentBrowser: Native class hierarchy populated in 0.0125 seconds. Added 2046 classes and 367 folders.
[2017.02.01-10.03.35:994][  0]LogStats: UGameplayTagsManager::ConstructGameplayTagTree: Construct from data asset -  0.000 s
[2017.02.01-10.03.35:994][  0]LogStats: UGameplayTagsManager::ConstructGameplayTagTree: GameplayTagTreeChangedEvent.Broadcast -  0.000 s
[2017.02.01-10.03.35:996][  0]LogContentBrowser: Native class hierarchy updated for 'GameplayTags' in 0.0016 seconds. Added 12 classes and 0 folders.
[2017.02.01-10.03.36:003][  0]LogContentBrowser: Native class hierarchy updated for 'WidgetCarousel' in 0.0015 seconds. Added 0 classes and 0 folders.
[2017.02.01-10.03.36:440][  0]LogContentBrowser: Native class hierarchy updated for 'AddContentDialog' in 0.0015 seconds. Added 0 classes and 0 folders.
[2017.02.01-10.03.36:446][  0]LogContentBrowser: Native class hierarchy updated for 'SceneOutliner' in 0.0015 seconds. Added 1 classes and 2 folders.
[2017.02.01-10.03.36:473][  0]LogCrashTracker: Crashtracker disabled due to settings.
[2017.02.01-10.03.36:479][  0]LogUObjectGlobals:Warning: Failed to find object 'Class None.'
[2017.02.01-10.03.36:507][  0]LogContentBrowser: Native class hierarchy updated for 'HierarchicalLODOutliner' in 0.0015 seconds. Added 1 classes and 2 folders.
[2017.02.01-10.03.36:507][  0]LogLoad: Full Startup: 56.38 seconds (BP compile: 0.27 seconds)
[2017.02.01-10.03.36:507][  0]LogExternalProfiler: No external profilers were discovered.  External profiling features will not be available.
[2017.02.01-10.03.36:848][  0]LogOcInput: OculusInput pre-init called
[2017.02.01-10.03.36:866][  0]LogContentStreaming: Texture pool size now 700 MB
[2017.02.01-10.03.37:130][  0]LogRenderer: Reallocating scene render targets to support 1220x628 (Frame:2).
[2017.02.01-10.03.38:664][  2]LogAssetRegistry: Asset discovery search completed in 38.9932 seconds
[2017.02.01-10.03.38:664][  2]LogCollectionManager: Rebuilt the object cache for 0 collections in 0.000001 seconds (found 0 objects)
[2017.02.01-10.03.38:664][  2]LogCollectionManager: Fixed up redirectors for 0 collections in 0.000024 seconds (updated 0 objects)
[2017.02.01-10.03.40:702][  8]LogBlueprintUserMessages: Early PlayInEditor Detection: Level '/Game/ThirdPersonBP/Maps/ThirdPersonExampleMap.ThirdPersonExampleMap:PersistentLevel' has LevelScriptBlueprint '/Game/ThirdPersonBP/Maps/ThirdPersonExampleMap.ThirdPersonExampleMap:PersistentLevel.ThirdPersonExampleMap' with GeneratedClass '/Game/ThirdPersonBP/Maps/ThirdPersonExampleMap.ThirdPersonExampleMap_C' with ClassGeneratedBy '/Game/ThirdPersonBP/Maps/ThirdPersonExampleMap.ThirdPersonExampleMap:PersistentLevel.ThirdPersonExampleMap'
[2017.02.01-10.03.40:702][  8]LogPlayLevel: PlayLevel: No blueprints needed recompiling
[2017.02.01-10.03.40:707][  8]PIE: New page: PIE session: ThirdPersonExampleMap (1 Feb 2017 10:03:40)
[2017.02.01-10.03.40:707][  8]LogPlayLevel: Creating play world package: /Game/ThirdPersonBP/Maps/UEDPIE_0_ThirdPersonExampleMap
[2017.02.01-10.03.40:741][  8]LogPlayLevel: PIE: StaticDuplicateObject took: (0.034341s)
[2017.02.01-10.03.40:742][  8]LogAIModule: Creating AISystem for world ThirdPersonExampleMap
[2017.02.01-10.03.40:742][  8]LogPlayLevel: PIE: World Init took: (0.001264s)
[2017.02.01-10.03.40:743][  8]LogPlayLevel: PIE: Created PIE world by copying editor world from /Game/ThirdPersonBP/Maps/ThirdPersonExampleMap.ThirdPersonExampleMap to /Game/ThirdPersonBP/Maps/UEDPIE_0_ThirdPersonExampleMap.ThirdPersonExampleMap (0.035946s)
[2017.02.01-10.03.40:796][  8]LogInit: XAudio2 using 'Speakers / Headphones (Realtek High Definition Audio)' : 2 channels at 48 kHz using 32 bits per sample (channel mask 0x3)
[2017.02.01-10.03.40:809][  8]LogInit: FAudioDevice initialized.
[2017.02.01-10.03.40:974][  8]LogWorld: Game class is 'ThirdPersonGameMode_C'
[2017.02.01-10.03.41:017][  8]LogWorld: Bringing World /Game/ThirdPersonBP/Maps/UEDPIE_0_ThirdPersonExampleMap.ThirdPersonExampleMap up for play (max tick rate 0) at 2017.02.01-10.03.41
[2017.02.01-10.03.41:019][  8]LogWorld: Bringing up level for play took: 0.043457
[2017.02.01-10.03.41:029][  8]LogContentBrowser: Native class hierarchy updated for 'MovieSceneCapture' in 0.0017 seconds. Added 11 classes and 0 folders.
[2017.02.01-10.03.41:030][  8]PIE: Info Play in editor start time for /Game/ThirdPersonBP/Maps/UEDPIE_0_ThirdPersonExampleMap -0.148
[2017.02.01-10.03.41:030][  8]LogBlueprintUserMessages: Late PlayInEditor Detection: Level '/Game/ThirdPersonBP/Maps/ThirdPersonExampleMap.ThirdPersonExampleMap:PersistentLevel' has LevelScriptBlueprint '/Game/ThirdPersonBP/Maps/ThirdPersonExampleMap.ThirdPersonExampleMap:PersistentLevel.ThirdPersonExampleMap' with GeneratedClass '/Game/ThirdPersonBP/Maps/ThirdPersonExampleMap.ThirdPersonExampleMap_C' with ClassGeneratedBy '/Game/ThirdPersonBP/Maps/ThirdPersonExampleMap.ThirdPersonExampleMap:PersistentLevel.ThirdPersonExampleMap'
[2017.02.01-10.05.52:695][940]LogBlueprintUserMessages: Early EndPlayMap Detection: Level '/Game/ThirdPersonBP/Maps/ThirdPersonExampleMap.ThirdPersonExampleMap:PersistentLevel' has LevelScriptBlueprint '/Game/ThirdPersonBP/Maps/ThirdPersonExampleMap.ThirdPersonExampleMap:PersistentLevel.ThirdPersonExampleMap' with GeneratedClass '/Game/ThirdPersonBP/Maps/ThirdPersonExampleMap.ThirdPersonExampleMap_C' with ClassGeneratedBy '/Game/ThirdPersonBP/Maps/ThirdPersonExampleMap.ThirdPersonExampleMap:PersistentLevel.ThirdPersonExampleMap'
[2017.02.01-10.05.52:770][940]LogBlueprintUserMessages: Late EndPlayMap Detection: Level '/Game/ThirdPersonBP/Maps/ThirdPersonExampleMap.ThirdPersonExampleMap:PersistentLevel' has LevelScriptBlueprint '/Game/ThirdPersonBP/Maps/ThirdPersonExampleMap.ThirdPersonExampleMap:PersistentLevel.ThirdPersonExampleMap' with GeneratedClass '/Game/ThirdPersonBP/Maps/ThirdPersonExampleMap.ThirdPersonExampleMap_C' with ClassGeneratedBy '/Game/ThirdPersonBP/Maps/ThirdPersonExampleMap.ThirdPersonExampleMap:PersistentLevel.ThirdPersonExampleMap'
[2017.02.01-10.05.53:638][958]LogWindowsTextInputMethodSystem:Display: IME system now deactivated.
[2017.02.01-10.05.54:334][959]Cmd: QUIT_EDITOR
[2017.02.01-10.05.56:002][959]LogExit: Preparing to exit.
[2017.02.01-10.05.57:488][959]LogExit: Editor shut down
[2017.02.01-10.05.57:488][959]LogExit: Transaction tracking system shut down
[2017.02.01-10.05.57:593][959]LogObj: Freed 0b from 0 cluster array pools.
[2017.02.01-10.05.57:593][959]LogExit: Object subsystem successfully closed.
[2017.02.01-10.05.57:604][959]LogD3D11RHI: Shutdown
[2017.02.01-10.05.57:604][959]LogD3D11RHI: CleanupD3DDevice
[2017.02.01-10.05.57:656][959]LogD3D11RHI: ~FD3D11DynamicRHI
[2017.02.01-10.05.57:667][959]LogModuleManager: Shutting down and abandoning module MovieSceneCapture (209)
[2017.02.01-10.05.57:667][959]LogModuleManager: Shutting down and abandoning module HierarchicalLODOutliner (208)
[2017.02.01-10.05.57:667][959]LogModuleManager: Shutting down and abandoning module CrashTracker (207)
[2017.02.01-10.05.57:667][959]LogModuleManager: Shutting down and abandoning module SceneOutliner (206)
[2017.02.01-10.05.57:667][959]LogModuleManager: Shutting down and abandoning module WidgetCarousel (205)
[2017.02.01-10.05.57:667][959]LogModuleManager: Shutting down and abandoning module AddContentDialog (204)
[2017.02.01-10.05.57:670][959]LogModuleManager: Shutting down and abandoning module GameplayTags (203)
[2017.02.01-10.05.57:670][959]LogModuleManager: Shutting down and abandoning module EditorWidgets (202)
[2017.02.01-10.05.57:670][959]LogModuleManager: Shutting down and abandoning module CollectionManager (201)
[2017.02.01-10.05.57:671][959]LogModuleManager: Shutting down and abandoning module StatsViewer (200)
[2017.02.01-10.05.57:671][959]LogModuleManager: Shutting down and abandoning module FoliageEdit (199)
[2017.02.01-10.05.57:671][959]LogModuleManager: Shutting down and abandoning module LandscapeEditor (198)
[2017.02.01-10.05.57:671][959]LogModuleManager: Shutting down and abandoning module SceneDepthPickerMode (197)
[2017.02.01-10.05.57:671][959]LogModuleManager: Shutting down and abandoning module ActorPickerMode (196)
[2017.02.01-10.05.57:671][959]LogModuleManager: Shutting down and abandoning module GeometryMode (195)
[2017.02.01-10.05.57:671][959]LogModuleManager: Shutting down and abandoning module TextureAlignMode (194)
[2017.02.01-10.05.57:671][959]LogModuleManager: Shutting down and abandoning module BspMode (193)
[2017.02.01-10.05.57:671][959]LogModuleManager: Shutting down and abandoning module HardwareSurvey (192)
[2017.02.01-10.05.57:671][959]LogModuleManager: Shutting down and abandoning module SequenceRecorderSections (191)
[2017.02.01-10.05.57:671][959]LogModuleManager: Shutting down and abandoning module SequenceRecorder (190)
[2017.02.01-10.05.57:671][959]LogModuleManager: Shutting down and abandoning module AutomationWorker (189)
[2017.02.01-10.05.57:671][959]LogModuleManager: Shutting down and abandoning module MatineeToLevelSequence (188)
[2017.02.01-10.05.57:671][959]LogModuleManager: Shutting down and abandoning module PlacementMode (187)
[2017.02.01-10.05.57:671][959]LogModuleManager: Shutting down and abandoning module LevelSequenceEditor (186)
[2017.02.01-10.05.57:671][959]LogModuleManager: Shutting down and abandoning module CharacterAI (185)
[2017.02.01-10.05.57:671][959]LogModuleManager: Shutting down and abandoning module SmartSnapping (184)
[2017.02.01-10.05.57:672][959]LogModuleManager: Shutting down and abandoning module SessionServices (183)
[2017.02.01-10.05.57:672][959]LogModuleManager: Shutting down and abandoning module ViewportSnapping (182)
[2017.02.01-10.05.57:672][959]LogModuleManager: Shutting down and abandoning module LogVisualizer (181)
[2017.02.01-10.05.57:672][959]LogModuleManager: Shutting down and abandoning module GameProjectGeneration (180)
[2017.02.01-10.05.57:672][959]LogModuleManager: Shutting down and abandoning module IntroTutorials (179)
[2017.02.01-10.05.57:672][959]LogModuleManager: Shutting down and abandoning module EditorLiveStreaming (178)
[2017.02.01-10.05.57:672][959]LogModuleManager: Shutting down and abandoning module IOSPlatformEditor (177)
[2017.02.01-10.05.57:672][959]LogModuleManager: Shutting down and abandoning module HTML5PlatformEditor (176)
[2017.02.01-10.05.57:672][959]LogModuleManager: Shutting down and abandoning module AndroidDeviceDetection (175)
[2017.02.01-10.05.58:118][959]LogModuleManager: Shutting down and abandoning module AndroidPlatformEditor (174)
[2017.02.01-10.05.58:118][959]LogModuleManager: Shutting down and abandoning module IOSRuntimeSettings (173)
[2017.02.01-10.05.58:118][959]LogModuleManager: Shutting down and abandoning module AndroidRuntimeSettings (172)
[2017.02.01-10.05.58:118][959]LogModuleManager: Shutting down and abandoning module MergeActors (171)
[2017.02.01-10.05.58:118][959]LogModuleManager: Shutting down and abandoning module SizeMap (170)
[2017.02.01-10.05.58:118][959]LogModuleManager: Shutting down and abandoning module TreeMap (169)
[2017.02.01-10.05.58:118][959]LogModuleManager: Shutting down and abandoning module ReferenceViewer (168)
[2017.02.01-10.05.58:118][959]LogModuleManager: Shutting down and abandoning module LocalizationService (167)
[2017.02.01-10.05.58:118][959]LogModuleManager: Shutting down and abandoning module LocalizationDashboard (166)
[2017.02.01-10.05.58:118][959]LogModuleManager: Shutting down and abandoning module HardwareTargeting (165)
[2017.02.01-10.05.58:118][959]LogModuleManager: Shutting down and abandoning module DeviceProfileEditor (164)
[2017.02.01-10.05.58:118][959]LogModuleManager: Shutting down and abandoning module UndoHistory (163)
[2017.02.01-10.05.58:118][959]LogModuleManager: Shutting down and abandoning module UserFeedback (162)
[2017.02.01-10.05.58:118][959]LogModuleManager: Shutting down and abandoning module XmlParser (161)
[2017.02.01-10.05.58:119][959]LogModuleManager: Shutting down and abandoning module Blutility (160)
[2017.02.01-10.05.58:119][959]LogModuleManager: Shutting down and abandoning module ProjectTargetPlatformEditor (159)
[2017.02.01-10.05.58:119][959]LogModuleManager: Shutting down and abandoning module ProjectSettingsViewer (158)
[2017.02.01-10.05.58:119][959]LogModuleManager: Shutting down and abandoning module InputBindingEditor (157)
[2017.02.01-10.05.58:119][959]LogModuleManager: Shutting down and abandoning module EditorSettingsViewer (156)
[2017.02.01-10.05.58:120][959]LogModuleManager: Shutting down and abandoning module SettingsEditor (155)
[2017.02.01-10.05.58:120][959]LogModuleManager: Shutting down and abandoning module ProjectLauncher (154)
[2017.02.01-10.05.58:120][959]LogModuleManager: Shutting down and abandoning module SessionFrontend (153)
[2017.02.01-10.05.58:120][959]LogModuleManager: Shutting down and abandoning module ProfilerClient (152)
[2017.02.01-10.05.58:120][959]LogModuleManager: Shutting down and abandoning module TargetDeviceServices (151)
[2017.02.01-10.05.58:120][959]LogModuleManager: Shutting down and abandoning module DeviceManager (150)
[2017.02.01-10.05.58:184][959]LogModuleManager: Shutting down and abandoning module AutomationController (149)
[2017.02.01-10.05.58:184][959]LogModuleManager: Shutting down and abandoning module AutomationWindow (148)
[2017.02.01-10.05.58:184][959]LogModuleManager: Shutting down and abandoning module Layers (147)
[2017.02.01-10.05.58:184][959]LogModuleManager: Shutting down and abandoning module ComponentVisualizers (146)
[2017.02.01-10.05.58:184][959]LogModuleManager: Shutting down and abandoning module DetailCustomizations (145)
[2017.02.01-10.05.58:184][959]LogModuleManager: Shutting down and abandoning module PackagesDialog (144)
[2017.02.01-10.05.58:184][959]LogModuleManager: Shutting down and abandoning module Persona (143)
[2017.02.01-10.05.58:184][959]LogModuleManager: Shutting down and abandoning module Kismet (142)
[2017.02.01-10.05.58:184][959]LogModuleManager: Shutting down and abandoning module GraphEditor (141)
[2017.02.01-10.05.58:185][959]LogModuleManager: Shutting down and abandoning module ClassViewer (140)
[2017.02.01-10.05.58:185][959]LogModuleManager: Shutting down and abandoning module Toolbox (139)
[2017.02.01-10.05.58:185][959]LogModuleManager: Shutting down and abandoning module ModuleUI (138)
[2017.02.01-10.05.58:185][959]LogModuleManager: Shutting down and abandoning module MovieSceneTools (137)
[2017.02.01-10.05.58:185][959]LogModuleManager: Shutting down and abandoning module OutputLog (136)
[2017.02.01-10.05.58:185][959]LogModuleManager: Shutting down and abandoning module GammaUI (135)
[2017.02.01-10.05.58:185][959]LogModuleManager: Shutting down and abandoning module Documentation (134)
[2017.02.01-10.05.58:185][959]LogModuleManager: Shutting down and abandoning module StreamingPauseRendering (133)
[2017.02.01-10.05.58:185][959]LogModuleManager: Shutting down and abandoning module AnalyticsET (132)
[2017.02.01-10.05.58:185][959]LogModuleManager: Shutting down and abandoning module Analytics (131)
[2017.02.01-10.05.58:185][959]LogModuleManager: Shutting down and abandoning module PortalServices (130)
[2017.02.01-10.05.58:185][959]LogModuleManager: Shutting down and abandoning module PortalRpc (129)
[2017.02.01-10.05.58:185][959]LogModuleManager: Shutting down and abandoning module MessagingRpc (128)
[2017.02.01-10.05.58:185][959]LogModuleManager: Shutting down and abandoning module GameplayDebugger (127)
[2017.02.01-10.05.58:185][959]LogModuleManager: Shutting down and abandoning module AITestSuite (126)
[2017.02.01-10.05.58:185][959]LogModuleManager: Shutting down and abandoning module AIModule (125)
[2017.02.01-10.05.58:185][959]LogModuleManager: Shutting down and abandoning module ProfilerService (124)
[2017.02.01-10.05.58:384][959]LogModuleManager: Shutting down and abandoning module TaskGraph (123)
[2017.02.01-10.05.58:384][959]LogModuleManager: Shutting down and abandoning module SlateRemote (122)
[2017.02.01-10.05.58:384][959]LogModuleManager: Shutting down and abandoning module SteamVRController (121)
[2017.02.01-10.05.58:384][959]LogModuleManager: Shutting down and abandoning module SteamVR (120)
[2017.02.01-10.05.58:384][959]LogModuleManager: Shutting down and abandoning module ProceduralMeshComponent (119)
[2017.02.01-10.05.58:384][959]LogModuleManager: Shutting down and abandoning module OculusLibrary (118)
[2017.02.01-10.05.58:384][959]LogModuleManager: Shutting down and abandoning module OculusInput (117)
[2017.02.01-10.05.58:384][959]LogModuleManager: Shutting down and abandoning module CustomMeshComponent (116)
[2017.02.01-10.05.58:384][959]LogModuleManager: Shutting down and abandoning module CableComponent (115)
[2017.02.01-10.05.58:384][959]LogModuleManager: Shutting down and abandoning module ArchVisCharacter (114)
[2017.02.01-10.05.58:384][959]LogModuleManager: Shutting down and abandoning module MediaPlayerEditor (113)
[2017.02.01-10.05.58:384][959]LogModuleManager: Shutting down and abandoning module HTML5Networking (112)
[2017.02.01-10.05.58:384][959]LogModuleManager: Shutting down and abandoning module SuperSearch (111)
[2017.02.01-10.05.58:384][959]LogModuleManager: Shutting down and abandoning module SuperSearchEditor (110)
[2017.02.01-10.05.58:384][959]LogModuleManager: Shutting down and abandoning module SpeedTreeImporter (109)
[2017.02.01-10.05.58:384][959]LogModuleManager: Shutting down and abandoning module PluginBrowser (108)
[2017.02.01-10.05.58:385][959]LogModuleManager: Shutting down and abandoning module EpicSurvey (107)
[2017.02.01-10.05.58:385][959]LogModuleManager: Shutting down and abandoning module DesktopPlatform (106)
[2017.02.01-10.05.58:385][959]LogModuleManager: Shutting down and abandoning module VisualStudioSourceCodeAccess (105)
[2017.02.01-10.05.58:385][959]LogModuleManager: Shutting down and abandoning module UObjectPlugin (104)
[2017.02.01-10.05.58:385][959]LogModuleManager: Shutting down and abandoning module SubversionSourceControl (103)
[2017.02.01-10.05.58:385][959]LogModuleManager: Shutting down and abandoning module PerforceSourceControl (102)
[2017.02.01-10.05.58:385][959]LogModuleManager: Shutting down and abandoning module SourceControl (101)
[2017.02.01-10.05.58:385][959]LogModuleManager: Shutting down and abandoning module GitSourceControl (100)
[2017.02.01-10.05.58:385][959]LogModuleManager: Shutting down and abandoning module LightPropagationVolumeEditor (99)
[2017.02.01-10.05.58:385][959]LogModuleManager: Shutting down and abandoning module PaperTiledImporter (98)
[2017.02.01-10.05.58:385][959]LogModuleManager: Shutting down and abandoning module PaperSpriteSheetImporter (97)
[2017.02.01-10.05.58:385][959]LogModuleManager: Shutting down and abandoning module MeshPaint (96)
[2017.02.01-10.05.58:385][959]LogModuleManager: Shutting down and abandoning module PixelInspectorModule (95)
[2017.02.01-10.05.58:385][959]LogModuleManager: Shutting down and abandoning module HotReload (94)
[2017.02.01-10.05.58:386][959]LogModuleManager: Shutting down and abandoning module MainFrame (93)
[2017.02.01-10.05.58:387][959]LogModuleManager: Shutting down and abandoning module LevelEditor (92)
[2017.02.01-10.05.58:388][959]LogModuleManager: Shutting down and abandoning module ContentBrowser (91)
[2017.02.01-10.05.58:391][959]LogModuleManager: Shutting down and abandoning module Paper2DEditor (90)
[2017.02.01-10.05.58:391][959]LogModuleManager: Shutting down and abandoning module UdpMessaging (89)
[2017.02.01-10.05.58:492][959]LogModuleManager: Shutting down and abandoning module LightPropagationVolumeRuntime (88)
[2017.02.01-10.05.58:492][959]LogModuleManager: Shutting down and abandoning module Paper2D (87)
[2017.02.01-10.05.58:492][959]LogModuleManager: Shutting down and abandoning module WindowsMoviePlayer (86)
[2017.02.01-10.05.58:492][959]LogModuleManager: Shutting down and abandoning module Media (85)
[2017.02.01-10.05.58:492][959]LogModuleManager: Shutting down and abandoning module WmfMedia (84)
[2017.02.01-10.05.58:492][959]LogModuleManager: Shutting down and abandoning module MediaAssets (83)
[2017.02.01-10.05.58:492][959]LogModuleManager: Shutting down and abandoning module GameLiveStreaming (82)
[2017.02.01-10.05.58:493][959]LogModuleManager: Shutting down and abandoning module GameplayTagsEditor (81)
[2017.02.01-10.05.58:493][959]LogModuleManager: Shutting down and abandoning module OnlineBlueprintSupport (80)
[2017.02.01-10.05.58:493][959]LogModuleManager: Shutting down and abandoning module VREditor (79)
[2017.02.01-10.05.58:493][959]LogModuleManager: Shutting down and abandoning module GameplayTasksEditor (78)
[2017.02.01-10.05.58:493][959]LogModuleManager: Shutting down and abandoning module PropertyEditor (77)
[2017.02.01-10.05.58:493][959]LogModuleManager: Shutting down and abandoning module BehaviorTreeEditor (76)
[2017.02.01-10.05.58:493][959]LogModuleManager: Shutting down and abandoning module FunctionalTesting (75)
[2017.02.01-10.05.58:493][959]LogModuleManager: Shutting down and abandoning module CollisionAnalyzer (74)
[2017.02.01-10.05.58:493][959]LogModuleManager: Shutting down and abandoning module Sequencer (73)
[2017.02.01-10.05.58:493][959]LogModuleManager: Shutting down and abandoning module WorkspaceMenuStructure (72)
[2017.02.01-10.05.58:493][959]LogModuleManager: Shutting down and abandoning module MessageLog (71)
[2017.02.01-10.05.58:493][959]LogModuleManager: Shutting down and abandoning module AssetTools (70)
[2017.02.01-10.05.58:493][959]LogModuleManager: Shutting down and abandoning module UMGEditor (69)
[2017.02.01-10.05.58:494][959]LogModuleManager: Shutting down and abandoning module UMG (68)
[2017.02.01-10.05.58:494][959]LogModuleManager: Shutting down and abandoning module SlateReflector (67)
[2017.02.01-10.05.58:494][959]LogModuleManager: Shutting down and abandoning module Slate (66)
[2017.02.01-10.05.58:494][959]LogModuleManager: Shutting down and abandoning module EditorStyle (65)
[2017.02.01-10.05.58:502][959]LogModuleManager: Shutting down and abandoning module SourceCodeAccess (64)
[2017.02.01-10.05.58:502][959]LogModuleManager: Shutting down and abandoning module HeadMountedDisplay (63)
[2017.02.01-10.05.58:502][959]LogModuleManager: Shutting down and abandoning module XAudio2 (62)
[2017.02.01-10.05.58:503][959]LogModuleManager: Shutting down and abandoning module Networking (60)
[2017.02.01-10.05.58:503][959]LogModuleManager: Shutting down and abandoning module Core (59)
[2017.02.01-10.05.58:503][959]LogModuleManager: Shutting down and abandoning module DirectoryWatcher (58)
[2017.02.01-10.05.58:504][959]LogModuleManager: Shutting down and abandoning module AssetRegistry (57)
[2017.02.01-10.06.09:866][959]LogModuleManager: Shutting down and abandoning module KismetCompiler (56)
[2017.02.01-10.06.09:866][959]LogModuleManager: Shutting down and abandoning module PhysXFormats (55)
[2017.02.01-10.06.09:866][959]LogModuleManager: Shutting down and abandoning module MeshUtilities (54)
[2017.02.01-10.06.09:866][959]LogModuleManager: Shutting down and abandoning module DerivedDataCache (53)
[2017.02.01-10.06.09:884][959]LogDerivedDataCache: Shutdown
[2017.02.01-10.06.09:884][959]LogModuleManager: Shutting down and abandoning module MetalShaderFormat (52)
[2017.02.01-10.06.09:884][959]LogModuleManager: Shutting down and abandoning module VulkanShaderFormat (51)
[2017.02.01-10.06.09:884][959]LogModuleManager: Shutting down and abandoning module ShaderFormatD3D (50)
[2017.02.01-10.06.09:884][959]LogModuleManager: Shutting down and abandoning module ShaderFormatOpenGL (49)
[2017.02.01-10.06.09:884][959]LogModuleManager: Shutting down and abandoning module TextureFormatUncompressed (48)
[2017.02.01-10.06.09:884][959]LogModuleManager: Shutting down and abandoning module ImageWrapper (47)
[2017.02.01-10.06.09:884][959]LogModuleManager: Shutting down and abandoning module TextureFormatASTC (46)
[2017.02.01-10.06.09:884][959]LogModuleManager: Shutting down and abandoning module TextureFormatPVR (45)
[2017.02.01-10.06.09:884][959]LogModuleManager: Shutting down and abandoning module TextureFormatDXT (44)
[2017.02.01-10.06.09:884][959]LogModuleManager: Shutting down and abandoning module TextureFormatIntelISPCTexComp (43)
[2017.02.01-10.06.09:884][959]LogModuleManager: Shutting down and abandoning module AudioFormatOpus (42)
[2017.02.01-10.06.09:884][959]LogModuleManager: Shutting down and abandoning module AudioFormatOgg (41)
[2017.02.01-10.06.09:884][959]LogModuleManager: Shutting down and abandoning module AudioFormatADPCM (40)
[2017.02.01-10.06.09:884][959]LogModuleManager: Shutting down and abandoning module TVOSTargetPlatform (39)
[2017.02.01-10.06.09:884][959]LogModuleManager: Shutting down and abandoning module Messaging (38)
[2017.02.01-10.06.09:884][959]LogModuleManager: Shutting down and abandoning module IOSTargetPlatform (37)
[2017.02.01-10.06.09:884][959]LogModuleManager: Shutting down and abandoning module HTML5TargetPlatform (36)
[2017.02.01-10.06.09:884][959]LogModuleManager: Shutting down and abandoning module Android_MultiTargetPlatform (35)
[2017.02.01-10.06.09:884][959]LogModuleManager: Shutting down and abandoning module Android_ASTCTargetPlatform (34)
[2017.02.01-10.06.09:884][959]LogModuleManager: Shutting down and abandoning module Android_ETC2TargetPlatform (33)
[2017.02.01-10.06.09:884][959]LogModuleManager: Shutting down and abandoning module Android_ETC1TargetPlatform (32)
[2017.02.01-10.06.09:884][959]LogModuleManager: Shutting down and abandoning module Android_DXTTargetPlatform (31)
[2017.02.01-10.06.09:884][959]LogModuleManager: Shutting down and abandoning module Android_ATCTargetPlatform (30)
[2017.02.01-10.06.09:884][959]LogModuleManager: Shutting down and abandoning module Android_PVRTCTargetPlatform (29)
[2017.02.01-10.06.09:884][959]LogModuleManager: Shutting down and abandoning module AndroidTargetPlatform (28)
[2017.02.01-10.06.09:884][959]LogModuleManager: Shutting down and abandoning module AllDesktopTargetPlatform (27)
[2017.02.01-10.06.09:884][959]LogModuleManager: Shutting down and abandoning module WindowsClientTargetPlatform (26)
[2017.02.01-10.06.09:884][959]LogModuleManager: Shutting down and abandoning module WindowsServerTargetPlatform (25)
[2017.02.01-10.06.09:884][959]LogModuleManager: Shutting down and abandoning module WindowsNoEditorTargetPlatform (24)
[2017.02.01-10.06.09:884][959]LogModuleManager: Shutting down and abandoning module WindowsTargetPlatform (23)
[2017.02.01-10.06.09:884][959]LogModuleManager: Shutting down and abandoning module TargetPlatform (22)
[2017.02.01-10.06.09:884][959]LogModuleManager: Shutting down and abandoning module InputCore (21)
[2017.02.01-10.06.09:884][959]LogModuleManager: Shutting down and abandoning module Settings (20)
[2017.02.01-10.06.09:884][959]LogModuleManager: Shutting down and abandoning module OnlineSubsystem (18)
[2017.02.01-10.06.09:884][959]LogModuleManager: Shutting down and abandoning module HTTP (17)
[2017.02.01-10.06.13:897][959]LogModuleManager: Shutting down and abandoning module OculusRift (16)
[2017.02.01-10.06.13:897][959]LogModuleManager: Shutting down and abandoning module ExampleDeviceProfileSelector (15)
[2017.02.01-10.06.13:897][959]LogModuleManager: Shutting down and abandoning module TextureCompressor (14)
[2017.02.01-10.06.13:897][959]LogModuleManager: Shutting down and abandoning module ShaderCore (13)
[2017.02.01-10.06.13:897][959]LogModuleManager: Shutting down and abandoning module Landscape (12)
[2017.02.01-10.06.13:897][959]LogModuleManager: Shutting down and abandoning module SlateRHIRenderer (11)
[2017.02.01-10.06.13:898][959]LogModuleManager: Shutting down and abandoning module OpenGLDrv (10)
[2017.02.01-10.06.13:898][959]LogModuleManager: Shutting down and abandoning module D3D11RHI (9)
[2017.02.01-10.06.13:898][959]LogModuleManager: Shutting down and abandoning module AnimGraphRuntime (8)
[2017.02.01-10.06.13:898][959]LogModuleManager: Shutting down and abandoning module Renderer (7)
[2017.02.01-10.06.13:898][959]LogModuleManager: Shutting down and abandoning module Engine (6)
[2017.02.01-10.06.13:898][959]LogModuleManager: Shutting down and abandoning module CoreUObject (5)
[2017.02.01-10.06.13:898][959]LogModuleManager: Shutting down and abandoning module NetworkFile (4)
[2017.02.01-10.06.13:898][959]LogModuleManager: Shutting down and abandoning module StreamingFile (3)
[2017.02.01-10.06.13:898][959]LogModuleManager: Shutting down and abandoning module SandboxFile (2)
[2017.02.01-10.06.13:898][959]LogModuleManager: Shutting down and abandoning module PakFile (1)
[2017.02.01-10.06.13:901][959]LogExit: Exiting.
[2017.02.01-10.06.13:902][959]Log file closed, 02/01/17 10:06:13
