Log file open, 02/01/17 10:06:22
LogInit:Display: Running engine for game: ToolBoxGame
LogPlatformFile: Not using cached read wrapper
LogInit:Display: RandInit(-482785261) SRandInit(-482785259).
LogInit: Using version manifest at CL 0 with build ID '02bfa864-9300-4183-9878-ec235d143870'
LogTaskGraph: Started task graph with 4 named threads and 5 total threads with 1 sets of task threads.
LogStats: Stats thread started at 0.052169
LogInit: Version: 4.12.5-0+UE4
LogInit: API Version: 0
LogInit: Net Version: 0
LogDevObjectVersion: Number of dev versions registered: 13
LogDevObjectVersion:   Dev-Blueprints (B0D832E4-1F89-4F0D-ACCF-7EB736FD4AA2): 3
LogDevObjectVersion:   Dev-Build (E1C64328-A22C-4D53-A36C-8E866417BD8C): 0
LogDevObjectVersion:   Dev-Core (375EC13C-06E4-48FB-B500-84F0262A717E): 1
LogDevObjectVersion:   Dev-Editor (E4B068ED-F494-42E9-A231-DA0B2E46BB41): 2
LogDevObjectVersion:   Dev-Framework (CFFC743F-43B0-4480-9391-14DF171D2073): 6
LogDevObjectVersion:   Dev-Mobile (B02B49B5-BB20-44E9-A304-32B752E40360): 0
LogDevObjectVersion:   Dev-Networking (A4E4105C-59A1-49B5-A7C5-40C4547EDFEE): 0
LogDevObjectVersion:   Dev-Online (39C831C9-5AE6-47DC-9A44-9C173E1C8E7C): 0
LogDevObjectVersion:   Dev-Physics (78F01B33-EBEA-4F98-B9B4-84EACCB95AA2): 0
LogDevObjectVersion:   Dev-Platform (6631380F-2D4D-43E0-8009-CF276956A95A): 0
LogDevObjectVersion:   Dev-Rendering (12F88B9F-8875-4AFC-A67C-D90C383ABD29): 2
LogDevObjectVersion:   Dev-Sequencer (7B5AE74C-D270-4C10-A958-57980B212A5A): 0
LogDevObjectVersion:   Dev-VR (D7296918-1DD6-4BDD-9DE2-64A83CC13884): 0
LogInit: Compiled (64-bit): Aug 25 2016 13:31:26
LogInit: Compiled with Visual C++: 19.00.24213.01
LogInit: Build Configuration: Development
LogInit: Branch Name: UE4
LogInit: Command line:  
LogInit: Base directory: C:/Unreal Engine 4.12/Engine/Binaries/Win64/
LogInit: Installed Engine Build: 0
LogInit: Using libcurl 7.41.0
LogInit:  - built for x86_64-pc-win32
LogInit:  - supports SSL with WinSSL
LogInit:  - other features:
LogInit:      CURL_VERSION_SSL
LogInit:      CURL_VERSION_IPV6
LogInit:      CURL_VERSION_ASYNCHDNS
LogInit:      CURL_VERSION_LARGEFILE
LogInit:      CURL_VERSION_IDN
LogInit:  CurlRequestOptions (configurable via config and command line):
LogInit:  - bVerifyPeer = true  - Libcurl will verify peer certificate
LogInit:  - bUseHttpProxy = false  - Libcurl will NOT use HTTP proxy
LogInit:  - bDontReuseConnections = false  - Libcurl will reuse connections
LogInit:  - CertBundlePath = nullptr  - Libcurl will use whatever was configured at build time.
LogInit: Presizing for max 8388607 objects, including 0 objects not considered by GC, pre-allocating 0 bytes for permanent pool.
LogInit: Object subsystem initialized
[2017.02.01-10.06.22:642][  0]LogInit: Selected Device Profile: [Windows]
[2017.02.01-10.06.22:642][  0]LogInit: Applying CVar settings loaded from the selected device profile: [Windows]
[2017.02.01-10.06.22:728][  0]LogInit: Computer: PENGAME-58985
[2017.02.01-10.06.22:728][  0]LogInit: User: CP192723
[2017.02.01-10.06.22:728][  0]LogInit: CPU Page size=65536, Cores=2
[2017.02.01-10.06.22:728][  0]LogInit: High frequency timer resolution =3.507516 MHz
[2017.02.01-10.06.22:729][  0]LogMemory: Memory total: Physical=7.9GB (8GB approx)
[2017.02.01-10.06.22:729][  0]LogMemory: Platform Memory Stats for Windows
[2017.02.01-10.06.22:729][  0]LogMemory: Process Physical Memory: 189.88 MB used, 189.88 MB peak
[2017.02.01-10.06.22:729][  0]LogMemory: Process Virtual Memory: 194.69 MB used, 194.69 MB peak
[2017.02.01-10.06.22:729][  0]LogMemory: Physical Memory: 2725.27 MB used, 8134.15 MB total
[2017.02.01-10.06.22:729][  0]LogMemory: Virtual Memory: 542.52 MB used, 134217728.00 MB total
[2017.02.01-10.06.22:779][  0]LogTextLocalizationManager: No specific translations for ('en-GB') exist, so ('en') translations will be used.
[2017.02.01-10.06.23:146][  0]LogD3D11RHI: D3D11 adapters:
[2017.02.01-10.06.23:159][  0]LogD3D11RHI:    0. 'AMD Radeon(TM) R5 240' (Feature Level 11_0)
[2017.02.01-10.06.23:159][  0]LogD3D11RHI:       1006/0/4067 MB DedicatedVideo/DedicatedSystem/SharedSystem, Outputs:1, VendorId:0x1002
[2017.02.01-10.06.23:163][  0]LogD3D11RHI:    1. 'Microsoft Basic Render Driver' (Feature Level 11_0)
[2017.02.01-10.06.23:163][  0]LogD3D11RHI:       0/0/4067 MB DedicatedVideo/DedicatedSystem/SharedSystem, Outputs:0, VendorId:0x1414
[2017.02.01-10.06.23:163][  0]LogD3D11RHI: Chosen D3D11 Adapter: 0
[2017.02.01-10.06.23:169][  0]LogD3D11RHI: Creating new Direct3DDevice
[2017.02.01-10.06.23:169][  0]LogD3D11RHI:     GPU DeviceId: 0x6611 (for the marketing name, search the web for "GPU Device Id")
[2017.02.01-10.06.23:169][  0]LogWindows: EnumDisplayDevices:
[2017.02.01-10.06.23:169][  0]LogWindows:    0. 'AMD Radeon(TM) R5 240' (P:1 D:1)
[2017.02.01-10.06.23:169][  0]LogWindows:    1. 'AMD Radeon(TM) R5 240' (P:0 D:0)
[2017.02.01-10.06.23:169][  0]LogWindows: DebugString: FoundDriverCount:2 
[2017.02.01-10.06.23:169][  0]LogD3D11RHI:     Adapter Name: AMD Radeon(TM) R5 240
[2017.02.01-10.06.23:169][  0]LogD3D11RHI:   Driver Version: Crimson 15.11 (internal:15.300.1025.1001, unified:15.300.1025.1001)
[2017.02.01-10.06.23:169][  0]LogD3D11RHI:      Driver Date: 11-29-2015
[2017.02.01-10.06.23:169][  0]LogRHI: Texture pool is 704 MB (70% of 1006 MB)
[2017.02.01-10.06.23:177][  0]LogD3D11RHI: Async texture creation disabled: no driver support
[2017.02.01-10.06.23:187][  0]LogD3D11RHI: GPU Timing Frequency: 27.000000 (Debug: 2 1)
[2017.02.01-10.06.23:187][  0]LogShaderCompilers: Guid format shader working directory is 19 characters bigger than the processId version (G:/Unreal Project/ToolBoxGame1/Intermediate/Shaders/WorkingDirectory/3564/).
[2017.02.01-10.06.23:187][  0]LogShaderCompilers: Cleaned the shader compiler working directory 'C:/Users/CP192723/AppData/Local/Temp/UnrealShaderWorkingDir/41BDE5E547021E32D2A2BBB38587AFB1/'.
[2017.02.01-10.06.23:187][  0]LogShaderCompilers:Display: Using Local Shader Compiler.
[2017.02.01-10.06.23:924][  0]LogTemp:Display: Loaded TP WindowsTargetPlatform
[2017.02.01-10.06.23:935][  0]LogTemp:Display: Loaded TP WindowsNoEditorTargetPlatform
[2017.02.01-10.06.23:944][  0]LogTemp:Display: Loaded TP WindowsServerTargetPlatform
[2017.02.01-10.06.23:954][  0]LogTemp:Display: Loaded TP WindowsClientTargetPlatform
[2017.02.01-10.06.23:964][  0]LogTemp:Display: Loaded TP AllDesktopTargetPlatform
[2017.02.01-10.06.23:974][  0]LogTemp:Display: Loaded TP AndroidTargetPlatform
[2017.02.01-10.06.23:984][  0]LogTemp:Display: Loaded TP Android_PVRTCTargetPlatform
[2017.02.01-10.06.23:993][  0]LogTemp:Display: Loaded TP Android_ATCTargetPlatform
[2017.02.01-10.06.24:002][  0]LogTemp:Display: Loaded TP Android_DXTTargetPlatform
[2017.02.01-10.06.24:011][  0]LogTemp:Display: Loaded TP Android_ETC1TargetPlatform
[2017.02.01-10.06.24:019][  0]LogTemp:Display: Loaded TP Android_ETC2TargetPlatform
[2017.02.01-10.06.24:027][  0]LogTemp:Display: Loaded TP Android_ASTCTargetPlatform
[2017.02.01-10.06.24:035][  0]LogTemp:Display: Loaded TP Android_MultiTargetPlatform
[2017.02.01-10.06.24:036][  0]LogTemp:Display: Loaded TP HTML5TargetPlatform
[2017.02.01-10.06.24:057][  0]LogTemp:Display: Loaded TP IOSTargetPlatform
[2017.02.01-10.06.24:065][  0]LogTemp:Display: Loaded TP TVOSTargetPlatform
[2017.02.01-10.06.24:065][  0]LogTargetPlatformManager:Display: Building Assets For Windows
[2017.02.01-10.06.24:123][  0]LogDerivedDataCache:Display: Max Cache Size: 512 MB
[2017.02.01-10.06.24:171][  0]LogDerivedDataCache: Loaded boot cache 0.05s 48MB G:/Unreal Project/ToolBoxGame1/DerivedDataCache/Boot.ddc.
[2017.02.01-10.06.24:172][  0]LogDerivedDataCache:Display: Loaded Boot cache: G:/Unreal Project/ToolBoxGame1/DerivedDataCache/Boot.ddc
[2017.02.01-10.06.24:172][  0]LogDerivedDataCache: FDerivedDataBackendGraph:  Pak pak cache file G:/Unreal Project/ToolBoxGame1/DerivedDataCache/DDC.ddp not found, will not use a pak cache.
[2017.02.01-10.06.24:172][  0]LogDerivedDataCache: Unable to find inner node Pak for hierarchical cache Hierarchy.
[2017.02.01-10.06.24:172][  0]LogDerivedDataCache: FDerivedDataBackendGraph:  EnginePak pak cache file ../../../Engine/DerivedDataCache/DDC.ddp not found, will not use a pak cache.
[2017.02.01-10.06.24:172][  0]LogDerivedDataCache: Unable to find inner node EnginePak for hierarchical cache Hierarchy.
[2017.02.01-10.06.24:184][  0]LogDerivedDataCache: Using Local data cache path ../../../Engine/DerivedDataCache: Writable
[2017.02.01-10.06.24:184][  0]LogDerivedDataCache: Shared data cache path not found in *engine.ini, will not use an Shared cache.
[2017.02.01-10.06.24:184][  0]LogDerivedDataCache: Unable to find inner node Shared for hierarchical cache Hierarchy.
[2017.02.01-10.06.24:767][  0]LogInit: Selected Device Profile: [Windows]
[2017.02.01-10.06.24:768][  0]LogContentStreaming: Texture pool size is 0.00 MB
[2017.02.01-10.06.27:150][  0]LogMeshUtilities: No automatic mesh reduction module available
[2017.02.01-10.06.27:150][  0]LogMeshUtilities: No automatic mesh merging module available
[2017.02.01-10.06.27:150][  0]LogMeshUtilities: No distributed automatic mesh merging module available
[2017.02.01-10.06.27:389][  0]LogAssetRegistry: FAssetRegistry took 0.0224 seconds to start up
[2017.02.01-10.06.33:939][  0]LogPackageLocalizationCache: Processed 3 localized package path(s) for 2 prioritized culture(s) in 6.547134 seconds
[2017.02.01-10.06.33:954][  0]LogUObjectArray: 28732 objects as part of root set at end of initial load.
[2017.02.01-10.06.33:954][  0]LogUObjectAllocator: 5854096 out of 0 bytes used by permanent object pool.
[2017.02.01-10.06.33:954][  0]LogUObjectArray: CloseDisregardForGC: 0/0 objects in disregard for GC pool
[2017.02.01-10.06.33:964][  0]LogInit: WinSock: version 1.1 (2.2), MaxSocks=32767, MaxUdp=65467
[2017.02.01-10.06.34:135][  0]LogSlate: SlateFontCache - WITH_FREETYPE: 1, WITH_HARFBUZZ: 1
[2017.02.01-10.06.34:135][  0]LogSlate: SlateFontCache - WITH_FREETYPE: 1, WITH_HARFBUZZ: 1
[2017.02.01-10.06.34:890][  0]LogUdpMessaging: Initializing bridge on interface 0.0.0.0:0 to multicast group 230.0.0.1:6666.
[2017.02.01-10.06.40:301][  0]SourceControl: Info Source control is disabled
[2017.02.01-10.06.40:377][  0]SourceControl: Info Source control is disabled
[2017.02.01-10.06.40:410][  0]SourceControl: Info Source control is disabled
[2017.02.01-10.06.40:458][  0]SourceControl: Info Source control is disabled
[2017.02.01-10.06.43:122][  0]LogEngine: Initializing Engine...
[2017.02.01-10.06.43:123][  0]LogHMD: SteamVR failed to initialize.  Err: 110
[2017.02.01-10.06.43:123][  0]LogHMD: SteamVR failed to initialize.  Err: 110
[2017.02.01-10.06.43:247][  0]LogAIModule: Creating AISystem for world NewWorld
[2017.02.01-10.06.43:251][  0]LogInit: XAudio2 using 'Speakers / Headphones (Realtek High Definition Audio)' : 2 channels at 48 kHz using 32 bits per sample (channel mask 0x3)
[2017.02.01-10.06.43:388][  0]LogInit: FAudioDevice initialized.
[2017.02.01-10.06.43:567][  0]LogDerivedDataCache: Saved boot cache 0.18s 48MB G:/Unreal Project/ToolBoxGame1/DerivedDataCache/Boot.ddc.
[2017.02.01-10.06.48:678][  0]LogInit: Texture streaming: Enabled
[2017.02.01-10.06.48:709][  0]LogInit: Transaction tracking system initialized
[2017.02.01-10.06.48:731][  0]BlueprintLog: New page: Editor Load
[2017.02.01-10.06.49:445][  0]LocalizationService: Info Localization service is disabled
[2017.02.01-10.06.49:509][  0]LogConsoleResponse:Display: 
[2017.02.01-10.06.49:605][  0]LogCook:Display: Max memory allowance for cook 8192mb
[2017.02.01-10.06.49:605][  0]LogCook:Display: Mobile HDR setting 1
[2017.02.01-10.06.49:709][  0]LogFileCache: Scanning file cache for directory 'G:/Unreal Project/ToolBoxGame1/Content/' took 0.03s
[2017.02.01-10.06.49:709][  0]SourceControl: Info Source control is disabled
[2017.02.01-10.06.49:709][  0]Cmd: MAP LOAD FILE="G:/Unreal Project/ToolBoxGame1/Content/ThirdPersonBP/Maps/ThirdPersonExampleMap.umap" TEMPLATE=0 SHOWPROGRESS=1 FEATURELEVEL=3
[2017.02.01-10.06.49:710][  0]LightingResults: New page: Lighting Build
[2017.02.01-10.06.49:712][  0]MapCheck: New page: Map Check
[2017.02.01-10.06.49:712][  0]LightingResults: New page: Lighting Build
[2017.02.01-10.06.50:360][  0]LogAIModule: Creating AISystem for world ThirdPersonExampleMap
[2017.02.01-10.06.50:370][  0]LogEditorServer: Finished looking for orphan Actors (0.000 secs)
[2017.02.01-10.06.50:371][  0]Cmd: MAP CHECKDEP NOCLEARLOG
[2017.02.01-10.06.50:458][  0]MapCheck: Info Map check complete: 0 Error(s), 0 Warning(s), took 87.036ms to complete.
[2017.02.01-10.06.50:458][  0]LogFileHelpers: Loading map 'ThirdPersonExampleMap' took 0.749
[2017.02.01-10.06.50:585][  0]LogCollectionManager: Loaded 0 collections in 0.002177 seconds
[2017.02.01-10.06.50:628][  0]LogFileCache: Scanning file cache for directory 'G:/Unreal Project/ToolBoxGame1/Saved/Collections/' took 0.01s
[2017.02.01-10.06.50:628][  0]LogFileCache: Scanning file cache for directory 'G:/Unreal Project/ToolBoxGame1/Content/Developers/CP192723/Collections/' took 0.01s
[2017.02.01-10.06.50:628][  0]LogFileCache: Scanning file cache for directory 'G:/Unreal Project/ToolBoxGame1/Content/Collections/' took 0.01s
[2017.02.01-10.06.50:628][  0]LogCollectionManager: Rebuilt the GUID cache for 0 collections in 0.000003 seconds
[2017.02.01-10.06.50:637][  0]LogContentBrowser: Native class hierarchy populated in 0.0081 seconds. Added 2046 classes and 367 folders.
[2017.02.01-10.06.50:639][  0]LogStats: UGameplayTagsManager::ConstructGameplayTagTree: Construct from data asset -  0.000 s
[2017.02.01-10.06.50:639][  0]LogStats: UGameplayTagsManager::ConstructGameplayTagTree: GameplayTagTreeChangedEvent.Broadcast -  0.000 s
[2017.02.01-10.06.50:641][  0]LogContentBrowser: Native class hierarchy updated for 'GameplayTags' in 0.0018 seconds. Added 12 classes and 0 folders.
[2017.02.01-10.06.50:647][  0]LogContentBrowser: Native class hierarchy updated for 'WidgetCarousel' in 0.0017 seconds. Added 0 classes and 0 folders.
[2017.02.01-10.06.50:700][  0]LogContentBrowser: Native class hierarchy updated for 'AddContentDialog' in 0.0018 seconds. Added 0 classes and 0 folders.
[2017.02.01-10.06.50:705][  0]LogContentBrowser: Native class hierarchy updated for 'SceneOutliner' in 0.0019 seconds. Added 1 classes and 2 folders.
[2017.02.01-10.06.50:718][  0]LogCrashTracker: Crashtracker disabled due to settings.
[2017.02.01-10.06.50:723][  0]LogUObjectGlobals:Warning: Failed to find object 'Class None.'
[2017.02.01-10.06.50:748][  0]LogContentBrowser: Native class hierarchy updated for 'HierarchicalLODOutliner' in 0.0017 seconds. Added 1 classes and 2 folders.
[2017.02.01-10.06.50:749][  0]LogLoad: Full Startup: 30.74 seconds (BP compile: 0.18 seconds)
[2017.02.01-10.06.50:749][  0]LogExternalProfiler: No external profilers were discovered.  External profiling features will not be available.
[2017.02.01-10.06.50:758][  0]LogOcInput: OculusInput pre-init called
[2017.02.01-10.06.50:775][  0]LogContentStreaming: Texture pool size now 700 MB
[2017.02.01-10.06.50:906][  0]LogRenderer: Reallocating scene render targets to support 1220x628 (Frame:2).
[2017.02.01-10.06.51:241][  1]LogAssetRegistry: Asset discovery search completed in 23.8728 seconds
[2017.02.01-10.06.51:241][  1]LogCollectionManager: Rebuilt the object cache for 0 collections in 0.000001 seconds (found 0 objects)
[2017.02.01-10.06.51:241][  1]LogCollectionManager: Fixed up redirectors for 0 collections in 0.000034 seconds (updated 0 objects)
[2017.02.01-10.08.48:196][244]LogBlueprintUserMessages: Early PlayInEditor Detection: Level '/Game/ThirdPersonBP/Maps/ThirdPersonExampleMap.ThirdPersonExampleMap:PersistentLevel' has LevelScriptBlueprint '/Game/ThirdPersonBP/Maps/ThirdPersonExampleMap.ThirdPersonExampleMap:PersistentLevel.ThirdPersonExampleMap' with GeneratedClass '/Game/ThirdPersonBP/Maps/ThirdPersonExampleMap.ThirdPersonExampleMap_C' with ClassGeneratedBy '/Game/ThirdPersonBP/Maps/ThirdPersonExampleMap.ThirdPersonExampleMap:PersistentLevel.ThirdPersonExampleMap'
[2017.02.01-10.08.48:197][244]LogPlayLevel: PlayLevel: No blueprints needed recompiling
[2017.02.01-10.08.48:198][244]PIE: New page: PIE session: ThirdPersonExampleMap (1 Feb 2017 10:08:48)
[2017.02.01-10.08.48:198][244]LogPlayLevel: Creating play world package: /Game/ThirdPersonBP/Maps/UEDPIE_0_ThirdPersonExampleMap
[2017.02.01-10.08.48:224][244]LogPlayLevel: PIE: StaticDuplicateObject took: (0.025789s)
[2017.02.01-10.08.48:225][244]LogAIModule: Creating AISystem for world ThirdPersonExampleMap
[2017.02.01-10.08.48:225][244]LogPlayLevel: PIE: World Init took: (0.001316s)
[2017.02.01-10.08.48:225][244]LogPlayLevel: PIE: Created PIE world by copying editor world from /Game/ThirdPersonBP/Maps/ThirdPersonExampleMap.ThirdPersonExampleMap to /Game/ThirdPersonBP/Maps/UEDPIE_0_ThirdPersonExampleMap.ThirdPersonExampleMap (0.027640s)
[2017.02.01-10.08.48:257][244]LogInit: XAudio2 using 'Speakers / Headphones (Realtek High Definition Audio)' : 2 channels at 48 kHz using 32 bits per sample (channel mask 0x3)
[2017.02.01-10.08.48:267][244]LogInit: FAudioDevice initialized.
[2017.02.01-10.08.48:326][244]LogWorld: Game class is 'ThirdPersonGameMode_C'
[2017.02.01-10.08.48:363][244]LogWorld: Bringing World /Game/ThirdPersonBP/Maps/UEDPIE_0_ThirdPersonExampleMap.ThirdPersonExampleMap up for play (max tick rate 0) at 2017.02.01-10.08.48
[2017.02.01-10.08.48:365][244]LogWorld: Bringing up level for play took: 0.037892
[2017.02.01-10.08.48:372][244]LogContentBrowser: Native class hierarchy updated for 'MovieSceneCapture' in 0.0014 seconds. Added 11 classes and 0 folders.
[2017.02.01-10.08.48:372][244]PIE: Info Play in editor start time for /Game/ThirdPersonBP/Maps/UEDPIE_0_ThirdPersonExampleMap -0.812
[2017.02.01-10.08.48:373][244]LogBlueprintUserMessages: Late PlayInEditor Detection: Level '/Game/ThirdPersonBP/Maps/ThirdPersonExampleMap.ThirdPersonExampleMap:PersistentLevel' has LevelScriptBlueprint '/Game/ThirdPersonBP/Maps/ThirdPersonExampleMap.ThirdPersonExampleMap:PersistentLevel.ThirdPersonExampleMap' with GeneratedClass '/Game/ThirdPersonBP/Maps/ThirdPersonExampleMap.ThirdPersonExampleMap_C' with ClassGeneratedBy '/Game/ThirdPersonBP/Maps/ThirdPersonExampleMap.ThirdPersonExampleMap:PersistentLevel.ThirdPersonExampleMap'
[2017.02.01-10.08.50:669][327]LogBlueprintUserMessages: Early EndPlayMap Detection: Level '/Game/ThirdPersonBP/Maps/ThirdPersonExampleMap.ThirdPersonExampleMap:PersistentLevel' has LevelScriptBlueprint '/Game/ThirdPersonBP/Maps/ThirdPersonExampleMap.ThirdPersonExampleMap:PersistentLevel.ThirdPersonExampleMap' with GeneratedClass '/Game/ThirdPersonBP/Maps/ThirdPersonExampleMap.ThirdPersonExampleMap_C' with ClassGeneratedBy '/Game/ThirdPersonBP/Maps/ThirdPersonExampleMap.ThirdPersonExampleMap:PersistentLevel.ThirdPersonExampleMap'
[2017.02.01-10.08.50:721][327]LogBlueprintUserMessages: Late EndPlayMap Detection: Level '/Game/ThirdPersonBP/Maps/ThirdPersonExampleMap.ThirdPersonExampleMap:PersistentLevel' has LevelScriptBlueprint '/Game/ThirdPersonBP/Maps/ThirdPersonExampleMap.ThirdPersonExampleMap:PersistentLevel.ThirdPersonExampleMap' with GeneratedClass '/Game/ThirdPersonBP/Maps/ThirdPersonExampleMap.ThirdPersonExampleMap_C' with ClassGeneratedBy '/Game/ThirdPersonBP/Maps/ThirdPersonExampleMap.ThirdPersonExampleMap:PersistentLevel.ThirdPersonExampleMap'
[2017.02.01-10.44.49:783][631]LogBlueprintUserMessages: Early PlayInEditor Detection: Level '/Game/ThirdPersonBP/Maps/ThirdPersonExampleMap.ThirdPersonExampleMap:PersistentLevel' has LevelScriptBlueprint '/Game/ThirdPersonBP/Maps/ThirdPersonExampleMap.ThirdPersonExampleMap:PersistentLevel.ThirdPersonExampleMap' with GeneratedClass '/Game/ThirdPersonBP/Maps/ThirdPersonExampleMap.ThirdPersonExampleMap_C' with ClassGeneratedBy '/Game/ThirdPersonBP/Maps/ThirdPersonExampleMap.ThirdPersonExampleMap:PersistentLevel.ThirdPersonExampleMap'
[2017.02.01-10.44.49:783][631]LogPlayLevel: PlayLevel: No blueprints needed recompiling
[2017.02.01-10.44.49:783][631]PIE: New page: PIE session: ThirdPersonExampleMap (1 Feb 2017 10:44:49)
[2017.02.01-10.44.49:783][631]LogPlayLevel: Creating play world package: /Game/ThirdPersonBP/Maps/UEDPIE_0_ThirdPersonExampleMap
[2017.02.01-10.44.49:911][631]LogPlayLevel: PIE: StaticDuplicateObject took: (0.127500s)
[2017.02.01-10.44.49:912][631]LogAIModule: Creating AISystem for world ThirdPersonExampleMap
[2017.02.01-10.44.49:912][631]LogPlayLevel: PIE: World Init took: (0.000943s)
[2017.02.01-10.44.49:912][631]LogPlayLevel: PIE: Created PIE world by copying editor world from /Game/ThirdPersonBP/Maps/ThirdPersonExampleMap.ThirdPersonExampleMap to /Game/ThirdPersonBP/Maps/UEDPIE_0_ThirdPersonExampleMap.ThirdPersonExampleMap (0.128720s)
[2017.02.01-10.44.49:932][631]LogInit: XAudio2 using 'Speakers / Headphones (Realtek High Definition Audio)' : 2 channels at 48 kHz using 32 bits per sample (channel mask 0x3)
[2017.02.01-10.44.49:942][631]LogInit: FAudioDevice initialized.
[2017.02.01-10.44.49:999][631]LogWorld: Game class is 'ThirdPersonGameMode_C'
[2017.02.01-10.44.50:040][631]LogWorld: Bringing World /Game/ThirdPersonBP/Maps/UEDPIE_0_ThirdPersonExampleMap.ThirdPersonExampleMap up for play (max tick rate 0) at 2017.02.01-10.44.50
[2017.02.01-10.44.50:041][631]LogWorld: Bringing up level for play took: 0.040812
[2017.02.01-10.44.50:045][631]PIE: Info Play in editor start time for /Game/ThirdPersonBP/Maps/UEDPIE_0_ThirdPersonExampleMap 0.825
[2017.02.01-10.44.50:045][631]LogBlueprintUserMessages: Late PlayInEditor Detection: Level '/Game/ThirdPersonBP/Maps/ThirdPersonExampleMap.ThirdPersonExampleMap:PersistentLevel' has LevelScriptBlueprint '/Game/ThirdPersonBP/Maps/ThirdPersonExampleMap.ThirdPersonExampleMap:PersistentLevel.ThirdPersonExampleMap' with GeneratedClass '/Game/ThirdPersonBP/Maps/ThirdPersonExampleMap.ThirdPersonExampleMap_C' with ClassGeneratedBy '/Game/ThirdPersonBP/Maps/ThirdPersonExampleMap.ThirdPersonExampleMap:PersistentLevel.ThirdPersonExampleMap'
[2017.02.01-10.46.50:204][ 89]LogBlueprintUserMessages: Early EndPlayMap Detection: Level '/Game/ThirdPersonBP/Maps/ThirdPersonExampleMap.ThirdPersonExampleMap:PersistentLevel' has LevelScriptBlueprint '/Game/ThirdPersonBP/Maps/ThirdPersonExampleMap.ThirdPersonExampleMap:PersistentLevel.ThirdPersonExampleMap' with GeneratedClass '/Game/ThirdPersonBP/Maps/ThirdPersonExampleMap.ThirdPersonExampleMap_C' with ClassGeneratedBy '/Game/ThirdPersonBP/Maps/ThirdPersonExampleMap.ThirdPersonExampleMap:PersistentLevel.ThirdPersonExampleMap'
[2017.02.01-10.46.50:250][ 89]LogBlueprintUserMessages: Late EndPlayMap Detection: Level '/Game/ThirdPersonBP/Maps/ThirdPersonExampleMap.ThirdPersonExampleMap:PersistentLevel' has LevelScriptBlueprint '/Game/ThirdPersonBP/Maps/ThirdPersonExampleMap.ThirdPersonExampleMap:PersistentLevel.ThirdPersonExampleMap' with GeneratedClass '/Game/ThirdPersonBP/Maps/ThirdPersonExampleMap.ThirdPersonExampleMap_C' with ClassGeneratedBy '/Game/ThirdPersonBP/Maps/ThirdPersonExampleMap.ThirdPersonExampleMap:PersistentLevel.ThirdPersonExampleMap'
[2017.02.01-10.46.57:010][278]LogBlueprintUserMessages: Early PlayInEditor Detection: Level '/Game/ThirdPersonBP/Maps/ThirdPersonExampleMap.ThirdPersonExampleMap:PersistentLevel' has LevelScriptBlueprint '/Game/ThirdPersonBP/Maps/ThirdPersonExampleMap.ThirdPersonExampleMap:PersistentLevel.ThirdPersonExampleMap' with GeneratedClass '/Game/ThirdPersonBP/Maps/ThirdPersonExampleMap.ThirdPersonExampleMap_C' with ClassGeneratedBy '/Game/ThirdPersonBP/Maps/ThirdPersonExampleMap.ThirdPersonExampleMap:PersistentLevel.ThirdPersonExampleMap'
[2017.02.01-10.46.57:010][278]LogPlayLevel: PlayLevel: No blueprints needed recompiling
[2017.02.01-10.46.57:010][278]PIE: New page: PIE session: ThirdPersonExampleMap (1 Feb 2017 10:46:57)
[2017.02.01-10.46.57:010][278]LogPlayLevel: Creating play world package: /Game/ThirdPersonBP/Maps/UEDPIE_0_ThirdPersonExampleMap
[2017.02.01-10.46.57:033][278]LogPlayLevel: PIE: StaticDuplicateObject took: (0.022589s)
[2017.02.01-10.46.57:034][278]LogAIModule: Creating AISystem for world ThirdPersonExampleMap
[2017.02.01-10.46.57:034][278]LogPlayLevel: PIE: World Init took: (0.001352s)
[2017.02.01-10.46.57:035][278]LogPlayLevel: PIE: Created PIE world by copying editor world from /Game/ThirdPersonBP/Maps/ThirdPersonExampleMap.ThirdPersonExampleMap to /Game/ThirdPersonBP/Maps/UEDPIE_0_ThirdPersonExampleMap.ThirdPersonExampleMap (0.024335s)
[2017.02.01-10.46.57:051][278]LogInit: XAudio2 using 'Speakers / Headphones (Realtek High Definition Audio)' : 2 channels at 48 kHz using 32 bits per sample (channel mask 0x3)
[2017.02.01-10.46.57:059][278]LogInit: FAudioDevice initialized.
[2017.02.01-10.46.57:109][278]LogWorld: Game class is 'ThirdPersonGameMode_C'
[2017.02.01-10.46.57:145][278]LogWorld: Bringing World /Game/ThirdPersonBP/Maps/UEDPIE_0_ThirdPersonExampleMap.ThirdPersonExampleMap up for play (max tick rate 0) at 2017.02.01-10.46.57
[2017.02.01-10.46.57:146][278]LogWorld: Bringing up level for play took: 0.036896
[2017.02.01-10.46.57:150][278]PIE: Info Play in editor start time for /Game/ThirdPersonBP/Maps/UEDPIE_0_ThirdPersonExampleMap -0.073
[2017.02.01-10.46.57:150][278]LogBlueprintUserMessages: Late PlayInEditor Detection: Level '/Game/ThirdPersonBP/Maps/ThirdPersonExampleMap.ThirdPersonExampleMap:PersistentLevel' has LevelScriptBlueprint '/Game/ThirdPersonBP/Maps/ThirdPersonExampleMap.ThirdPersonExampleMap:PersistentLevel.ThirdPersonExampleMap' with GeneratedClass '/Game/ThirdPersonBP/Maps/ThirdPersonExampleMap.ThirdPersonExampleMap_C' with ClassGeneratedBy '/Game/ThirdPersonBP/Maps/ThirdPersonExampleMap.ThirdPersonExampleMap:PersistentLevel.ThirdPersonExampleMap'
[2017.02.01-10.47.01:480][435]LogBlueprintUserMessages: Early EndPlayMap Detection: Level '/Game/ThirdPersonBP/Maps/ThirdPersonExampleMap.ThirdPersonExampleMap:PersistentLevel' has LevelScriptBlueprint '/Game/ThirdPersonBP/Maps/ThirdPersonExampleMap.ThirdPersonExampleMap:PersistentLevel.ThirdPersonExampleMap' with GeneratedClass '/Game/ThirdPersonBP/Maps/ThirdPersonExampleMap.ThirdPersonExampleMap_C' with ClassGeneratedBy '/Game/ThirdPersonBP/Maps/ThirdPersonExampleMap.ThirdPersonExampleMap:PersistentLevel.ThirdPersonExampleMap'
[2017.02.01-10.47.01:527][435]LogBlueprintUserMessages: Late EndPlayMap Detection: Level '/Game/ThirdPersonBP/Maps/ThirdPersonExampleMap.ThirdPersonExampleMap:PersistentLevel' has LevelScriptBlueprint '/Game/ThirdPersonBP/Maps/ThirdPersonExampleMap.ThirdPersonExampleMap:PersistentLevel.ThirdPersonExampleMap' with GeneratedClass '/Game/ThirdPersonBP/Maps/ThirdPersonExampleMap.ThirdPersonExampleMap_C' with ClassGeneratedBy '/Game/ThirdPersonBP/Maps/ThirdPersonExampleMap.ThirdPersonExampleMap:PersistentLevel.ThirdPersonExampleMap'
[2017.02.01-10.47.02:336][458]LogText:Warning: Failed to parse argument "GameModeName" as a number (using "0" as a fallback). Please check your format string for errors: "GameMode: Edit {GameModeName}".
[2017.02.01-10.47.04:471][486]LogContentBrowser: Native class hierarchy updated for 'BlueprintGraph' in 0.0023 seconds. Added 111 classes and 0 folders.
[2017.02.01-10.47.09:414][817]LogText:Warning: Failed to parse argument "GameModeName" as a number (using "0" as a fallback). Please check your format string for errors: "GameMode: Edit {GameModeName}".
[2017.02.01-10.47.16:689][944]LogSlate:Warning: Prevented a slow task dialog from being summoned while a context menu was open
[2017.02.01-10.47.45:809][739]BlueprintLog: New page: Compile ThirdPersonExampleMap
[2017.02.01-10.47.45:945][739]BlueprintEditorCompileResults: Info [2485.89] Compile of PersistentLevel.ThirdPersonExampleMap successful! [in 136 ms] (/Game/ThirdPersonBP/Maps/ThirdPersonExampleMap.ThirdPersonExampleMap:PersistentLevel.ThirdPersonExampleMap)
[2017.02.01-10.47.48:376][833]LogBlueprintUserMessages: Early PlayInEditor Detection: Level '/Game/ThirdPersonBP/Maps/ThirdPersonExampleMap.ThirdPersonExampleMap:PersistentLevel' has LevelScriptBlueprint '/Game/ThirdPersonBP/Maps/ThirdPersonExampleMap.ThirdPersonExampleMap:PersistentLevel.ThirdPersonExampleMap' with GeneratedClass '/Game/ThirdPersonBP/Maps/ThirdPersonExampleMap.ThirdPersonExampleMap_C' with ClassGeneratedBy '/Game/ThirdPersonBP/Maps/ThirdPersonExampleMap.ThirdPersonExampleMap:PersistentLevel.ThirdPersonExampleMap'
[2017.02.01-10.47.48:376][833]LogPlayLevel: PlayLevel: No blueprints needed recompiling
[2017.02.01-10.47.48:376][833]PIE: New page: PIE session: ThirdPersonExampleMap (1 Feb 2017 10:47:48)
[2017.02.01-10.47.48:377][833]LogPlayLevel: Creating play world package: /Game/ThirdPersonBP/Maps/UEDPIE_0_ThirdPersonExampleMap
[2017.02.01-10.47.48:439][833]LogPlayLevel: PIE: StaticDuplicateObject took: (0.062651s)
[2017.02.01-10.47.48:440][833]LogAIModule: Creating AISystem for world ThirdPersonExampleMap
[2017.02.01-10.47.48:440][833]LogPlayLevel: PIE: World Init took: (0.000833s)
[2017.02.01-10.47.48:440][833]LogPlayLevel: PIE: Created PIE world by copying editor world from /Game/ThirdPersonBP/Maps/ThirdPersonExampleMap.ThirdPersonExampleMap to /Game/ThirdPersonBP/Maps/UEDPIE_0_ThirdPersonExampleMap.ThirdPersonExampleMap (0.063839s)
[2017.02.01-10.47.48:475][833]LogInit: XAudio2 using 'Speakers / Headphones (Realtek High Definition Audio)' : 2 channels at 48 kHz using 32 bits per sample (channel mask 0x3)
[2017.02.01-10.47.48:484][833]LogInit: FAudioDevice initialized.
[2017.02.01-10.47.48:532][833]LogWorld: Game class is 'ThirdPersonGameMode_C'
[2017.02.01-10.47.48:567][833]LogWorld: Bringing World /Game/ThirdPersonBP/Maps/UEDPIE_0_ThirdPersonExampleMap.ThirdPersonExampleMap up for play (max tick rate 0) at 2017.02.01-10.47.48
[2017.02.01-10.47.48:569][833]LogWorld: Bringing up level for play took: 0.035676
[2017.02.01-10.47.48:572][833]PIE: Info Play in editor start time for /Game/ThirdPersonBP/Maps/UEDPIE_0_ThirdPersonExampleMap -0.651
[2017.02.01-10.47.48:572][833]LogBlueprintUserMessages: Late PlayInEditor Detection: Level '/Game/ThirdPersonBP/Maps/ThirdPersonExampleMap.ThirdPersonExampleMap:PersistentLevel' has LevelScriptBlueprint '/Game/ThirdPersonBP/Maps/ThirdPersonExampleMap.ThirdPersonExampleMap:PersistentLevel.ThirdPersonExampleMap' with GeneratedClass '/Game/ThirdPersonBP/Maps/ThirdPersonExampleMap.ThirdPersonExampleMap_C' with ClassGeneratedBy '/Game/ThirdPersonBP/Maps/ThirdPersonExampleMap.ThirdPersonExampleMap:PersistentLevel.ThirdPersonExampleMap'
[2017.02.01-10.48.47:520][991]LogBlueprintUserMessages: Early EndPlayMap Detection: Level '/Game/ThirdPersonBP/Maps/ThirdPersonExampleMap.ThirdPersonExampleMap:PersistentLevel' has LevelScriptBlueprint '/Game/ThirdPersonBP/Maps/ThirdPersonExampleMap.ThirdPersonExampleMap:PersistentLevel.ThirdPersonExampleMap' with GeneratedClass '/Game/ThirdPersonBP/Maps/ThirdPersonExampleMap.ThirdPersonExampleMap_C' with ClassGeneratedBy '/Game/ThirdPersonBP/Maps/ThirdPersonExampleMap.ThirdPersonExampleMap:PersistentLevel.ThirdPersonExampleMap'
[2017.02.01-10.48.47:587][991]LogBlueprintUserMessages: Late EndPlayMap Detection: Level '/Game/ThirdPersonBP/Maps/ThirdPersonExampleMap.ThirdPersonExampleMap:PersistentLevel' has LevelScriptBlueprint '/Game/ThirdPersonBP/Maps/ThirdPersonExampleMap.ThirdPersonExampleMap:PersistentLevel.ThirdPersonExampleMap' with GeneratedClass '/Game/ThirdPersonBP/Maps/ThirdPersonExampleMap.ThirdPersonExampleMap_C' with ClassGeneratedBy '/Game/ThirdPersonBP/Maps/ThirdPersonExampleMap.ThirdPersonExampleMap:PersistentLevel.ThirdPersonExampleMap'
[2017.02.01-10.48.48:551][ 19]LogText:Warning: Failed to parse argument "GameModeName" as a number (using "0" as a fallback). Please check your format string for errors: "GameMode: Edit {GameModeName}".
[2017.02.01-10.49.59:264][ 75]LogSavePackage: Save=22888.22ms
[2017.02.01-10.49.59:266][ 75]LogSavePackage: Moving 'G:/Unreal Project/ToolBoxGame1/Saved/ThirdPersonExampleMap_Auto188A63FF94F3303C940CFD39EFB2D1437.tmp' to 'G:/Unreal Project/ToolBoxGame1/Saved/Autosaves/Game/ThirdPersonBP/Maps/ThirdPersonExampleMap_Auto1.umap'
[2017.02.01-10.50.00:276][ 75]LogSavePackage:Display: Finished SavePackage G:/Unreal Project/ToolBoxGame1/Saved/Autosaves/Game/ThirdPersonBP/Maps/ThirdPersonExampleMap_Auto1.umap
[2017.02.01-10.50.00:752][ 75]LogFileHelpers: Editor autosave (incl. sublevels) for '/Game/ThirdPersonBP/Maps/ThirdPersonExampleMap' took 28.163
[2017.02.01-10.50.00:752][ 75]LogFileHelpers: Editor autosave (incl. sublevels) for all levels took 28.163
[2017.02.01-10.50.52:051][855]LogBlueprintUserMessages: Early PlayInEditor Detection: Level '/Game/ThirdPersonBP/Maps/ThirdPersonExampleMap.ThirdPersonExampleMap:PersistentLevel' has LevelScriptBlueprint '/Game/ThirdPersonBP/Maps/ThirdPersonExampleMap.ThirdPersonExampleMap:PersistentLevel.ThirdPersonExampleMap' with GeneratedClass '/Game/ThirdPersonBP/Maps/ThirdPersonExampleMap.ThirdPersonExampleMap_C' with ClassGeneratedBy '/Game/ThirdPersonBP/Maps/ThirdPersonExampleMap.ThirdPersonExampleMap:PersistentLevel.ThirdPersonExampleMap'
[2017.02.01-10.50.52:052][855]LogPlayLevel: PlayLevel: No blueprints needed recompiling
[2017.02.01-10.50.52:052][855]PIE: New page: PIE session: ThirdPersonExampleMap (1 Feb 2017 10:50:52)
[2017.02.01-10.50.52:052][855]LogPlayLevel: Creating play world package: /Game/ThirdPersonBP/Maps/UEDPIE_0_ThirdPersonExampleMap
[2017.02.01-10.50.52:101][855]LogPlayLevel: PIE: StaticDuplicateObject took: (0.048671s)
[2017.02.01-10.50.52:103][855]LogAIModule: Creating AISystem for world ThirdPersonExampleMap
[2017.02.01-10.50.52:103][855]LogPlayLevel: PIE: World Init took: (0.001323s)
[2017.02.01-10.50.52:103][855]LogPlayLevel: PIE: Created PIE world by copying editor world from /Game/ThirdPersonBP/Maps/ThirdPersonExampleMap.ThirdPersonExampleMap to /Game/ThirdPersonBP/Maps/UEDPIE_0_ThirdPersonExampleMap.ThirdPersonExampleMap (0.050406s)
[2017.02.01-10.50.52:149][855]LogInit: XAudio2 using 'Speakers / Headphones (Realtek High Definition Audio)' : 2 channels at 48 kHz using 32 bits per sample (channel mask 0x3)
[2017.02.01-10.50.52:161][855]LogInit: FAudioDevice initialized.
[2017.02.01-10.50.52:212][855]LogWorld: Game class is 'ThirdPersonGameMode_C'
[2017.02.01-10.50.52:248][855]LogWorld: Bringing World /Game/ThirdPersonBP/Maps/UEDPIE_0_ThirdPersonExampleMap.ThirdPersonExampleMap up for play (max tick rate 0) at 2017.02.01-10.50.52
[2017.02.01-10.50.52:250][855]LogWorld: Bringing up level for play took: 0.037233
[2017.02.01-10.50.52:254][855]PIE: Info Play in editor start time for /Game/ThirdPersonBP/Maps/UEDPIE_0_ThirdPersonExampleMap 1.027
[2017.02.01-10.50.52:254][855]LogBlueprintUserMessages: Late PlayInEditor Detection: Level '/Game/ThirdPersonBP/Maps/ThirdPersonExampleMap.ThirdPersonExampleMap:PersistentLevel' has LevelScriptBlueprint '/Game/ThirdPersonBP/Maps/ThirdPersonExampleMap.ThirdPersonExampleMap:PersistentLevel.ThirdPersonExampleMap' with GeneratedClass '/Game/ThirdPersonBP/Maps/ThirdPersonExampleMap.ThirdPersonExampleMap_C' with ClassGeneratedBy '/Game/ThirdPersonBP/Maps/ThirdPersonExampleMap.ThirdPersonExampleMap:PersistentLevel.ThirdPersonExampleMap'
[2017.02.01-10.51.27:319][165]LogBlueprintUserMessages: Early EndPlayMap Detection: Level '/Game/ThirdPersonBP/Maps/ThirdPersonExampleMap.ThirdPersonExampleMap:PersistentLevel' has LevelScriptBlueprint '/Game/ThirdPersonBP/Maps/ThirdPersonExampleMap.ThirdPersonExampleMap:PersistentLevel.ThirdPersonExampleMap' with GeneratedClass '/Game/ThirdPersonBP/Maps/ThirdPersonExampleMap.ThirdPersonExampleMap_C' with ClassGeneratedBy '/Game/ThirdPersonBP/Maps/ThirdPersonExampleMap.ThirdPersonExampleMap:PersistentLevel.ThirdPersonExampleMap'
[2017.02.01-10.51.27:370][165]LogBlueprintUserMessages: Late EndPlayMap Detection: Level '/Game/ThirdPersonBP/Maps/ThirdPersonExampleMap.ThirdPersonExampleMap:PersistentLevel' has LevelScriptBlueprint '/Game/ThirdPersonBP/Maps/ThirdPersonExampleMap.ThirdPersonExampleMap:PersistentLevel.ThirdPersonExampleMap' with GeneratedClass '/Game/ThirdPersonBP/Maps/ThirdPersonExampleMap.ThirdPersonExampleMap_C' with ClassGeneratedBy '/Game/ThirdPersonBP/Maps/ThirdPersonExampleMap.ThirdPersonExampleMap:PersistentLevel.ThirdPersonExampleMap'
[2017.02.01-10.51.56:019][273]LogSavePackage: Save=24416.94ms
[2017.02.01-10.51.56:021][273]LogSavePackage: Moving 'G:/Unreal Project/ToolBoxGame1/Saved/ThirdPersonExampleMapBDBC71DE4D0615A83EF45DAB5F5C6EB1.tmp' to 'G:/Unreal Project/ToolBoxGame1/Content/ThirdPersonBP/Maps/ThirdPersonExampleMap.umap'
[2017.02.01-10.51.57:866][273]LogSavePackage:Display: Finished SavePackage G:/Unreal Project/ToolBoxGame1/Content/ThirdPersonBP/Maps/ThirdPersonExampleMap.umap
[2017.02.01-10.51.59:301][273]LogFileHelpers: Saving map 'ThirdPersonExampleMap' took 27.892
[2017.02.01-10.55.31:998][376]LogBlueprintUserMessages: Early PlayInEditor Detection: Level '/Game/ThirdPersonBP/Maps/ThirdPersonExampleMap.ThirdPersonExampleMap:PersistentLevel' has LevelScriptBlueprint '/Game/ThirdPersonBP/Maps/ThirdPersonExampleMap.ThirdPersonExampleMap:PersistentLevel.ThirdPersonExampleMap' with GeneratedClass '/Game/ThirdPersonBP/Maps/ThirdPersonExampleMap.ThirdPersonExampleMap_C' with ClassGeneratedBy '/Game/ThirdPersonBP/Maps/ThirdPersonExampleMap.ThirdPersonExampleMap:PersistentLevel.ThirdPersonExampleMap'
[2017.02.01-10.55.31:998][376]LogPlayLevel: PlayLevel: No blueprints needed recompiling
[2017.02.01-10.55.31:998][376]PIE: New page: PIE session: ThirdPersonExampleMap (1 Feb 2017 10:55:31)
[2017.02.01-10.55.31:998][376]LogPlayLevel: Creating play world package: /Game/ThirdPersonBP/Maps/UEDPIE_0_ThirdPersonExampleMap
[2017.02.01-10.55.32:021][376]LogPlayLevel: PIE: StaticDuplicateObject took: (0.022285s)
[2017.02.01-10.55.32:022][376]LogAIModule: Creating AISystem for world ThirdPersonExampleMap
[2017.02.01-10.55.32:023][376]LogPlayLevel: PIE: World Init took: (0.001881s)
[2017.02.01-10.55.32:023][376]LogPlayLevel: PIE: Created PIE world by copying editor world from /Game/ThirdPersonBP/Maps/ThirdPersonExampleMap.ThirdPersonExampleMap to /Game/ThirdPersonBP/Maps/UEDPIE_0_ThirdPersonExampleMap.ThirdPersonExampleMap (0.024495s)
[2017.02.01-10.55.32:058][376]LogInit: XAudio2 using 'Speakers / Headphones (Realtek High Definition Audio)' : 2 channels at 48 kHz using 32 bits per sample (channel mask 0x3)
[2017.02.01-10.55.32:067][376]LogInit: FAudioDevice initialized.
[2017.02.01-10.55.32:119][376]LogWorld: Game class is 'ThirdPersonGameMode_C'
[2017.02.01-10.55.32:158][376]LogWorld: Bringing World /Game/ThirdPersonBP/Maps/UEDPIE_0_ThirdPersonExampleMap.ThirdPersonExampleMap up for play (max tick rate 0) at 2017.02.01-10.55.32
[2017.02.01-10.55.32:160][376]LogWorld: Bringing up level for play took: 0.040456
[2017.02.01-10.55.32:165][376]PIE: Info Play in editor start time for /Game/ThirdPersonBP/Maps/UEDPIE_0_ThirdPersonExampleMap 0.936
[2017.02.01-10.55.32:165][376]LogBlueprintUserMessages: Late PlayInEditor Detection: Level '/Game/ThirdPersonBP/Maps/ThirdPersonExampleMap.ThirdPersonExampleMap:PersistentLevel' has LevelScriptBlueprint '/Game/ThirdPersonBP/Maps/ThirdPersonExampleMap.ThirdPersonExampleMap:PersistentLevel.ThirdPersonExampleMap' with GeneratedClass '/Game/ThirdPersonBP/Maps/ThirdPersonExampleMap.ThirdPersonExampleMap_C' with ClassGeneratedBy '/Game/ThirdPersonBP/Maps/ThirdPersonExampleMap.ThirdPersonExampleMap:PersistentLevel.ThirdPersonExampleMap'
[2017.02.01-10.55.59:218][374]LogBlueprintUserMessages: Early EndPlayMap Detection: Level '/Game/ThirdPersonBP/Maps/ThirdPersonExampleMap.ThirdPersonExampleMap:PersistentLevel' has LevelScriptBlueprint '/Game/ThirdPersonBP/Maps/ThirdPersonExampleMap.ThirdPersonExampleMap:PersistentLevel.ThirdPersonExampleMap' with GeneratedClass '/Game/ThirdPersonBP/Maps/ThirdPersonExampleMap.ThirdPersonExampleMap_C' with ClassGeneratedBy '/Game/ThirdPersonBP/Maps/ThirdPersonExampleMap.ThirdPersonExampleMap:PersistentLevel.ThirdPersonExampleMap'
[2017.02.01-10.55.59:268][374]LogBlueprintUserMessages: Late EndPlayMap Detection: Level '/Game/ThirdPersonBP/Maps/ThirdPersonExampleMap.ThirdPersonExampleMap:PersistentLevel' has LevelScriptBlueprint '/Game/ThirdPersonBP/Maps/ThirdPersonExampleMap.ThirdPersonExampleMap:PersistentLevel.ThirdPersonExampleMap' with GeneratedClass '/Game/ThirdPersonBP/Maps/ThirdPersonExampleMap.ThirdPersonExampleMap_C' with ClassGeneratedBy '/Game/ThirdPersonBP/Maps/ThirdPersonExampleMap.ThirdPersonExampleMap:PersistentLevel.ThirdPersonExampleMap'
[2017.02.01-10.56.01:483][440]LogBlueprintUserMessages: Early PlayInEditor Detection: Level '/Game/ThirdPersonBP/Maps/ThirdPersonExampleMap.ThirdPersonExampleMap:PersistentLevel' has LevelScriptBlueprint '/Game/ThirdPersonBP/Maps/ThirdPersonExampleMap.ThirdPersonExampleMap:PersistentLevel.ThirdPersonExampleMap' with GeneratedClass '/Game/ThirdPersonBP/Maps/ThirdPersonExampleMap.ThirdPersonExampleMap_C' with ClassGeneratedBy '/Game/ThirdPersonBP/Maps/ThirdPersonExampleMap.ThirdPersonExampleMap:PersistentLevel.ThirdPersonExampleMap'
[2017.02.01-10.56.01:483][440]LogPlayLevel: PlayLevel: No blueprints needed recompiling
[2017.02.01-10.56.01:483][440]PIE: New page: PIE session: ThirdPersonExampleMap (1 Feb 2017 10:56:01)
[2017.02.01-10.56.01:483][440]LogPlayLevel: Creating play world package: /Game/ThirdPersonBP/Maps/UEDPIE_0_ThirdPersonExampleMap
[2017.02.01-10.56.01:505][440]LogPlayLevel: PIE: StaticDuplicateObject took: (0.021571s)
[2017.02.01-10.56.01:506][440]LogAIModule: Creating AISystem for world ThirdPersonExampleMap
[2017.02.01-10.56.01:506][440]LogPlayLevel: PIE: World Init took: (0.000869s)
[2017.02.01-10.56.01:506][440]LogPlayLevel: PIE: Created PIE world by copying editor world from /Game/ThirdPersonBP/Maps/ThirdPersonExampleMap.ThirdPersonExampleMap to /Game/ThirdPersonBP/Maps/UEDPIE_0_ThirdPersonExampleMap.ThirdPersonExampleMap (0.022749s)
[2017.02.01-10.56.01:536][440]LogInit: XAudio2 using 'Speakers / Headphones (Realtek High Definition Audio)' : 2 channels at 48 kHz using 32 bits per sample (channel mask 0x3)
[2017.02.01-10.56.01:544][440]LogInit: FAudioDevice initialized.
[2017.02.01-10.56.01:609][440]LogWorld: Game class is 'ThirdPersonGameMode_C'
[2017.02.01-10.56.01:650][440]LogWorld: Bringing World /Game/ThirdPersonBP/Maps/UEDPIE_0_ThirdPersonExampleMap.ThirdPersonExampleMap up for play (max tick rate 0) at 2017.02.01-10.56.01
[2017.02.01-10.56.01:651][440]LogWorld: Bringing up level for play took: 0.040914
[2017.02.01-10.56.01:655][440]PIE: Info Play in editor start time for /Game/ThirdPersonBP/Maps/UEDPIE_0_ThirdPersonExampleMap 0.427
[2017.02.01-10.56.01:655][440]LogBlueprintUserMessages: Late PlayInEditor Detection: Level '/Game/ThirdPersonBP/Maps/ThirdPersonExampleMap.ThirdPersonExampleMap:PersistentLevel' has LevelScriptBlueprint '/Game/ThirdPersonBP/Maps/ThirdPersonExampleMap.ThirdPersonExampleMap:PersistentLevel.ThirdPersonExampleMap' with GeneratedClass '/Game/ThirdPersonBP/Maps/ThirdPersonExampleMap.ThirdPersonExampleMap_C' with ClassGeneratedBy '/Game/ThirdPersonBP/Maps/ThirdPersonExampleMap.ThirdPersonExampleMap:PersistentLevel.ThirdPersonExampleMap'
[2017.02.01-10.56.11:394][799]LogBlueprintUserMessages: Early EndPlayMap Detection: Level '/Game/ThirdPersonBP/Maps/ThirdPersonExampleMap.ThirdPersonExampleMap:PersistentLevel' has LevelScriptBlueprint '/Game/ThirdPersonBP/Maps/ThirdPersonExampleMap.ThirdPersonExampleMap:PersistentLevel.ThirdPersonExampleMap' with GeneratedClass '/Game/ThirdPersonBP/Maps/ThirdPersonExampleMap.ThirdPersonExampleMap_C' with ClassGeneratedBy '/Game/ThirdPersonBP/Maps/ThirdPersonExampleMap.ThirdPersonExampleMap:PersistentLevel.ThirdPersonExampleMap'
[2017.02.01-10.56.11:450][799]LogBlueprintUserMessages: Late EndPlayMap Detection: Level '/Game/ThirdPersonBP/Maps/ThirdPersonExampleMap.ThirdPersonExampleMap:PersistentLevel' has LevelScriptBlueprint '/Game/ThirdPersonBP/Maps/ThirdPersonExampleMap.ThirdPersonExampleMap:PersistentLevel.ThirdPersonExampleMap' with GeneratedClass '/Game/ThirdPersonBP/Maps/ThirdPersonExampleMap.ThirdPersonExampleMap_C' with ClassGeneratedBy '/Game/ThirdPersonBP/Maps/ThirdPersonExampleMap.ThirdPersonExampleMap:PersistentLevel.ThirdPersonExampleMap'
[2017.02.01-10.57.01:987][209]LogBlueprintUserMessages: Early PlayInEditor Detection: Level '/Game/ThirdPersonBP/Maps/ThirdPersonExampleMap.ThirdPersonExampleMap:PersistentLevel' has LevelScriptBlueprint '/Game/ThirdPersonBP/Maps/ThirdPersonExampleMap.ThirdPersonExampleMap:PersistentLevel.ThirdPersonExampleMap' with GeneratedClass '/Game/ThirdPersonBP/Maps/ThirdPersonExampleMap.ThirdPersonExampleMap_C' with ClassGeneratedBy '/Game/ThirdPersonBP/Maps/ThirdPersonExampleMap.ThirdPersonExampleMap:PersistentLevel.ThirdPersonExampleMap'
[2017.02.01-10.57.01:987][209]LogPlayLevel: PlayLevel: No blueprints needed recompiling
[2017.02.01-10.57.01:987][209]PIE: New page: PIE session: ThirdPersonExampleMap (1 Feb 2017 10:57:01)
[2017.02.01-10.57.01:987][209]LogPlayLevel: Creating play world package: /Game/ThirdPersonBP/Maps/UEDPIE_0_ThirdPersonExampleMap
[2017.02.01-10.57.02:015][209]LogPlayLevel: PIE: StaticDuplicateObject took: (0.027231s)
[2017.02.01-10.57.02:015][209]LogAIModule: Creating AISystem for world ThirdPersonExampleMap
[2017.02.01-10.57.02:015][209]LogPlayLevel: PIE: World Init took: (0.000764s)
[2017.02.01-10.57.02:016][209]LogPlayLevel: PIE: Created PIE world by copying editor world from /Game/ThirdPersonBP/Maps/ThirdPersonExampleMap.ThirdPersonExampleMap to /Game/ThirdPersonBP/Maps/UEDPIE_0_ThirdPersonExampleMap.ThirdPersonExampleMap (0.028272s)
[2017.02.01-10.57.02:064][209]LogInit: XAudio2 using 'Speakers / Headphones (Realtek High Definition Audio)' : 2 channels at 48 kHz using 32 bits per sample (channel mask 0x3)
[2017.02.01-10.57.02:072][209]LogInit: FAudioDevice initialized.
[2017.02.01-10.57.02:123][209]LogWorld: Game class is 'ThirdPersonGameMode_C'
[2017.02.01-10.57.02:163][209]LogWorld: Bringing World /Game/ThirdPersonBP/Maps/UEDPIE_0_ThirdPersonExampleMap.ThirdPersonExampleMap up for play (max tick rate 0) at 2017.02.01-10.57.02
[2017.02.01-10.57.02:165][209]LogWorld: Bringing up level for play took: 0.041701
[2017.02.01-10.57.02:171][209]PIE: Info Play in editor start time for /Game/ThirdPersonBP/Maps/UEDPIE_0_ThirdPersonExampleMap 0.943
[2017.02.01-10.57.02:171][209]LogBlueprintUserMessages: Late PlayInEditor Detection: Level '/Game/ThirdPersonBP/Maps/ThirdPersonExampleMap.ThirdPersonExampleMap:PersistentLevel' has LevelScriptBlueprint '/Game/ThirdPersonBP/Maps/ThirdPersonExampleMap.ThirdPersonExampleMap:PersistentLevel.ThirdPersonExampleMap' with GeneratedClass '/Game/ThirdPersonBP/Maps/ThirdPersonExampleMap.ThirdPersonExampleMap_C' with ClassGeneratedBy '/Game/ThirdPersonBP/Maps/ThirdPersonExampleMap.ThirdPersonExampleMap:PersistentLevel.ThirdPersonExampleMap'
[2017.02.01-10.57.09:283][469]LogLevel:Warning: EnableInput on a LevelScript actor can not be specified for only one PlayerController.  Enabling for all PlayerControllers.
[2017.02.01-10.57.09:621][481]LogLevel:Warning: DisableInput on a LevelScript actor can not be specified for only one PlayerController.  Disabling for all PlayerControllers.
[2017.02.01-10.57.35:881][454]LogBlueprintUserMessages: Early EndPlayMap Detection: Level '/Game/ThirdPersonBP/Maps/ThirdPersonExampleMap.ThirdPersonExampleMap:PersistentLevel' has LevelScriptBlueprint '/Game/ThirdPersonBP/Maps/ThirdPersonExampleMap.ThirdPersonExampleMap:PersistentLevel.ThirdPersonExampleMap' with GeneratedClass '/Game/ThirdPersonBP/Maps/ThirdPersonExampleMap.ThirdPersonExampleMap_C' with ClassGeneratedBy '/Game/ThirdPersonBP/Maps/ThirdPersonExampleMap.ThirdPersonExampleMap:PersistentLevel.ThirdPersonExampleMap'
[2017.02.01-10.57.35:932][454]LogBlueprintUserMessages: Late EndPlayMap Detection: Level '/Game/ThirdPersonBP/Maps/ThirdPersonExampleMap.ThirdPersonExampleMap:PersistentLevel' has LevelScriptBlueprint '/Game/ThirdPersonBP/Maps/ThirdPersonExampleMap.ThirdPersonExampleMap:PersistentLevel.ThirdPersonExampleMap' with GeneratedClass '/Game/ThirdPersonBP/Maps/ThirdPersonExampleMap.ThirdPersonExampleMap_C' with ClassGeneratedBy '/Game/ThirdPersonBP/Maps/ThirdPersonExampleMap.ThirdPersonExampleMap:PersistentLevel.ThirdPersonExampleMap'
[2017.02.01-10.58.50:577][646]LogEditorViewport: Clicking on Actor (LMB): MovablePlatorm_C (MovablePlatorm)
[2017.02.01-10.59.19:777][276]LogEditorViewport: Clicking on Component (LMB): StaticMeshComponent (Floor1)
[2017.02.01-11.00.05:818][436]LogBlueprintUserMessages: Early PlayInEditor Detection: Level '/Game/ThirdPersonBP/Maps/ThirdPersonExampleMap.ThirdPersonExampleMap:PersistentLevel' has LevelScriptBlueprint '/Game/ThirdPersonBP/Maps/ThirdPersonExampleMap.ThirdPersonExampleMap:PersistentLevel.ThirdPersonExampleMap' with GeneratedClass '/Game/ThirdPersonBP/Maps/ThirdPersonExampleMap.ThirdPersonExampleMap_C' with ClassGeneratedBy '/Game/ThirdPersonBP/Maps/ThirdPersonExampleMap.ThirdPersonExampleMap:PersistentLevel.ThirdPersonExampleMap'
[2017.02.01-11.00.05:819][436]LogPlayLevel: PlayLevel: No blueprints needed recompiling
[2017.02.01-11.00.05:819][436]PIE: New page: PIE session: ThirdPersonExampleMap (1 Feb 2017 11:00:05)
[2017.02.01-11.00.05:819][436]LogPlayLevel: Creating play world package: /Game/ThirdPersonBP/Maps/UEDPIE_0_ThirdPersonExampleMap
[2017.02.01-11.00.05:841][436]LogPlayLevel: PIE: StaticDuplicateObject took: (0.022738s)
[2017.02.01-11.00.05:843][436]LogAIModule: Creating AISystem for world ThirdPersonExampleMap
[2017.02.01-11.00.05:843][436]LogPlayLevel: PIE: World Init took: (0.001498s)
[2017.02.01-11.00.05:843][436]LogPlayLevel: PIE: Created PIE world by copying editor world from /Game/ThirdPersonBP/Maps/ThirdPersonExampleMap.ThirdPersonExampleMap to /Game/ThirdPersonBP/Maps/UEDPIE_0_ThirdPersonExampleMap.ThirdPersonExampleMap (0.024609s)
[2017.02.01-11.00.05:878][436]LogInit: XAudio2 using 'Speakers / Headphones (Realtek High Definition Audio)' : 2 channels at 48 kHz using 32 bits per sample (channel mask 0x3)
[2017.02.01-11.00.05:887][436]LogInit: FAudioDevice initialized.
[2017.02.01-11.00.05:935][436]LogWorld: Game class is 'ThirdPersonGameMode_C'
[2017.02.01-11.00.05:973][436]LogWorld: Bringing World /Game/ThirdPersonBP/Maps/UEDPIE_0_ThirdPersonExampleMap.ThirdPersonExampleMap up for play (max tick rate 0) at 2017.02.01-11.00.05
[2017.02.01-11.00.05:974][436]LogWorld: Bringing up level for play took: 0.038129
[2017.02.01-11.00.05:978][436]PIE: Info Play in editor start time for /Game/ThirdPersonBP/Maps/UEDPIE_0_ThirdPersonExampleMap 0.747
[2017.02.01-11.00.05:978][436]LogBlueprintUserMessages: Late PlayInEditor Detection: Level '/Game/ThirdPersonBP/Maps/ThirdPersonExampleMap.ThirdPersonExampleMap:PersistentLevel' has LevelScriptBlueprint '/Game/ThirdPersonBP/Maps/ThirdPersonExampleMap.ThirdPersonExampleMap:PersistentLevel.ThirdPersonExampleMap' with GeneratedClass '/Game/ThirdPersonBP/Maps/ThirdPersonExampleMap.ThirdPersonExampleMap_C' with ClassGeneratedBy '/Game/ThirdPersonBP/Maps/ThirdPersonExampleMap.ThirdPersonExampleMap:PersistentLevel.ThirdPersonExampleMap'
[2017.02.01-11.01.49:760][251]LogBlueprintUserMessages: Early EndPlayMap Detection: Level '/Game/ThirdPersonBP/Maps/ThirdPersonExampleMap.ThirdPersonExampleMap:PersistentLevel' has LevelScriptBlueprint '/Game/ThirdPersonBP/Maps/ThirdPersonExampleMap.ThirdPersonExampleMap:PersistentLevel.ThirdPersonExampleMap' with GeneratedClass '/Game/ThirdPersonBP/Maps/ThirdPersonExampleMap.ThirdPersonExampleMap_C' with ClassGeneratedBy '/Game/ThirdPersonBP/Maps/ThirdPersonExampleMap.ThirdPersonExampleMap:PersistentLevel.ThirdPersonExampleMap'
[2017.02.01-11.01.49:814][251]LogBlueprintUserMessages: Late EndPlayMap Detection: Level '/Game/ThirdPersonBP/Maps/ThirdPersonExampleMap.ThirdPersonExampleMap:PersistentLevel' has LevelScriptBlueprint '/Game/ThirdPersonBP/Maps/ThirdPersonExampleMap.ThirdPersonExampleMap:PersistentLevel.ThirdPersonExampleMap' with GeneratedClass '/Game/ThirdPersonBP/Maps/ThirdPersonExampleMap.ThirdPersonExampleMap_C' with ClassGeneratedBy '/Game/ThirdPersonBP/Maps/ThirdPersonExampleMap.ThirdPersonExampleMap:PersistentLevel.ThirdPersonExampleMap'
[2017.02.01-11.01.56:641][431]LogEditorViewport: Clicking on Actor (context menu): MovablePlatorm_C (MovablePlatorm2)
[2017.02.01-11.01.58:952][487]LogEditorViewport: Clicking on Actor (LMB): MovablePlatorm_C (MovablePlatorm2)
[2017.02.01-11.02.00:722][535]LogEditorViewport: Clicking on Actor (CTRL LMB): MovablePlatorm_C (MovablePlatorm2)
[2017.02.01-11.02.09:798][753]LogEditorViewport: Clicking on Component (LMB): StaticMeshComponent (Floor1)
[2017.02.01-11.02.32:395][195]LogTexture:Display: Building textures: T_Water_M (AutoDXT)
[2017.02.01-11.02.33:633][195]LogMaterial: Missing cached shader map for material M_Water_Ocean, compiling. 
[2017.02.01-11.02.45:237][436]LogEditorViewport: Clicking on Component (LMB): StaticMeshComponent (Floor2)
[2017.02.01-11.02.48:336][505]LogEditorViewport: Clicking on Actor (LMB): MovablePlatorm_C (MovablePlatorm)
[2017.02.01-11.02.50:869][575]LogEditorViewport: Clicking on Actor (LMB): MovablePlatorm_C (MovablePlatorm)
[2017.02.01-11.02.54:282][654]LogEditorViewport: Clicking on Component (LMB): StaticMeshComponent (Floor1)
[2017.02.01-11.02.57:066][713]LogEditorViewport: Clicking on Actor (LMB): MovablePlatorm_C (MovablePlatorm4)
[2017.02.01-11.03.00:639][797]LogEditorViewport: Clicking on Component (LMB): StaticMeshComponent (Floor2)
[2017.02.01-11.03.03:398][855]LogEditorViewport: Clicking on Actor (LMB): MovablePlatorm_C (MovablePlatorm3)
[2017.02.01-11.03.08:732][983]LogEditorViewport: Clicking on Component (LMB): StaticMeshComponent (Floor1)
[2017.02.01-11.03.14:651][127]LogBlueprintUserMessages: Early PlayInEditor Detection: Level '/Game/ThirdPersonBP/Maps/ThirdPersonExampleMap.ThirdPersonExampleMap:PersistentLevel' has LevelScriptBlueprint '/Game/ThirdPersonBP/Maps/ThirdPersonExampleMap.ThirdPersonExampleMap:PersistentLevel.ThirdPersonExampleMap' with GeneratedClass '/Game/ThirdPersonBP/Maps/ThirdPersonExampleMap.ThirdPersonExampleMap_C' with ClassGeneratedBy '/Game/ThirdPersonBP/Maps/ThirdPersonExampleMap.ThirdPersonExampleMap:PersistentLevel.ThirdPersonExampleMap'
[2017.02.01-11.03.14:651][127]LogPlayLevel: PlayLevel: No blueprints needed recompiling
[2017.02.01-11.03.14:651][127]PIE: New page: PIE session: ThirdPersonExampleMap (1 Feb 2017 11:03:14)
[2017.02.01-11.03.14:651][127]LogPlayLevel: Creating play world package: /Game/ThirdPersonBP/Maps/UEDPIE_0_ThirdPersonExampleMap
[2017.02.01-11.03.14:674][127]LogPlayLevel: PIE: StaticDuplicateObject took: (0.022279s)
[2017.02.01-11.03.14:674][127]LogAIModule: Creating AISystem for world ThirdPersonExampleMap
[2017.02.01-11.03.14:674][127]LogPlayLevel: PIE: World Init took: (0.000725s)
[2017.02.01-11.03.14:675][127]LogPlayLevel: PIE: Created PIE world by copying editor world from /Game/ThirdPersonBP/Maps/ThirdPersonExampleMap.ThirdPersonExampleMap to /Game/ThirdPersonBP/Maps/UEDPIE_0_ThirdPersonExampleMap.ThirdPersonExampleMap (0.023252s)
[2017.02.01-11.03.14:707][127]LogInit: XAudio2 using 'Speakers / Headphones (Realtek High Definition Audio)' : 2 channels at 48 kHz using 32 bits per sample (channel mask 0x3)
[2017.02.01-11.03.14:716][127]LogInit: FAudioDevice initialized.
[2017.02.01-11.03.14:763][127]LogWorld: Game class is 'ThirdPersonGameMode_C'
[2017.02.01-11.03.14:802][127]LogWorld: Bringing World /Game/ThirdPersonBP/Maps/UEDPIE_0_ThirdPersonExampleMap.ThirdPersonExampleMap up for play (max tick rate 0) at 2017.02.01-11.03.14
[2017.02.01-11.03.14:804][127]LogWorld: Bringing up level for play took: 0.040481
[2017.02.01-11.03.14:808][127]PIE: Info Play in editor start time for /Game/ThirdPersonBP/Maps/UEDPIE_0_ThirdPersonExampleMap -0.424
[2017.02.01-11.03.14:809][127]LogBlueprintUserMessages: Late PlayInEditor Detection: Level '/Game/ThirdPersonBP/Maps/ThirdPersonExampleMap.ThirdPersonExampleMap:PersistentLevel' has LevelScriptBlueprint '/Game/ThirdPersonBP/Maps/ThirdPersonExampleMap.ThirdPersonExampleMap:PersistentLevel.ThirdPersonExampleMap' with GeneratedClass '/Game/ThirdPersonBP/Maps/ThirdPersonExampleMap.ThirdPersonExampleMap_C' with ClassGeneratedBy '/Game/ThirdPersonBP/Maps/ThirdPersonExampleMap.ThirdPersonExampleMap:PersistentLevel.ThirdPersonExampleMap'
[2017.02.01-11.03.22:471][411]LogBlueprintUserMessages: Early EndPlayMap Detection: Level '/Game/ThirdPersonBP/Maps/ThirdPersonExampleMap.ThirdPersonExampleMap:PersistentLevel' has LevelScriptBlueprint '/Game/ThirdPersonBP/Maps/ThirdPersonExampleMap.ThirdPersonExampleMap:PersistentLevel.ThirdPersonExampleMap' with GeneratedClass '/Game/ThirdPersonBP/Maps/ThirdPersonExampleMap.ThirdPersonExampleMap_C' with ClassGeneratedBy '/Game/ThirdPersonBP/Maps/ThirdPersonExampleMap.ThirdPersonExampleMap:PersistentLevel.ThirdPersonExampleMap'
[2017.02.01-11.03.22:525][411]LogBlueprintUserMessages: Late EndPlayMap Detection: Level '/Game/ThirdPersonBP/Maps/ThirdPersonExampleMap.ThirdPersonExampleMap:PersistentLevel' has LevelScriptBlueprint '/Game/ThirdPersonBP/Maps/ThirdPersonExampleMap.ThirdPersonExampleMap:PersistentLevel.ThirdPersonExampleMap' with GeneratedClass '/Game/ThirdPersonBP/Maps/ThirdPersonExampleMap.ThirdPersonExampleMap_C' with ClassGeneratedBy '/Game/ThirdPersonBP/Maps/ThirdPersonExampleMap.ThirdPersonExampleMap:PersistentLevel.ThirdPersonExampleMap'
[2017.02.01-11.03.28:573][583]LogEditorViewport: Clicking on Actor (LMB): StaticMeshActor (LeftArm_StaticMesh)
[2017.02.01-11.03.30:090][625]Cmd: DELETE
[2017.02.01-11.03.30:090][625]Cmd: ACTOR DELETE
[2017.02.01-11.03.30:144][625]LogEditorActor: Deleted Actor: StaticMeshActor
[2017.02.01-11.03.30:189][625]LogEditorActor: Deleted 1 Actors (0.065 secs)
[2017.02.01-11.03.30:694][640]LogEditorViewport: Clicking on Actor (LMB): StaticMeshActor (Bump_StaticMesh)
[2017.02.01-11.03.31:057][650]Cmd: DELETE
[2017.02.01-11.03.31:057][650]Cmd: ACTOR DELETE
[2017.02.01-11.03.31:057][650]LogEditorActor: Deleted Actor: StaticMeshActor
[2017.02.01-11.03.31:127][650]LogEditorActor: Deleted 1 Actors (0.071 secs)
[2017.02.01-11.03.31:569][664]LogEditorViewport: Clicking on Actor (LMB): StaticMeshActor (RightArm_StaticMesh)
[2017.02.01-11.03.31:928][673]Cmd: DELETE
[2017.02.01-11.03.31:928][673]Cmd: ACTOR DELETE
[2017.02.01-11.03.31:929][673]LogEditorActor: Deleted Actor: StaticMeshActor
[2017.02.01-11.03.31:995][673]LogEditorActor: Deleted 1 Actors (0.066 secs)
[2017.02.01-11.03.32:468][687]LogEditorViewport: Clicking on Actor (LMB): StaticMeshActor (Ramp_StaticMesh)
[2017.02.01-11.03.32:828][697]Cmd: DELETE
[2017.02.01-11.03.32:828][697]Cmd: ACTOR DELETE
[2017.02.01-11.03.32:829][697]LogEditorActor: Deleted Actor: StaticMeshActor
[2017.02.01-11.03.32:895][697]LogEditorActor: Deleted 1 Actors (0.067 secs)
[2017.02.01-11.03.33:538][717]LogEditorViewport: Clicking on Actor (LMB): StaticMeshActor (Floor)
[2017.02.01-11.03.34:968][754]LogEditorViewport: Clicking on Actor (LMB): StaticMeshActor (Linear_Stair_StaticMesh)
[2017.02.01-11.03.37:209][815]Cmd: DELETE
[2017.02.01-11.03.37:209][815]Cmd: ACTOR DELETE
[2017.02.01-11.03.37:210][815]LogEditorActor: Deleted Actor: StaticMeshActor
[2017.02.01-11.03.37:274][815]LogEditorActor: Deleted 1 Actors (0.065 secs)
[2017.02.01-11.03.37:824][832]MapCheck: New page: Map Check
[2017.02.01-11.03.38:022][832]Cmd: MAP REBUILD ALLVISIBLE
[2017.02.01-11.03.38:023][832]LogEditorServer: Rebuildmap Clear paths rebuilt
[2017.02.01-11.03.39:326][832]LightingResults: New page: Lighting Build - 1 Feb 2017 11:03:39
[2017.02.01-11.03.41:497][832]LogSwarmInterface: [OpenConnection] Registering TCP channel ...
[2017.02.01-11.03.41:582][832]LogSwarmInterface: [OpenConnection] Connecting to agent ...
[2017.02.01-11.03.41:731][832]LogSwarmInterface: [TryOpenConnection] Testing the Agent
[2017.02.01-11.03.43:714][832]LogSwarmInterface: [TryOpenConnection] Opening Connection to Agent
[2017.02.01-11.03.43:714][832]LogSwarmInterface: [TryOpenConnection] Local Process ID is 3564
[2017.02.01-11.03.51:060][832]LogStaticLightingSystem: Running Lightmass w/ ImmediateImport mode ENABLED
[2017.02.01-11.03.51:060][832]LogStaticLightingSystem: Running Lightmass w/ ImmediateProcess mode ENABLED
[2017.02.01-11.03.51:060][832]LogStaticLightingSystem: Running Lightmass w/ Sorting mode ENABLED
[2017.02.01-11.03.51:066][832]LogStaticLightingSystem: Running Lightmass w/ Mapping paddings ENABLED
[2017.02.01-11.03.51:066][832]LogStaticLightingSystem: Running Lightmass w/ Mapping debug paddings DISABLED
[2017.02.01-11.03.51:389][832]Cmd: MAP CHECK DONTDISPLAYDIALOG
[2017.02.01-11.03.51:390][832]MapCheck: New page: ThirdPersonExampleMap - 1 Feb 2017 11:03:51
[2017.02.01-11.03.51:529][832]MapCheck: Info Map check complete: 0 Error(s), 0 Warning(s), took 139.682ms to complete.
[2017.02.01-11.03.51:552][832]LogEditorBuildUtils: Build time 0:13
[2017.02.01-11.03.51:586][832]LogMaterial: Missing cached shader map for material FLightmassMaterialRenderer MaterialInstanceDynamic_1, compiling. 
[2017.02.01-11.03.51:591][832]LogMaterial: Missing cached shader map for material FLightmassMaterialRenderer MaterialInstanceDynamic_1, compiling. 
[2017.02.01-11.03.51:644][833]LogMaterial: Missing cached shader map for material FLightmassMaterialRenderer CubeMaterial, compiling. 
[2017.02.01-11.03.51:650][833]LogMaterial: Missing cached shader map for material FLightmassMaterialRenderer CubeMaterial, compiling. 
[2017.02.01-11.03.51:750][834]LogMaterial: Missing cached shader map for material FLightmassMaterialRenderer M_Water_Lake, compiling. 
[2017.02.01-11.03.51:757][834]LogMaterial: Missing cached shader map for material FLightmassMaterialRenderer M_Water_Lake, compiling. 
[2017.02.01-11.03.51:808][835]LogMaterial: Missing cached shader map for material FLightmassMaterialRenderer M_CobbleStone_Rough, compiling. 
[2017.02.01-11.03.51:816][835]LogMaterial: Missing cached shader map for material FLightmassMaterialRenderer M_CobbleStone_Rough, compiling. 
[2017.02.01-11.03.51:842][836]LogMaterial: Missing cached shader map for material FLightmassMaterialRenderer WorldGridMaterial, compiling. Is special engine material.
[2017.02.01-11.03.51:871][836]LogMaterial: Missing cached shader map for material FLightmassMaterialRenderer WorldGridMaterial, compiling. Is special engine material.
[2017.02.01-11.04.10:846][110]Job is a success!
[2017.02.01-11.04.12:258][111]LogTexture:Display: Building textures: SkyOcclusion0_1 (AutoDXT)
[2017.02.01-11.04.12:258][111]LogTexture:Display: Building textures: HQ_Lightmap1_1 (AutoDXT)
[2017.02.01-11.04.12:258][111]LogTexture:Display: Building textures: LQ_Lightmap_0_1 (DXT1)
[2017.02.01-11.04.12:258][111]LogTexture:Display: Building textures: SkyOcclusion0_2 (AutoDXT)
[2017.02.01-11.04.12:258][111]LogTexture:Display: Building textures: HQ_Lightmap1_2 (AutoDXT)
[2017.02.01-11.04.12:258][111]LogTexture:Display: Building textures: LQ_Lightmap_0_2 (DXT1)
[2017.02.01-11.04.12:258][111]LogTexture:Display: Building textures: SkyOcclusion0_3 (AutoDXT)
[2017.02.01-11.04.12:258][111]LogTexture:Display: Building textures: HQ_Lightmap1_3 (AutoDXT)
[2017.02.01-11.04.12:258][111]LogTexture:Display: Building textures: LQ_Lightmap_0_3 (DXT1)
[2017.02.01-11.04.12:735][111]LogTexture:Display: Building textures: ShadowMapTexture2D_3 (G8)
[2017.02.01-11.04.12:735][111]LogTexture:Display: Building textures: ShadowMapTexture2D_4 (G8)
[2017.02.01-11.04.12:833][111]Lightmass on PENGAME-58985: 16.4 sec total, 149 ms importing, 42 ms setup, 1.19 sec photons, 15.0 sec processing, 0 ms extra exporting [10/10 mappings]. Threads: 1:00 min total, 33.5 sec processing.
[2017.02.01-11.04.12:936][111]LogStaticLightingSystem: Illumination: 33.5 sec (1.10 sec encoding lightmaps, 474 ms encoding shadowmaps)
[2017.02.01-11.04.12:936][111]LogStaticLightingSystem: Lightmap texture memory:  5.3 MB (5.3 MB streaming, 0.0 MB non-streaming), 6 textures
[2017.02.01-11.04.12:936][111]LogStaticLightingSystem: Shadowmap texture memory: 2.7 MB (2.7 MB streaming, 0.0 MB non-streaming), 2 textures
[2017.02.01-11.04.13:051][112]Cmd: MAP CHECK NOTIFYRESULTS
[2017.02.01-11.04.13:051][112]MapCheck: New page: ThirdPersonExampleMap - 1 Feb 2017 11:04:13
[2017.02.01-11.04.13:168][112]MapCheck: Info Map check complete: 0 Error(s), 0 Warning(s), took 117.562ms to complete.
[2017.02.01-11.04.15:273][171]LogEditorViewport: Clicking Background
[2017.02.01-11.04.16:060][192]LogEditorViewport: Clicking on Actor (LMB): StaticMeshActor (CubeMesh)
[2017.02.01-11.04.17:015][217]Cmd: DELETE
[2017.02.01-11.04.17:015][217]Cmd: ACTOR DELETE
[2017.02.01-11.04.17:016][217]LogEditorActor: Deleted Actor: StaticMeshActor
[2017.02.01-11.04.17:092][217]LogEditorActor: Deleted 1 Actors (0.077 secs)
[2017.02.01-11.04.18:646][263]MapCheck: New page: Map Check
[2017.02.01-11.04.18:719][263]Cmd: MAP REBUILD ALLVISIBLE
[2017.02.01-11.04.18:719][263]LogEditorServer: Rebuildmap Clear paths rebuilt
[2017.02.01-11.04.18:755][263]LightingResults: New page: Lighting Build - 1 Feb 2017 11:04:18
[2017.02.01-11.04.19:685][263]LogSwarmInterface: [OpenConnection] Registering TCP channel ...
[2017.02.01-11.04.19:689][263]LogSwarmInterface: [OpenConnection] Connecting to agent ...
[2017.02.01-11.04.19:689][263]LogSwarmInterface: [TryOpenConnection] Testing the Agent
[2017.02.01-11.04.19:690][263]LogSwarmInterface: [TryOpenConnection] Opening Connection to Agent
[2017.02.01-11.04.19:690][263]LogSwarmInterface: [TryOpenConnection] Local Process ID is 3564
[2017.02.01-11.04.25:232][263]LogEditorBuildUtils: Build time 0:06
[2017.02.01-11.04.28:465][352]LogEditorViewport: Clicking on Actor (LMB): CheckpointCube_Blueprint_C (Movable_Wall_Switch_1)
[2017.02.01-11.04.29:816][388]Cmd: DELETE
[2017.02.01-11.04.29:816][388]Cmd: ACTOR DELETE
[2017.02.01-11.04.29:817][388]LogEditorActor: Deleted Actor: CheckpointCube_Blueprint_C
[2017.02.01-11.04.29:884][388]LogEditorActor: Deleted 1 Actors (0.068 secs)
[2017.02.01-11.04.31:848][446]LogEditorViewport: Clicking on Actor (LMB): TriggerBox (Switch_ For_Movable_Wall)
[2017.02.01-11.04.32:518][463]Cmd: DELETE
[2017.02.01-11.04.32:518][463]Cmd: ACTOR DELETE
[2017.02.01-11.04.32:519][463]LogEditorActor: Deleted Actor: TriggerBox
[2017.02.01-11.04.32:560][463]LogEditorActor: Deleted 1 Actors (0.042 secs)
[2017.02.01-11.04.35:660][553]MapCheck: New page: Map Check
[2017.02.01-11.04.35:734][553]Cmd: MAP REBUILD ALLVISIBLE
[2017.02.01-11.04.35:734][553]LogEditorServer: Rebuildmap Clear paths rebuilt
[2017.02.01-11.04.35:757][553]LightingResults: New page: Lighting Build - 1 Feb 2017 11:04:35
[2017.02.01-11.04.36:688][553]LogSwarmInterface: [OpenConnection] Registering TCP channel ...
[2017.02.01-11.04.36:691][553]LogSwarmInterface: [OpenConnection] Connecting to agent ...
[2017.02.01-11.04.36:691][553]LogSwarmInterface: [TryOpenConnection] Testing the Agent
[2017.02.01-11.04.36:692][553]LogSwarmInterface: [TryOpenConnection] Opening Connection to Agent
[2017.02.01-11.04.36:692][553]LogSwarmInterface: [TryOpenConnection] Local Process ID is 3564
[2017.02.01-11.04.41:204][553]LogStaticLightingSystem: Running Lightmass w/ ImmediateImport mode ENABLED
[2017.02.01-11.04.41:204][553]LogStaticLightingSystem: Running Lightmass w/ ImmediateProcess mode ENABLED
[2017.02.01-11.04.41:204][553]LogStaticLightingSystem: Running Lightmass w/ Sorting mode ENABLED
[2017.02.01-11.04.41:204][553]LogStaticLightingSystem: Running Lightmass w/ Mapping paddings ENABLED
[2017.02.01-11.04.41:204][553]LogStaticLightingSystem: Running Lightmass w/ Mapping debug paddings DISABLED
[2017.02.01-11.04.41:310][553]Cmd: MAP CHECK DONTDISPLAYDIALOG
[2017.02.01-11.04.41:310][553]MapCheck: New page: ThirdPersonExampleMap - 1 Feb 2017 11:04:41
[2017.02.01-11.04.41:395][553]MapCheck: Info Map check complete: 0 Error(s), 0 Warning(s), took 84.978ms to complete.
[2017.02.01-11.04.41:417][553]LogEditorBuildUtils: Build time 0:05
[2017.02.01-11.04.55:925][933]Job is a success!
[2017.02.01-11.04.57:626][935]LogTexture:Display: Building textures: SkyOcclusion1_1 (AutoDXT)
[2017.02.01-11.04.57:626][935]LogTexture:Display: Building textures: HQ_Lightmap0_1 (AutoDXT)
[2017.02.01-11.04.57:626][935]LogTexture:Display: Building textures: LQ_Lightmap_1_1 (DXT1)
[2017.02.01-11.04.57:626][935]LogTexture:Display: Building textures: SkyOcclusion1_2 (AutoDXT)
[2017.02.01-11.04.57:626][935]LogTexture:Display: Building textures: HQ_Lightmap0_2 (AutoDXT)
[2017.02.01-11.04.57:626][935]LogTexture:Display: Building textures: LQ_Lightmap_1_2 (DXT1)
[2017.02.01-11.04.57:626][935]LogTexture:Display: Building textures: SkyOcclusion1_3 (AutoDXT)
[2017.02.01-11.04.57:626][935]LogTexture:Display: Building textures: HQ_Lightmap0_3 (AutoDXT)
[2017.02.01-11.04.57:626][935]LogTexture:Display: Building textures: LQ_Lightmap_1_3 (DXT1)
[2017.02.01-11.04.58:116][935]LogTexture:Display: Building textures: ShadowMapTexture2D_5 (G8)
[2017.02.01-11.04.58:116][935]LogTexture:Display: Building textures: ShadowMapTexture2D_6 (G8)
[2017.02.01-11.04.58:161][935]Lightmass on PENGAME-58985: 15.9 sec total, 123 ms importing, 114 ms setup, 1.34 sec photons, 14.3 sec processing, 0 ms extra exporting [8/8 mappings]. Threads: 57.5 sec total, 30.9 sec processing.
[2017.02.01-11.04.58:167][935]LogStaticLightingSystem: Illumination: 22.3 sec (1.08 sec encoding lightmaps, 486 ms encoding shadowmaps)
[2017.02.01-11.04.58:167][935]LogStaticLightingSystem: Lightmap texture memory:  5.3 MB (5.3 MB streaming, 0.0 MB non-streaming), 6 textures
[2017.02.01-11.04.58:167][935]LogStaticLightingSystem: Shadowmap texture memory: 2.7 MB (2.7 MB streaming, 0.0 MB non-streaming), 2 textures
[2017.02.01-11.04.58:214][936]Cmd: MAP CHECK NOTIFYRESULTS
[2017.02.01-11.04.58:214][936]MapCheck: New page: ThirdPersonExampleMap - 1 Feb 2017 11:04:58
[2017.02.01-11.04.58:310][936]MapCheck: Info Map check complete: 0 Error(s), 0 Warning(s), took 96.142ms to complete.
[2017.02.01-11.05.37:023][ 47]LogSavePackage: Save=29750.36ms
[2017.02.01-11.05.37:025][ 47]LogSavePackage: Moving 'G:/Unreal Project/ToolBoxGame1/Saved/ThirdPersonExampleMap_Auto22B164D9C45B2BBD32DA937A13BB137F7.tmp' to 'G:/Unreal Project/ToolBoxGame1/Saved/Autosaves/Game/ThirdPersonBP/Maps/ThirdPersonExampleMap_Auto2.umap'
[2017.02.01-11.05.37:105][ 47]LogSavePackage:Display: Finished SavePackage G:/Unreal Project/ToolBoxGame1/Saved/Autosaves/Game/ThirdPersonBP/Maps/ThirdPersonExampleMap_Auto2.umap
[2017.02.01-11.05.37:564][ 47]LogFileHelpers: Editor autosave (incl. sublevels) for '/Game/ThirdPersonBP/Maps/ThirdPersonExampleMap' took 34.842
[2017.02.01-11.05.37:564][ 47]LogFileHelpers: Editor autosave (incl. sublevels) for all levels took 34.842
[2017.02.01-11.06.33:311][ 71]LogSavePackage: Save=23645.55ms
[2017.02.01-11.06.33:314][ 71]LogSavePackage: Moving 'G:/Unreal Project/ToolBoxGame1/Saved/ThirdPersonExampleMap8289D6F84F858343252E92BE063EED66.tmp' to 'G:/Unreal Project/ToolBoxGame1/Content/ThirdPersonBP/Maps/ThirdPersonExampleMap.umap'
[2017.02.01-11.06.33:432][ 71]LogSavePackage:Display: Finished SavePackage G:/Unreal Project/ToolBoxGame1/Content/ThirdPersonBP/Maps/ThirdPersonExampleMap.umap
[2017.02.01-11.06.34:833][ 71]LogFileHelpers: Saving map 'ThirdPersonExampleMap' took 26.652
[2017.02.01-11.06.39:294][406]Cmd: QUIT_EDITOR
[2017.02.01-11.06.40:260][406]LogWindowsTextInputMethodSystem:Display: IME system now deactivated.
[2017.02.01-11.06.40:363][406]LogExit: Preparing to exit.
[2017.02.01-11.06.41:519][406]LogExit: Editor shut down
[2017.02.01-11.06.41:523][406]LogExit: Transaction tracking system shut down
[2017.02.01-11.06.41:761][406]LogObj: Freed 0b from 0 cluster array pools.
[2017.02.01-11.06.41:762][406]LogExit: Object subsystem successfully closed.
[2017.02.01-11.06.41:782][406]LogD3D11RHI: Shutdown
[2017.02.01-11.06.41:782][406]LogD3D11RHI: CleanupD3DDevice
[2017.02.01-11.06.41:856][406]LogD3D11RHI: ~FD3D11DynamicRHI
[2017.02.01-11.06.41:868][406]LogModuleManager: Shutting down and abandoning module HierarchicalLODUtilities (211)
[2017.02.01-11.06.41:878][406]LogModuleManager: Shutting down and abandoning module BlueprintGraph (210)
[2017.02.01-11.06.41:878][406]LogModuleManager: Shutting down and abandoning module MovieSceneCapture (209)
[2017.02.01-11.06.41:878][406]LogModuleManager: Shutting down and abandoning module HierarchicalLODOutliner (208)
[2017.02.01-11.06.41:879][406]LogModuleManager: Shutting down and abandoning module CrashTracker (207)
[2017.02.01-11.06.41:879][406]LogModuleManager: Shutting down and abandoning module SceneOutliner (206)
[2017.02.01-11.06.41:879][406]LogModuleManager: Shutting down and abandoning module WidgetCarousel (205)
[2017.02.01-11.06.41:879][406]LogModuleManager: Shutting down and abandoning module AddContentDialog (204)
[2017.02.01-11.06.41:884][406]LogModuleManager: Shutting down and abandoning module GameplayTags (203)
[2017.02.01-11.06.41:884][406]LogModuleManager: Shutting down and abandoning module EditorWidgets (202)
[2017.02.01-11.06.41:884][406]LogModuleManager: Shutting down and abandoning module CollectionManager (201)
[2017.02.01-11.06.43:105][406]LogModuleManager: Shutting down and abandoning module StatsViewer (200)
[2017.02.01-11.06.43:105][406]LogModuleManager: Shutting down and abandoning module FoliageEdit (199)
[2017.02.01-11.06.43:105][406]LogModuleManager: Shutting down and abandoning module LandscapeEditor (198)
[2017.02.01-11.06.43:105][406]LogModuleManager: Shutting down and abandoning module SceneDepthPickerMode (197)
[2017.02.01-11.06.43:105][406]LogModuleManager: Shutting down and abandoning module ActorPickerMode (196)
[2017.02.01-11.06.43:105][406]LogModuleManager: Shutting down and abandoning module GeometryMode (195)
[2017.02.01-11.06.43:105][406]LogModuleManager: Shutting down and abandoning module TextureAlignMode (194)
[2017.02.01-11.06.43:105][406]LogModuleManager: Shutting down and abandoning module BspMode (193)
[2017.02.01-11.06.43:105][406]LogModuleManager: Shutting down and abandoning module HardwareSurvey (192)
[2017.02.01-11.06.43:105][406]LogModuleManager: Shutting down and abandoning module SequenceRecorderSections (191)
[2017.02.01-11.06.43:105][406]LogModuleManager: Shutting down and abandoning module SequenceRecorder (190)
[2017.02.01-11.06.43:105][406]LogModuleManager: Shutting down and abandoning module AutomationWorker (189)
[2017.02.01-11.06.43:105][406]LogModuleManager: Shutting down and abandoning module MatineeToLevelSequence (188)
[2017.02.01-11.06.43:105][406]LogModuleManager: Shutting down and abandoning module PlacementMode (187)
[2017.02.01-11.06.43:105][406]LogModuleManager: Shutting down and abandoning module LevelSequenceEditor (186)
[2017.02.01-11.06.43:105][406]LogModuleManager: Shutting down and abandoning module CharacterAI (185)
[2017.02.01-11.06.43:105][406]LogModuleManager: Shutting down and abandoning module SmartSnapping (184)
[2017.02.01-11.06.43:105][406]LogModuleManager: Shutting down and abandoning module SessionServices (183)
[2017.02.01-11.06.43:105][406]LogModuleManager: Shutting down and abandoning module ViewportSnapping (182)
[2017.02.01-11.06.43:105][406]LogModuleManager: Shutting down and abandoning module LogVisualizer (181)
[2017.02.01-11.06.43:105][406]LogModuleManager: Shutting down and abandoning module GameProjectGeneration (180)
[2017.02.01-11.06.43:105][406]LogModuleManager: Shutting down and abandoning module IntroTutorials (179)
[2017.02.01-11.06.43:105][406]LogModuleManager: Shutting down and abandoning module EditorLiveStreaming (178)
[2017.02.01-11.06.43:105][406]LogModuleManager: Shutting down and abandoning module IOSPlatformEditor (177)
[2017.02.01-11.06.43:105][406]LogModuleManager: Shutting down and abandoning module HTML5PlatformEditor (176)
[2017.02.01-11.06.43:105][406]LogModuleManager: Shutting down and abandoning module AndroidDeviceDetection (175)
[2017.02.01-11.06.43:423][406]LogModuleManager: Shutting down and abandoning module AndroidPlatformEditor (174)
[2017.02.01-11.06.43:423][406]LogModuleManager: Shutting down and abandoning module IOSRuntimeSettings (173)
[2017.02.01-11.06.43:423][406]LogModuleManager: Shutting down and abandoning module AndroidRuntimeSettings (172)
[2017.02.01-11.06.43:423][406]LogModuleManager: Shutting down and abandoning module MergeActors (171)
[2017.02.01-11.06.43:423][406]LogModuleManager: Shutting down and abandoning module SizeMap (170)
[2017.02.01-11.06.43:423][406]LogModuleManager: Shutting down and abandoning module TreeMap (169)
[2017.02.01-11.06.43:423][406]LogModuleManager: Shutting down and abandoning module ReferenceViewer (168)
[2017.02.01-11.06.43:423][406]LogModuleManager: Shutting down and abandoning module LocalizationService (167)
[2017.02.01-11.06.43:423][406]LogModuleManager: Shutting down and abandoning module LocalizationDashboard (166)
[2017.02.01-11.06.43:423][406]LogModuleManager: Shutting down and abandoning module HardwareTargeting (165)
[2017.02.01-11.06.43:423][406]LogModuleManager: Shutting down and abandoning module DeviceProfileEditor (164)
[2017.02.01-11.06.43:423][406]LogModuleManager: Shutting down and abandoning module UndoHistory (163)
[2017.02.01-11.06.43:424][406]LogModuleManager: Shutting down and abandoning module UserFeedback (162)
[2017.02.01-11.06.43:424][406]LogModuleManager: Shutting down and abandoning module XmlParser (161)
[2017.02.01-11.06.43:424][406]LogModuleManager: Shutting down and abandoning module Blutility (160)
[2017.02.01-11.06.43:424][406]LogModuleManager: Shutting down and abandoning module ProjectTargetPlatformEditor (159)
[2017.02.01-11.06.43:424][406]LogModuleManager: Shutting down and abandoning module ProjectSettingsViewer (158)
[2017.02.01-11.06.43:424][406]LogModuleManager: Shutting down and abandoning module InputBindingEditor (157)
[2017.02.01-11.06.43:424][406]LogModuleManager: Shutting down and abandoning module EditorSettingsViewer (156)
[2017.02.01-11.06.43:425][406]LogModuleManager: Shutting down and abandoning module SettingsEditor (155)
[2017.02.01-11.06.43:425][406]LogModuleManager: Shutting down and abandoning module ProjectLauncher (154)
[2017.02.01-11.06.43:425][406]LogModuleManager: Shutting down and abandoning module SessionFrontend (153)
[2017.02.01-11.06.43:425][406]LogModuleManager: Shutting down and abandoning module ProfilerClient (152)
[2017.02.01-11.06.43:425][406]LogModuleManager: Shutting down and abandoning module TargetDeviceServices (151)
[2017.02.01-11.06.43:425][406]LogModuleManager: Shutting down and abandoning module DeviceManager (150)
[2017.02.01-11.06.43:489][406]LogModuleManager: Shutting down and abandoning module AutomationController (149)
[2017.02.01-11.06.43:489][406]LogModuleManager: Shutting down and abandoning module AutomationWindow (148)
[2017.02.01-11.06.43:489][406]LogModuleManager: Shutting down and abandoning module Layers (147)
[2017.02.01-11.06.43:489][406]LogModuleManager: Shutting down and abandoning module ComponentVisualizers (146)
[2017.02.01-11.06.43:489][406]LogModuleManager: Shutting down and abandoning module DetailCustomizations (145)
[2017.02.01-11.06.43:489][406]LogModuleManager: Shutting down and abandoning module PackagesDialog (144)
[2017.02.01-11.06.43:489][406]LogModuleManager: Shutting down and abandoning module Persona (143)
[2017.02.01-11.06.43:489][406]LogModuleManager: Shutting down and abandoning module Kismet (142)
[2017.02.01-11.06.43:489][406]LogModuleManager: Shutting down and abandoning module GraphEditor (141)
[2017.02.01-11.06.43:489][406]LogModuleManager: Shutting down and abandoning module ClassViewer (140)
[2017.02.01-11.06.43:489][406]LogModuleManager: Shutting down and abandoning module Toolbox (139)
[2017.02.01-11.06.43:489][406]LogModuleManager: Shutting down and abandoning module ModuleUI (138)
[2017.02.01-11.06.43:489][406]LogModuleManager: Shutting down and abandoning module MovieSceneTools (137)
[2017.02.01-11.06.43:489][406]LogModuleManager: Shutting down and abandoning module OutputLog (136)
[2017.02.01-11.06.43:489][406]LogModuleManager: Shutting down and abandoning module GammaUI (135)
[2017.02.01-11.06.43:489][406]LogModuleManager: Shutting down and abandoning module Documentation (134)
[2017.02.01-11.06.43:489][406]LogModuleManager: Shutting down and abandoning module StreamingPauseRendering (133)
[2017.02.01-11.06.43:489][406]LogModuleManager: Shutting down and abandoning module AnalyticsET (132)
[2017.02.01-11.06.43:489][406]LogModuleManager: Shutting down and abandoning module Analytics (131)
[2017.02.01-11.06.43:489][406]LogModuleManager: Shutting down and abandoning module PortalServices (130)
[2017.02.01-11.06.43:489][406]LogModuleManager: Shutting down and abandoning module PortalRpc (129)
[2017.02.01-11.06.43:489][406]LogModuleManager: Shutting down and abandoning module MessagingRpc (128)
[2017.02.01-11.06.43:489][406]LogModuleManager: Shutting down and abandoning module GameplayDebugger (127)
[2017.02.01-11.06.43:489][406]LogModuleManager: Shutting down and abandoning module AITestSuite (126)
[2017.02.01-11.06.43:489][406]LogModuleManager: Shutting down and abandoning module AIModule (125)
[2017.02.01-11.06.43:489][406]LogModuleManager: Shutting down and abandoning module ProfilerService (124)
[2017.02.01-11.06.43:502][406]LogModuleManager: Shutting down and abandoning module TaskGraph (123)
[2017.02.01-11.06.43:502][406]LogModuleManager: Shutting down and abandoning module SlateRemote (122)
[2017.02.01-11.06.43:502][406]LogModuleManager: Shutting down and abandoning module SteamVRController (121)
[2017.02.01-11.06.43:502][406]LogModuleManager: Shutting down and abandoning module SteamVR (120)
[2017.02.01-11.06.43:502][406]LogModuleManager: Shutting down and abandoning module ProceduralMeshComponent (119)
[2017.02.01-11.06.43:502][406]LogModuleManager: Shutting down and abandoning module OculusLibrary (118)
[2017.02.01-11.06.43:502][406]LogModuleManager: Shutting down and abandoning module OculusInput (117)
[2017.02.01-11.06.43:502][406]LogModuleManager: Shutting down and abandoning module CustomMeshComponent (116)
[2017.02.01-11.06.43:502][406]LogModuleManager: Shutting down and abandoning module CableComponent (115)
[2017.02.01-11.06.43:502][406]LogModuleManager: Shutting down and abandoning module ArchVisCharacter (114)
[2017.02.01-11.06.43:502][406]LogModuleManager: Shutting down and abandoning module MediaPlayerEditor (113)
[2017.02.01-11.06.43:502][406]LogModuleManager: Shutting down and abandoning module HTML5Networking (112)
[2017.02.01-11.06.43:502][406]LogModuleManager: Shutting down and abandoning module SuperSearch (111)
[2017.02.01-11.06.43:502][406]LogModuleManager: Shutting down and abandoning module SuperSearchEditor (110)
[2017.02.01-11.06.43:502][406]LogModuleManager: Shutting down and abandoning module SpeedTreeImporter (109)
[2017.02.01-11.06.43:502][406]LogModuleManager: Shutting down and abandoning module PluginBrowser (108)
[2017.02.01-11.06.43:503][406]LogModuleManager: Shutting down and abandoning module EpicSurvey (107)
[2017.02.01-11.06.43:503][406]LogModuleManager: Shutting down and abandoning module DesktopPlatform (106)
[2017.02.01-11.06.43:503][406]LogModuleManager: Shutting down and abandoning module VisualStudioSourceCodeAccess (105)
[2017.02.01-11.06.43:503][406]LogModuleManager: Shutting down and abandoning module UObjectPlugin (104)
[2017.02.01-11.06.43:503][406]LogModuleManager: Shutting down and abandoning module SubversionSourceControl (103)
[2017.02.01-11.06.43:503][406]LogModuleManager: Shutting down and abandoning module PerforceSourceControl (102)
[2017.02.01-11.06.43:503][406]LogModuleManager: Shutting down and abandoning module SourceControl (101)
[2017.02.01-11.06.43:503][406]LogModuleManager: Shutting down and abandoning module GitSourceControl (100)
[2017.02.01-11.06.43:503][406]LogModuleManager: Shutting down and abandoning module LightPropagationVolumeEditor (99)
[2017.02.01-11.06.43:503][406]LogModuleManager: Shutting down and abandoning module PaperTiledImporter (98)
[2017.02.01-11.06.43:503][406]LogModuleManager: Shutting down and abandoning module PaperSpriteSheetImporter (97)
[2017.02.01-11.06.43:503][406]LogModuleManager: Shutting down and abandoning module MeshPaint (96)
[2017.02.01-11.06.43:503][406]LogModuleManager: Shutting down and abandoning module PixelInspectorModule (95)
[2017.02.01-11.06.43:504][406]LogModuleManager: Shutting down and abandoning module HotReload (94)
[2017.02.01-11.06.43:505][406]LogModuleManager: Shutting down and abandoning module MainFrame (93)
[2017.02.01-11.06.43:505][406]LogModuleManager: Shutting down and abandoning module LevelEditor (92)
[2017.02.01-11.06.43:508][406]LogModuleManager: Shutting down and abandoning module ContentBrowser (91)
[2017.02.01-11.06.43:513][406]LogModuleManager: Shutting down and abandoning module Paper2DEditor (90)
[2017.02.01-11.06.43:514][406]LogModuleManager: Shutting down and abandoning module UdpMessaging (89)
[2017.02.01-11.06.43:615][406]LogModuleManager: Shutting down and abandoning module LightPropagationVolumeRuntime (88)
[2017.02.01-11.06.43:615][406]LogModuleManager: Shutting down and abandoning module Paper2D (87)
[2017.02.01-11.06.43:615][406]LogModuleManager: Shutting down and abandoning module WindowsMoviePlayer (86)
[2017.02.01-11.06.43:615][406]LogModuleManager: Shutting down and abandoning module Media (85)
[2017.02.01-11.06.43:615][406]LogModuleManager: Shutting down and abandoning module WmfMedia (84)
[2017.02.01-11.06.43:615][406]LogModuleManager: Shutting down and abandoning module MediaAssets (83)
[2017.02.01-11.06.43:615][406]LogModuleManager: Shutting down and abandoning module GameLiveStreaming (82)
[2017.02.01-11.06.43:616][406]LogModuleManager: Shutting down and abandoning module GameplayTagsEditor (81)
[2017.02.01-11.06.43:616][406]LogModuleManager: Shutting down and abandoning module OnlineBlueprintSupport (80)
[2017.02.01-11.06.43:616][406]LogModuleManager: Shutting down and abandoning module VREditor (79)
[2017.02.01-11.06.43:616][406]LogModuleManager: Shutting down and abandoning module GameplayTasksEditor (78)
[2017.02.01-11.06.43:616][406]LogModuleManager: Shutting down and abandoning module PropertyEditor (77)
[2017.02.01-11.06.43:616][406]LogModuleManager: Shutting down and abandoning module BehaviorTreeEditor (76)
[2017.02.01-11.06.43:616][406]LogModuleManager: Shutting down and abandoning module FunctionalTesting (75)
[2017.02.01-11.06.43:616][406]LogModuleManager: Shutting down and abandoning module CollisionAnalyzer (74)
[2017.02.01-11.06.43:616][406]LogModuleManager: Shutting down and abandoning module Sequencer (73)
[2017.02.01-11.06.43:617][406]LogModuleManager: Shutting down and abandoning module WorkspaceMenuStructure (72)
[2017.02.01-11.06.43:617][406]LogModuleManager: Shutting down and abandoning module MessageLog (71)
[2017.02.01-11.06.43:617][406]LogModuleManager: Shutting down and abandoning module AssetTools (70)
[2017.02.01-11.06.43:617][406]LogModuleManager: Shutting down and abandoning module UMGEditor (69)
[2017.02.01-11.06.43:617][406]LogModuleManager: Shutting down and abandoning module UMG (68)
[2017.02.01-11.06.43:617][406]LogModuleManager: Shutting down and abandoning module SlateReflector (67)
[2017.02.01-11.06.43:617][406]LogModuleManager: Shutting down and abandoning module Slate (66)
[2017.02.01-11.06.43:617][406]LogModuleManager: Shutting down and abandoning module EditorStyle (65)
[2017.02.01-11.06.43:627][406]LogModuleManager: Shutting down and abandoning module SourceCodeAccess (64)
[2017.02.01-11.06.43:627][406]LogModuleManager: Shutting down and abandoning module HeadMountedDisplay (63)
[2017.02.01-11.06.43:627][406]LogModuleManager: Shutting down and abandoning module XAudio2 (62)
[2017.02.01-11.06.43:627][406]LogModuleManager: Shutting down and abandoning module Networking (60)
[2017.02.01-11.06.43:627][406]LogModuleManager: Shutting down and abandoning module Core (59)
[2017.02.01-11.06.43:627][406]LogModuleManager: Shutting down and abandoning module DirectoryWatcher (58)
[2017.02.01-11.06.43:644][406]LogModuleManager: Shutting down and abandoning module AssetRegistry (57)
[2017.02.01-11.06.52:586][406]LogModuleManager: Shutting down and abandoning module KismetCompiler (56)
[2017.02.01-11.06.52:586][406]LogModuleManager: Shutting down and abandoning module PhysXFormats (55)
[2017.02.01-11.06.52:586][406]LogModuleManager: Shutting down and abandoning module MeshUtilities (54)
[2017.02.01-11.06.52:586][406]LogModuleManager: Shutting down and abandoning module DerivedDataCache (53)
[2017.02.01-11.06.52:656][406]LogDerivedDataCache: Shutdown
[2017.02.01-11.06.52:656][406]LogModuleManager: Shutting down and abandoning module MetalShaderFormat (52)
[2017.02.01-11.06.52:656][406]LogModuleManager: Shutting down and abandoning module VulkanShaderFormat (51)
[2017.02.01-11.06.52:656][406]LogModuleManager: Shutting down and abandoning module ShaderFormatD3D (50)
[2017.02.01-11.06.52:656][406]LogModuleManager: Shutting down and abandoning module ShaderFormatOpenGL (49)
[2017.02.01-11.06.52:657][406]LogModuleManager: Shutting down and abandoning module TextureFormatUncompressed (48)
[2017.02.01-11.06.52:657][406]LogModuleManager: Shutting down and abandoning module ImageWrapper (47)
[2017.02.01-11.06.52:657][406]LogModuleManager: Shutting down and abandoning module TextureFormatASTC (46)
[2017.02.01-11.06.52:657][406]LogModuleManager: Shutting down and abandoning module TextureFormatPVR (45)
[2017.02.01-11.06.52:657][406]LogModuleManager: Shutting down and abandoning module TextureFormatDXT (44)
[2017.02.01-11.06.52:657][406]LogModuleManager: Shutting down and abandoning module TextureFormatIntelISPCTexComp (43)
[2017.02.01-11.06.52:657][406]LogModuleManager: Shutting down and abandoning module AudioFormatOpus (42)
[2017.02.01-11.06.52:657][406]LogModuleManager: Shutting down and abandoning module AudioFormatOgg (41)
[2017.02.01-11.06.52:657][406]LogModuleManager: Shutting down and abandoning module AudioFormatADPCM (40)
[2017.02.01-11.06.52:657][406]LogModuleManager: Shutting down and abandoning module TVOSTargetPlatform (39)
[2017.02.01-11.06.52:657][406]LogModuleManager: Shutting down and abandoning module Messaging (38)
[2017.02.01-11.06.52:657][406]LogModuleManager: Shutting down and abandoning module IOSTargetPlatform (37)
[2017.02.01-11.06.52:658][406]LogModuleManager: Shutting down and abandoning module HTML5TargetPlatform (36)
[2017.02.01-11.06.52:659][406]LogModuleManager: Shutting down and abandoning module Android_MultiTargetPlatform (35)
[2017.02.01-11.06.52:660][406]LogModuleManager: Shutting down and abandoning module Android_ASTCTargetPlatform (34)
[2017.02.01-11.06.52:660][406]LogModuleManager: Shutting down and abandoning module Android_ETC2TargetPlatform (33)
[2017.02.01-11.06.52:660][406]LogModuleManager: Shutting down and abandoning module Android_ETC1TargetPlatform (32)
[2017.02.01-11.06.52:660][406]LogModuleManager: Shutting down and abandoning module Android_DXTTargetPlatform (31)
[2017.02.01-11.06.52:660][406]LogModuleManager: Shutting down and abandoning module Android_ATCTargetPlatform (30)
[2017.02.01-11.06.52:660][406]LogModuleManager: Shutting down and abandoning module Android_PVRTCTargetPlatform (29)
[2017.02.01-11.06.52:660][406]LogModuleManager: Shutting down and abandoning module AndroidTargetPlatform (28)
[2017.02.01-11.06.52:660][406]LogModuleManager: Shutting down and abandoning module AllDesktopTargetPlatform (27)
[2017.02.01-11.06.52:660][406]LogModuleManager: Shutting down and abandoning module WindowsClientTargetPlatform (26)
[2017.02.01-11.06.52:661][406]LogModuleManager: Shutting down and abandoning module WindowsServerTargetPlatform (25)
[2017.02.01-11.06.52:664][406]LogModuleManager: Shutting down and abandoning module WindowsNoEditorTargetPlatform (24)
[2017.02.01-11.06.52:666][406]LogModuleManager: Shutting down and abandoning module WindowsTargetPlatform (23)
[2017.02.01-11.06.52:667][406]LogModuleManager: Shutting down and abandoning module TargetPlatform (22)
[2017.02.01-11.06.52:667][406]LogModuleManager: Shutting down and abandoning module InputCore (21)
[2017.02.01-11.06.52:667][406]LogModuleManager: Shutting down and abandoning module Settings (20)
[2017.02.01-11.06.52:667][406]LogModuleManager: Shutting down and abandoning module OnlineSubsystem (18)
[2017.02.01-11.06.52:668][406]LogModuleManager: Shutting down and abandoning module HTTP (17)
[2017.02.01-11.06.56:693][406]LogModuleManager: Shutting down and abandoning module OculusRift (16)
[2017.02.01-11.06.56:694][406]LogModuleManager: Shutting down and abandoning module ExampleDeviceProfileSelector (15)
[2017.02.01-11.06.56:694][406]LogModuleManager: Shutting down and abandoning module TextureCompressor (14)
[2017.02.01-11.06.56:694][406]LogModuleManager: Shutting down and abandoning module ShaderCore (13)
[2017.02.01-11.06.56:694][406]LogModuleManager: Shutting down and abandoning module Landscape (12)
[2017.02.01-11.06.56:694][406]LogModuleManager: Shutting down and abandoning module SlateRHIRenderer (11)
[2017.02.01-11.06.56:718][406]LogModuleManager: Shutting down and abandoning module OpenGLDrv (10)
[2017.02.01-11.06.56:718][406]LogModuleManager: Shutting down and abandoning module D3D11RHI (9)
[2017.02.01-11.06.56:718][406]LogModuleManager: Shutting down and abandoning module AnimGraphRuntime (8)
[2017.02.01-11.06.56:718][406]LogModuleManager: Shutting down and abandoning module Renderer (7)
[2017.02.01-11.06.56:718][406]LogModuleManager: Shutting down and abandoning module Engine (6)
[2017.02.01-11.06.56:718][406]LogModuleManager: Shutting down and abandoning module CoreUObject (5)
[2017.02.01-11.06.56:718][406]LogModuleManager: Shutting down and abandoning module NetworkFile (4)
[2017.02.01-11.06.56:719][406]LogModuleManager: Shutting down and abandoning module StreamingFile (3)
[2017.02.01-11.06.56:719][406]LogModuleManager: Shutting down and abandoning module SandboxFile (2)
[2017.02.01-11.06.56:719][406]LogModuleManager: Shutting down and abandoning module PakFile (1)
[2017.02.01-11.06.56:720][406]LogExit: Exiting.
[2017.02.01-11.06.57:208][406]Log file closed, 02/01/17 11:06:57
