Log file open, 02/02/17 10:09:50
LogInit:Display: Running engine for game: ToolBoxGame
LogPlatformFile: Not using cached read wrapper
LogInit:Display: RandInit(180661651) SRandInit(180661652).
LogTaskGraph: Started task graph with 4 named threads and 7 total threads with 1 sets of task threads.
LogStats: Stats thread started at 0.124676
LogInit: Version: 4.12.5-3039270+++UE4+Release-4.12
LogInit: API Version: 2992821
LogInit: Net Version: 3039270
LogDevObjectVersion: Number of dev versions registered: 13
LogDevObjectVersion:   Dev-Blueprints (B0D832E4-1F89-4F0D-ACCF-7EB736FD4AA2): 3
LogDevObjectVersion:   Dev-Build (E1C64328-A22C-4D53-A36C-8E866417BD8C): 0
LogDevObjectVersion:   Dev-Core (375EC13C-06E4-48FB-B500-84F0262A717E): 1
LogDevObjectVersion:   Dev-Editor (E4B068ED-F494-42E9-A231-DA0B2E46BB41): 2
LogDevObjectVersion:   Dev-Framework (CFFC743F-43B0-4480-9391-14DF171D2073): 6
LogDevObjectVersion:   Dev-Mobile (B02B49B5-BB20-44E9-A304-32B752E40360): 0
LogDevObjectVersion:   Dev-Networking (A4E4105C-59A1-49B5-A7C5-40C4547EDFEE): 0
LogDevObjectVersion:   Dev-Online (39C831C9-5AE6-47DC-9A44-9C173E1C8E7C): 0
LogDevObjectVersion:   Dev-Physics (78F01B33-EBEA-4F98-B9B4-84EACCB95AA2): 0
LogDevObjectVersion:   Dev-Platform (6631380F-2D4D-43E0-8009-CF276956A95A): 0
LogDevObjectVersion:   Dev-Rendering (12F88B9F-8875-4AFC-A67C-D90C383ABD29): 2
LogDevObjectVersion:   Dev-Sequencer (7B5AE74C-D270-4C10-A958-57980B212A5A): 0
LogDevObjectVersion:   Dev-VR (D7296918-1DD6-4BDD-9DE2-64A83CC13884): 0
LogInit: Compiled (64-bit): Jul  6 2016 09:09:46
LogInit: Compiled with Visual C++: 19.00.23026.00
LogInit: Build Configuration: Development
LogInit: Branch Name: ++UE4+Release-4.12
LogInit: Command line:  
LogInit: Base directory: D:/Unreal Engine/UE_4.12/Engine/Binaries/Win64/
LogInit: Installed Engine Build: 1
LogInit: Using libcurl 7.41.0
LogInit:  - built for x86_64-pc-win32
LogInit:  - supports SSL with WinSSL
LogInit:  - other features:
LogInit:      CURL_VERSION_SSL
LogInit:      CURL_VERSION_IPV6
LogInit:      CURL_VERSION_ASYNCHDNS
LogInit:      CURL_VERSION_LARGEFILE
LogInit:      CURL_VERSION_IDN
LogInit:  CurlRequestOptions (configurable via config and command line):
LogInit:  - bVerifyPeer = true  - Libcurl will verify peer certificate
LogInit:  - bUseHttpProxy = false  - Libcurl will NOT use HTTP proxy
LogInit:  - bDontReuseConnections = false  - Libcurl will reuse connections
LogInit:  - CertBundlePath = nullptr  - Libcurl will use whatever was configured at build time.
LogInit: Presizing for max 8388607 objects, including 0 objects not considered by GC, pre-allocating 0 bytes for permanent pool.
LogInit: Object subsystem initialized
[2017.02.02-10.09.50:954][  0]LogInit: Selected Device Profile: [Windows]
[2017.02.02-10.09.50:954][  0]LogInit: Applying CVar settings loaded from the selected device profile: [Windows]
[2017.02.02-10.09.51:060][  0]LogInit: Computer: MSI
[2017.02.02-10.09.51:060][  0]LogInit: User: Callum
[2017.02.02-10.09.51:060][  0]LogInit: CPU Page size=65536, Cores=4
[2017.02.02-10.09.51:060][  0]LogInit: High frequency timer resolution =2.531248 MHz
[2017.02.02-10.09.51:061][  0]LogMemory: Memory total: Physical=15.9GB (16GB approx)
[2017.02.02-10.09.51:061][  0]LogMemory: Platform Memory Stats for Windows
[2017.02.02-10.09.51:061][  0]LogMemory: Process Physical Memory: 190.31 MB used, 190.31 MB peak
[2017.02.02-10.09.51:061][  0]LogMemory: Process Virtual Memory: 195.20 MB used, 195.20 MB peak
[2017.02.02-10.09.51:061][  0]LogMemory: Physical Memory: 4191.81 MB used, 16259.88 MB total
[2017.02.02-10.09.51:061][  0]LogMemory: Virtual Memory: 553.60 MB used, 134217728.00 MB total
[2017.02.02-10.09.52:296][  0]LogTextLocalizationManager: No specific translations for ('en-GB') exist, so ('en') translations will be used.
[2017.02.02-10.09.52:859][  0]LogD3D11RHI: D3D11 adapters:
[2017.02.02-10.09.53:544][  0]LogD3D11RHI:    0. 'NVIDIA GeForce GTX 1060' (Feature Level 11_0)
[2017.02.02-10.09.53:544][  0]LogD3D11RHI:       6084/0/8129 MB DedicatedVideo/DedicatedSystem/SharedSystem, Outputs:1, VendorId:0x10de
[2017.02.02-10.09.53:551][  0]LogD3D11RHI:    1. 'Intel(R) HD Graphics 530' (Feature Level 11_0)
[2017.02.02-10.09.53:551][  0]LogD3D11RHI:       128/0/8129 MB DedicatedVideo/DedicatedSystem/SharedSystem, Outputs:0, VendorId:0x8086
[2017.02.02-10.09.53:553][  0]LogD3D11RHI:    2. 'Microsoft Basic Render Driver' (Feature Level 11_0)
[2017.02.02-10.09.53:553][  0]LogD3D11RHI:       0/0/8129 MB DedicatedVideo/DedicatedSystem/SharedSystem, Outputs:0, VendorId:0x1414
[2017.02.02-10.09.53:553][  0]LogD3D11RHI: Chosen D3D11 Adapter: 0
[2017.02.02-10.09.53:560][  0]LogD3D11RHI: Creating new Direct3DDevice
[2017.02.02-10.09.53:560][  0]LogD3D11RHI:     GPU DeviceId: 0x1c20 (for the marketing name, search the web for "GPU Device Id")
[2017.02.02-10.09.53:560][  0]LogWindows: EnumDisplayDevices:
[2017.02.02-10.09.53:560][  0]LogWindows:    0. 'Intel(R) HD Graphics 530' (P:1 D:1)
[2017.02.02-10.09.53:560][  0]LogWindows:    1. 'Intel(R) HD Graphics 530' (P:0 D:0)
[2017.02.02-10.09.53:560][  0]LogWindows:    2. 'Intel(R) HD Graphics 530' (P:0 D:0)
[2017.02.02-10.09.53:561][  0]LogWindows:    3. 'NVIDIA GeForce GTX 1060' (P:0 D:0)
[2017.02.02-10.09.53:561][  0]LogWindows:    4. 'NVIDIA GeForce GTX 1060' (P:0 D:0)
[2017.02.02-10.09.53:561][  0]LogWindows:    5. 'NVIDIA GeForce GTX 1060' (P:0 D:0)
[2017.02.02-10.09.53:561][  0]LogWindows:    6. 'NVIDIA GeForce GTX 1060' (P:0 D:0)
[2017.02.02-10.09.53:561][  0]LogWindows: DebugString: PrimaryIsNotTheChoosenAdapter PrimaryIsNotTheChoosenAdapter PrimaryIsNotTheChoosenAdapter FoundDriverCount:4 
[2017.02.02-10.09.53:561][  0]LogD3D11RHI:     Adapter Name: NVIDIA GeForce GTX 1060
[2017.02.02-10.09.53:561][  0]LogD3D11RHI:   Driver Version: 378.49 (internal:21.21.13.7849, unified:378.49)
[2017.02.02-10.09.53:561][  0]LogD3D11RHI:      Driver Date: 1-20-2017
[2017.02.02-10.09.53:561][  0]LogRHI: Texture pool is 1361 MB (70% of 1945 MB)
[2017.02.02-10.09.54:164][  0]LogD3D11RHI: Async texture creation enabled
[2017.02.02-10.09.54:246][  0]LogD3D11RHI: GPU Timing Frequency: 1000.000000 (Debug: 2 1)
[2017.02.02-10.09.54:247][  0]LogShaderCompilers: Guid format shader working directory is 17 characters bigger than the processId version (F:/Unreal Project/ToolBoxGame1/Intermediate/Shaders/WorkingDirectory/6588/).
[2017.02.02-10.09.54:247][  0]LogShaderCompilers: Cleaned the shader compiler working directory 'C:/Users/Callum/AppData/Local/Temp/UnrealShaderWorkingDir/B42601CF4ED2EFE9F133CD960EA153C6/'.
[2017.02.02-10.09.54:247][  0]LogShaderCompilers:Display: Using Local Shader Compiler.
[2017.02.02-10.09.56:736][  0]LogTemp:Display: Loaded TP AllDesktopTargetPlatform
[2017.02.02-10.09.56:746][  0]LogTemp:Display: Loaded TP WindowsClientTargetPlatform
[2017.02.02-10.09.56:755][  0]LogTemp:Display: Loaded TP WindowsNoEditorTargetPlatform
[2017.02.02-10.09.56:765][  0]LogTemp:Display: Loaded TP WindowsServerTargetPlatform
[2017.02.02-10.09.56:776][  0]LogTemp:Display: Loaded TP WindowsTargetPlatform
[2017.02.02-10.09.56:788][  0]LogTemp:Display: Loaded TP AndroidTargetPlatform
[2017.02.02-10.09.56:796][  0]LogTemp:Display: Loaded TP Android_ASTCTargetPlatform
[2017.02.02-10.09.56:808][  0]LogTemp:Display: Loaded TP Android_ATCTargetPlatform
[2017.02.02-10.09.56:828][  0]LogTemp:Display: Loaded TP Android_DXTTargetPlatform
[2017.02.02-10.09.56:844][  0]LogTemp:Display: Loaded TP Android_ETC1TargetPlatform
[2017.02.02-10.09.56:858][  0]LogTemp:Display: Loaded TP Android_ETC2TargetPlatform
[2017.02.02-10.09.56:890][  0]LogTemp:Display: Loaded TP Android_MultiTargetPlatform
[2017.02.02-10.09.56:890][  0]LogTemp:Display: Loaded TP Android_PVRTCTargetPlatform
[2017.02.02-10.09.56:898][  0]LogTemp:Display: Loaded TP HTML5TargetPlatform
[2017.02.02-10.09.56:994][  0]LogTemp:Display: Loaded TP IOSTargetPlatform
[2017.02.02-10.09.57:001][  0]LogTemp:Display: Loaded TP TVOSTargetPlatform
[2017.02.02-10.09.57:012][  0]LogTemp:Display: Loaded TP LinuxNoEditorTargetPlatform
[2017.02.02-10.09.57:023][  0]LogTemp:Display: Loaded TP LinuxServerTargetPlatform
[2017.02.02-10.09.57:058][  0]LogTemp:Display: Loaded TP LinuxTargetPlatform
[2017.02.02-10.09.57:058][  0]LogTargetPlatformManager:Display: Building Assets For Windows
[2017.02.02-10.09.57:801][  0]LogDerivedDataCache:Display: Max Cache Size: 512 MB
[2017.02.02-10.09.58:034][  0]LogDerivedDataCache: Loaded boot cache 0.23s 48MB C:/Users/Callum/AppData/Local/UnrealEngine/4.12/DerivedDataCache/Boot.ddc.
[2017.02.02-10.09.58:034][  0]LogDerivedDataCache:Display: Loaded Boot cache: C:/Users/Callum/AppData/Local/UnrealEngine/4.12/DerivedDataCache/Boot.ddc
[2017.02.02-10.09.58:034][  0]LogDerivedDataCache: FDerivedDataBackendGraph:  Pak pak cache file F:/Unreal Project/ToolBoxGame1/DerivedDataCache/DDC.ddp not found, will not use a pak cache.
[2017.02.02-10.09.58:034][  0]LogDerivedDataCache: Unable to find inner node Pak for hierarchical cache Hierarchy.
[2017.02.02-10.09.58:034][  0]LogDerivedDataCache: FDerivedDataBackendGraph:  CompressedPak pak cache file F:/Unreal Project/ToolBoxGame1/DerivedDataCache/Compressed.ddp not found, will not use a pak cache.
[2017.02.02-10.09.58:034][  0]LogDerivedDataCache: Unable to find inner node CompressedPak for hierarchical cache Hierarchy.
[2017.02.02-10.09.58:113][  0]LogDerivedDataCache:Display: Pak cache opened for reading ../../../Engine/DerivedDataCache/Compressed.ddp.
[2017.02.02-10.09.58:125][  0]LogDerivedDataCache: Using Local data cache path C:/Users/Callum/AppData/Local/UnrealEngine/Common/DerivedDataCache: Writable
[2017.02.02-10.10.06:190][  0]LogInit: Selected Device Profile: [Windows]
[2017.02.02-10.10.06:243][  0]LogContentStreaming: Texture pool size is 0.00 MB
[2017.02.02-10.10.09:521][  0]LogMeshUtilities: No automatic mesh reduction module available
[2017.02.02-10.10.09:521][  0]LogMeshUtilities: No automatic mesh merging module available
[2017.02.02-10.10.09:521][  0]LogMeshUtilities: No distributed automatic mesh merging module available
[2017.02.02-10.10.12:661][  0]LogAssetRegistry: FAssetRegistry took 0.0274 seconds to start up
[2017.02.02-10.10.13:439][  0]LogPackageLocalizationCache: Processed 3 localized package path(s) for 2 prioritized culture(s) in 0.703711 seconds
[2017.02.02-10.10.13:489][  0]LogUObjectArray: 28739 objects as part of root set at end of initial load.
[2017.02.02-10.10.13:489][  0]LogUObjectAllocator: 5855624 out of 0 bytes used by permanent object pool.
[2017.02.02-10.10.13:489][  0]LogUObjectArray: CloseDisregardForGC: 0/0 objects in disregard for GC pool
[2017.02.02-10.10.13:507][  0]LogInit: WinSock: version 1.1 (2.2), MaxSocks=32767, MaxUdp=65467
[2017.02.02-10.10.17:090][  0]LogSlate: SlateFontCache - WITH_FREETYPE: 1, WITH_HARFBUZZ: 1
[2017.02.02-10.10.17:101][  0]LogSlate: SlateFontCache - WITH_FREETYPE: 1, WITH_HARFBUZZ: 1
[2017.02.02-10.10.33:565][  0]LogUdpMessaging: Initializing bridge on interface 0.0.0.0:0 to multicast group 230.0.0.1:6666.
[2017.02.02-10.10.36:515][  0]SourceControl: Info Source control is disabled
[2017.02.02-10.10.36:599][  0]SourceControl: Info Source control is disabled
[2017.02.02-10.10.36:649][  0]SourceControl: Info Source control is disabled
[2017.02.02-10.10.36:672][  0]SourceControl: Info Source control is disabled
[2017.02.02-10.10.38:504][  0]LogEngine: Initializing Engine...
[2017.02.02-10.10.38:692][  0]LogHMD: SteamVR failed to initialize.  Err: 110
[2017.02.02-10.10.38:706][  0]LogHMD: SteamVR failed to initialize.  Err: 110
[2017.02.02-10.10.39:757][  0]LogAIModule: Creating AISystem for world NewWorld
[2017.02.02-10.10.40:217][  0]LogInit: XAudio2 using 'Speakers (Realtek High Definition Audio)' : 2 channels at 48 kHz using 32 bits per sample (channel mask 0x3)
[2017.02.02-10.10.40:295][  0]LogInit: FAudioDevice initialized.
[2017.02.02-10.10.40:319][  0]LogDerivedDataCache: Saved boot cache 0.02s 48MB C:/Users/Callum/AppData/Local/UnrealEngine/4.12/DerivedDataCache/Boot.ddc.
[2017.02.02-10.10.40:326][  0]LogInit: Texture streaming: Enabled
[2017.02.02-10.10.40:874][  0]LogInit: Transaction tracking system initialized
[2017.02.02-10.10.43:783][  0]BlueprintLog: New page: Editor Load
[2017.02.02-10.10.50:116][  0]LocalizationService: Info Localization service is disabled
[2017.02.02-10.10.50:626][  0]LogConsoleResponse:Display: 
[2017.02.02-10.10.51:544][  0]LogFileCache: Scanning file cache for directory 'F:/Unreal Project/ToolBoxGame1/Content/' took 0.03s
[2017.02.02-10.10.51:544][  0]LogCook:Display: Max memory allowance for cook 8192mb
[2017.02.02-10.10.51:544][  0]LogCook:Display: Mobile HDR setting 1
[2017.02.02-10.10.54:200][  0]SourceControl: Info Source control is disabled
[2017.02.02-10.10.54:317][  0]Cmd: MAP LOAD FILE="F:/Unreal Project/ToolBoxGame1/Content/ThirdPersonBP/Maps/ThirdPersonExampleMap.umap" TEMPLATE=0 SHOWPROGRESS=1 FEATURELEVEL=3
[2017.02.02-10.10.56:958][  0]LightingResults: New page: Lighting Build
[2017.02.02-10.10.57:287][  0]MapCheck: New page: Map Check
[2017.02.02-10.10.57:287][  0]LightingResults: New page: Lighting Build
[2017.02.02-10.10.57:911][  0]LogLinker:Warning: Asset 'F:/Unreal Project/ToolBoxGame1/Content/ThirdPersonBP/Maps/ThirdPersonExampleMap.umap' has been saved with empty engine version. The asset will be loaded but may be incompatible.
[2017.02.02-10.10.59:054][  0]LogLinker:Warning: Asset 'F:/Unreal Project/ToolBoxGame1/Content/Blueprints/PushObj.uasset' has been saved with empty engine version. The asset will be loaded but may be incompatible.
[2017.02.02-10.11.00:030][  0]LogLinker:Warning: Asset 'F:/Unreal Project/ToolBoxGame1/Content/Blueprints/Scare.uasset' has been saved with empty engine version. The asset will be loaded but may be incompatible.
[2017.02.02-10.11.01:259][  0]LogTexture:Display: Building textures: HQ_Lightmap0_1 (AutoDXT)
[2017.02.02-10.11.01:419][  0]LogTexture:Display: Building textures: HQ_Lightmap0_2 (AutoDXT)
[2017.02.02-10.11.01:631][  0]LogTexture:Display: Building textures: HQ_Lightmap0_3 (AutoDXT)
[2017.02.02-10.11.01:663][  0]LogTexture:Display: Building textures: HQ_Lightmap1_1 (AutoDXT)
[2017.02.02-10.11.01:866][  0]LogTexture:Display: Building textures: HQ_Lightmap1_2 (AutoDXT)
[2017.02.02-10.11.01:964][  0]LogTexture:Display: Building textures: HQ_Lightmap1_3 (AutoDXT)
[2017.02.02-10.11.01:975][  0]LogTexture:Display: Building textures: LQ_Lightmap_1_1 (DXT1)
[2017.02.02-10.11.02:031][  0]LogTexture:Display: Building textures: LQ_Lightmap_1_2 (DXT1)
[2017.02.02-10.11.02:093][  0]LogTexture:Display: Building textures: LQ_Lightmap_1_3 (DXT1)
[2017.02.02-10.11.02:104][  0]LogTexture:Display: Building textures: SkyOcclusion1_1 (AutoDXT)
[2017.02.02-10.11.02:147][  0]LogTexture:Display: Building textures: SkyOcclusion1_2 (AutoDXT)
[2017.02.02-10.11.02:255][  0]LogTexture:Display: Building textures: SkyOcclusion1_3 (AutoDXT)
[2017.02.02-10.11.02:267][  0]LogTexture:Display: Building textures: ShadowMapTexture2D_3 (G8)
[2017.02.02-10.11.02:350][  0]LogTexture:Display: Building textures: ShadowMapTexture2D_4 (G8)
[2017.02.02-10.11.02:358][  0]LogTexture:Display: Building textures: ShadowMapTexture2D_5 (G8)
[2017.02.02-10.11.02:439][  0]LogTexture:Display: Building textures: ShadowMapTexture2D_6 (G8)
[2017.02.02-10.11.02:671][  0]LogAIModule: Creating AISystem for world ThirdPersonExampleMap
[2017.02.02-10.11.03:179][  0]LogEditorServer: Finished looking for orphan Actors (0.000 secs)
[2017.02.02-10.11.03:231][  0]Cmd: MAP CHECKDEP NOCLEARLOG
[2017.02.02-10.11.05:133][  0]MapCheck: Info Map check complete: 0 Error(s), 0 Warning(s), took 1,901.851ms to complete.
[2017.02.02-10.11.05:133][  0]LogFileHelpers: Loading map 'ThirdPersonExampleMap' took 10.883
[2017.02.02-10.11.06:644][  0]LogCollectionManager: Loaded 0 collections in 0.001511 seconds
[2017.02.02-10.11.06:743][  0]LogFileCache: Scanning file cache for directory 'F:/Unreal Project/ToolBoxGame1/Saved/Collections/' took 0.01s
[2017.02.02-10.11.06:743][  0]LogFileCache: Scanning file cache for directory 'F:/Unreal Project/ToolBoxGame1/Content/Developers/Callum/Collections/' took 0.01s
[2017.02.02-10.11.06:743][  0]LogFileCache: Scanning file cache for directory 'F:/Unreal Project/ToolBoxGame1/Content/Collections/' took 0.01s
[2017.02.02-10.11.06:743][  0]LogCollectionManager: Rebuilt the GUID cache for 0 collections in 0.000003 seconds
[2017.02.02-10.11.06:752][  0]LogContentBrowser: Native class hierarchy populated in 0.0083 seconds. Added 2047 classes and 369 folders.
[2017.02.02-10.11.06:781][  0]LogStats: UGameplayTagsManager::ConstructGameplayTagTree: Construct from data asset -  0.000 s
[2017.02.02-10.11.06:781][  0]LogStats: UGameplayTagsManager::ConstructGameplayTagTree: GameplayTagTreeChangedEvent.Broadcast -  0.000 s
[2017.02.02-10.11.06:783][  0]LogContentBrowser: Native class hierarchy updated for 'GameplayTags' in 0.0005 seconds. Added 12 classes and 0 folders.
[2017.02.02-10.11.06:808][  0]LogContentBrowser: Native class hierarchy updated for 'WidgetCarousel' in 0.0005 seconds. Added 0 classes and 0 folders.
[2017.02.02-10.11.07:876][  0]LogContentBrowser: Native class hierarchy updated for 'AddContentDialog' in 0.0003 seconds. Added 0 classes and 0 folders.
[2017.02.02-10.11.07:936][  0]LogContentBrowser: Native class hierarchy updated for 'SceneOutliner' in 0.0004 seconds. Added 1 classes and 2 folders.
[2017.02.02-10.11.08:828][  0]LogCrashTracker: Crashtracker disabled due to settings.
[2017.02.02-10.11.08:981][  0]LogUObjectGlobals:Warning: Failed to find object 'Class None.'
[2017.02.02-10.11.09:056][  0]LogContentBrowser: Native class hierarchy updated for 'HierarchicalLODOutliner' in 0.0005 seconds. Added 1 classes and 2 folders.
[2017.02.02-10.11.09:056][  0]LogLoad: Full Startup: 90.18 seconds (BP compile: 1.07 seconds)
[2017.02.02-10.11.09:056][  0]LogExternalProfiler: Found external profiler: VSPerf
[2017.02.02-10.11.09:056][  0]LogExternalProfiler: Using external profiler: VSPerf
[2017.02.02-10.11.09:478][  0]LogOcInput: OculusInput pre-init called
[2017.02.02-10.11.09:707][  0]LogContentStreaming: Texture pool size now 1000 MB
[2017.02.02-10.11.10:521][  0]LogRenderer: Reallocating scene render targets to support 1208x576 (Frame:2).
[2017.02.02-10.11.12:566][  3]LogAssetRegistry: Asset discovery search completed in 59.9277 seconds
[2017.02.02-10.11.12:577][  3]LogCollectionManager: Rebuilt the object cache for 0 collections in 0.000000 seconds (found 0 objects)
[2017.02.02-10.11.12:577][  3]LogCollectionManager: Fixed up redirectors for 0 collections in 0.010267 seconds (updated 0 objects)
[2017.02.02-10.23.28:830][197]LogHttp:Warning: Timeout processing Http request. 000001EE992BD480
[2017.02.02-10.29.57:874][474]LogBlueprintUserMessages: Early PlayInEditor Detection: Level '/Game/ThirdPersonBP/Maps/ThirdPersonExampleMap.ThirdPersonExampleMap:PersistentLevel' has LevelScriptBlueprint '/Game/ThirdPersonBP/Maps/ThirdPersonExampleMap.ThirdPersonExampleMap:PersistentLevel.ThirdPersonExampleMap' with GeneratedClass '/Game/ThirdPersonBP/Maps/ThirdPersonExampleMap.ThirdPersonExampleMap_C' with ClassGeneratedBy '/Game/ThirdPersonBP/Maps/ThirdPersonExampleMap.ThirdPersonExampleMap:PersistentLevel.ThirdPersonExampleMap'
[2017.02.02-10.29.57:912][474]LogPlayLevel: PlayLevel: No blueprints needed recompiling
[2017.02.02-10.29.57:977][474]PIE: New page: PIE session: ThirdPersonExampleMap (2 Feb 2017 10:29:57)
[2017.02.02-10.29.57:977][474]LogPlayLevel: Creating play world package: /Game/ThirdPersonBP/Maps/UEDPIE_0_ThirdPersonExampleMap
[2017.02.02-10.29.58:305][474]LogPlayLevel: PIE: StaticDuplicateObject took: (0.327987s)
[2017.02.02-10.29.58:306][474]LogAIModule: Creating AISystem for world ThirdPersonExampleMap
[2017.02.02-10.29.58:306][474]LogPlayLevel: PIE: World Init took: (0.000900s)
[2017.02.02-10.29.58:306][474]LogPlayLevel: PIE: Created PIE world by copying editor world from /Game/ThirdPersonBP/Maps/ThirdPersonExampleMap.ThirdPersonExampleMap to /Game/ThirdPersonBP/Maps/UEDPIE_0_ThirdPersonExampleMap.ThirdPersonExampleMap (0.329292s)
[2017.02.02-10.29.58:420][474]LogInit: XAudio2 using 'Speakers (Realtek High Definition Audio)' : 2 channels at 48 kHz using 32 bits per sample (channel mask 0x3)
[2017.02.02-10.29.58:449][474]LogInit: FAudioDevice initialized.
[2017.02.02-10.29.58:558][474]LogWorld: Game class is 'ThirdPersonGameMode_C'
[2017.02.02-10.29.58:590][474]LogWorld: Bringing World /Game/ThirdPersonBP/Maps/UEDPIE_0_ThirdPersonExampleMap.ThirdPersonExampleMap up for play (max tick rate 0) at 2017.02.02-10.29.58
[2017.02.02-10.29.58:644][474]LogWorld: Bringing up level for play took: 0.059609
[2017.02.02-10.29.58:693][474]LogContentBrowser: Native class hierarchy updated for 'MovieSceneCapture' in 0.0004 seconds. Added 11 classes and 0 folders.
[2017.02.02-10.29.58:723][474]PIE: Info Play in editor start time for /Game/ThirdPersonBP/Maps/UEDPIE_0_ThirdPersonExampleMap 1.459
[2017.02.02-10.29.58:724][474]LogBlueprintUserMessages: Late PlayInEditor Detection: Level '/Game/ThirdPersonBP/Maps/ThirdPersonExampleMap.ThirdPersonExampleMap:PersistentLevel' has LevelScriptBlueprint '/Game/ThirdPersonBP/Maps/ThirdPersonExampleMap.ThirdPersonExampleMap:PersistentLevel.ThirdPersonExampleMap' with GeneratedClass '/Game/ThirdPersonBP/Maps/ThirdPersonExampleMap.ThirdPersonExampleMap_C' with ClassGeneratedBy '/Game/ThirdPersonBP/Maps/ThirdPersonExampleMap.ThirdPersonExampleMap:PersistentLevel.ThirdPersonExampleMap'
[2017.02.02-10.30.26:175][687]LogBlueprintUserMessages: Early EndPlayMap Detection: Level '/Game/ThirdPersonBP/Maps/ThirdPersonExampleMap.ThirdPersonExampleMap:PersistentLevel' has LevelScriptBlueprint '/Game/ThirdPersonBP/Maps/ThirdPersonExampleMap.ThirdPersonExampleMap:PersistentLevel.ThirdPersonExampleMap' with GeneratedClass '/Game/ThirdPersonBP/Maps/ThirdPersonExampleMap.ThirdPersonExampleMap_C' with ClassGeneratedBy '/Game/ThirdPersonBP/Maps/ThirdPersonExampleMap.ThirdPersonExampleMap:PersistentLevel.ThirdPersonExampleMap'
[2017.02.02-10.30.26:258][687]LogBlueprintUserMessages: Late EndPlayMap Detection: Level '/Game/ThirdPersonBP/Maps/ThirdPersonExampleMap.ThirdPersonExampleMap:PersistentLevel' has LevelScriptBlueprint '/Game/ThirdPersonBP/Maps/ThirdPersonExampleMap.ThirdPersonExampleMap:PersistentLevel.ThirdPersonExampleMap' with GeneratedClass '/Game/ThirdPersonBP/Maps/ThirdPersonExampleMap.ThirdPersonExampleMap_C' with ClassGeneratedBy '/Game/ThirdPersonBP/Maps/ThirdPersonExampleMap.ThirdPersonExampleMap:PersistentLevel.ThirdPersonExampleMap'
[2017.02.02-10.30.28:607][916]LogWindowsTextInputMethodSystem:Display: IME system now deactivated.
[2017.02.02-10.30.29:013][917]Cmd: QUIT_EDITOR
[2017.02.02-10.30.29:629][917]LogExit: Preparing to exit.
[2017.02.02-10.30.30:294][917]LogExit: Editor shut down
[2017.02.02-10.30.30:294][917]LogExit: Transaction tracking system shut down
[2017.02.02-10.30.30:695][917]LogObj: Freed 0b from 0 cluster array pools.
[2017.02.02-10.30.30:695][917]LogExit: Object subsystem successfully closed.
[2017.02.02-10.30.30:815][917]LogD3D11RHI: Shutdown
[2017.02.02-10.30.30:815][917]LogD3D11RHI: CleanupD3DDevice
[2017.02.02-10.30.30:941][917]LogD3D11RHI: ~FD3D11DynamicRHI
[2017.02.02-10.30.31:182][917]LogModuleManager: Shutting down and abandoning module MovieSceneCapture (214)
[2017.02.02-10.30.31:182][917]LogModuleManager: Shutting down and abandoning module HierarchicalLODOutliner (213)
[2017.02.02-10.30.31:182][917]LogModuleManager: Shutting down and abandoning module CrashTracker (212)
[2017.02.02-10.30.31:182][917]LogModuleManager: Shutting down and abandoning module SceneOutliner (211)
[2017.02.02-10.30.31:183][917]LogModuleManager: Shutting down and abandoning module WidgetCarousel (210)
[2017.02.02-10.30.31:183][917]LogModuleManager: Shutting down and abandoning module AddContentDialog (209)
[2017.02.02-10.30.31:187][917]LogModuleManager: Shutting down and abandoning module GameplayTags (208)
[2017.02.02-10.30.31:187][917]LogModuleManager: Shutting down and abandoning module EditorWidgets (207)
[2017.02.02-10.30.31:187][917]LogModuleManager: Shutting down and abandoning module CollectionManager (206)
[2017.02.02-10.30.31:187][917]LogModuleManager: Shutting down and abandoning module StatsViewer (205)
[2017.02.02-10.30.31:191][917]LogModuleManager: Shutting down and abandoning module FoliageEdit (204)
[2017.02.02-10.30.31:191][917]LogModuleManager: Shutting down and abandoning module LandscapeEditor (203)
[2017.02.02-10.30.31:203][917]LogModuleManager: Shutting down and abandoning module SceneDepthPickerMode (202)
[2017.02.02-10.30.31:203][917]LogModuleManager: Shutting down and abandoning module ActorPickerMode (201)
[2017.02.02-10.30.31:203][917]LogModuleManager: Shutting down and abandoning module GeometryMode (200)
[2017.02.02-10.30.31:203][917]LogModuleManager: Shutting down and abandoning module TextureAlignMode (199)
[2017.02.02-10.30.31:203][917]LogModuleManager: Shutting down and abandoning module BspMode (198)
[2017.02.02-10.30.31:203][917]LogModuleManager: Shutting down and abandoning module HardwareSurvey (197)
[2017.02.02-10.30.31:203][917]LogModuleManager: Shutting down and abandoning module SequenceRecorderSections (196)
[2017.02.02-10.30.31:203][917]LogModuleManager: Shutting down and abandoning module SequenceRecorder (195)
[2017.02.02-10.30.31:203][917]LogModuleManager: Shutting down and abandoning module AutomationWorker (194)
[2017.02.02-10.30.31:203][917]LogModuleManager: Shutting down and abandoning module MatineeToLevelSequence (193)
[2017.02.02-10.30.31:203][917]LogModuleManager: Shutting down and abandoning module PlacementMode (192)
[2017.02.02-10.30.31:209][917]LogModuleManager: Shutting down and abandoning module LevelSequenceEditor (191)
[2017.02.02-10.30.31:209][917]LogModuleManager: Shutting down and abandoning module CharacterAI (190)
[2017.02.02-10.30.31:209][917]LogModuleManager: Shutting down and abandoning module SmartSnapping (189)
[2017.02.02-10.30.31:209][917]LogModuleManager: Shutting down and abandoning module SessionServices (188)
[2017.02.02-10.30.31:209][917]LogModuleManager: Shutting down and abandoning module ViewportSnapping (187)
[2017.02.02-10.30.31:209][917]LogModuleManager: Shutting down and abandoning module LogVisualizer (186)
[2017.02.02-10.30.31:219][917]LogModuleManager: Shutting down and abandoning module GameProjectGeneration (185)
[2017.02.02-10.30.31:227][917]LogModuleManager: Shutting down and abandoning module IntroTutorials (184)
[2017.02.02-10.30.31:228][917]LogModuleManager: Shutting down and abandoning module EditorLiveStreaming (183)
[2017.02.02-10.30.31:228][917]LogModuleManager: Shutting down and abandoning module IOSPlatformEditor (182)
[2017.02.02-10.30.31:228][917]LogModuleManager: Shutting down and abandoning module HTML5PlatformEditor (181)
[2017.02.02-10.30.31:228][917]LogModuleManager: Shutting down and abandoning module AndroidDeviceDetection (180)
[2017.02.02-10.30.31:787][917]LogModuleManager: Shutting down and abandoning module AndroidPlatformEditor (179)
[2017.02.02-10.30.31:787][917]LogModuleManager: Shutting down and abandoning module IOSRuntimeSettings (178)
[2017.02.02-10.30.31:787][917]LogModuleManager: Shutting down and abandoning module AndroidRuntimeSettings (177)
[2017.02.02-10.30.31:787][917]LogModuleManager: Shutting down and abandoning module MergeActors (176)
[2017.02.02-10.30.31:828][917]LogModuleManager: Shutting down and abandoning module SizeMap (175)
[2017.02.02-10.30.31:828][917]LogModuleManager: Shutting down and abandoning module TreeMap (174)
[2017.02.02-10.30.31:828][917]LogModuleManager: Shutting down and abandoning module ReferenceViewer (173)
[2017.02.02-10.30.31:828][917]LogModuleManager: Shutting down and abandoning module LocalizationService (172)
[2017.02.02-10.30.31:837][917]LogModuleManager: Shutting down and abandoning module LocalizationDashboard (171)
[2017.02.02-10.30.31:842][917]LogModuleManager: Shutting down and abandoning module HardwareTargeting (170)
[2017.02.02-10.30.31:842][917]LogModuleManager: Shutting down and abandoning module DeviceProfileEditor (169)
[2017.02.02-10.30.31:849][917]LogModuleManager: Shutting down and abandoning module UndoHistory (168)
[2017.02.02-10.30.31:853][917]LogModuleManager: Shutting down and abandoning module UserFeedback (167)
[2017.02.02-10.30.31:853][917]LogModuleManager: Shutting down and abandoning module XmlParser (166)
[2017.02.02-10.30.31:853][917]LogModuleManager: Shutting down and abandoning module Blutility (165)
[2017.02.02-10.30.31:853][917]LogModuleManager: Shutting down and abandoning module ProjectTargetPlatformEditor (164)
[2017.02.02-10.30.31:853][917]LogModuleManager: Shutting down and abandoning module ProjectSettingsViewer (163)
[2017.02.02-10.30.31:853][917]LogModuleManager: Shutting down and abandoning module InputBindingEditor (162)
[2017.02.02-10.30.31:853][917]LogModuleManager: Shutting down and abandoning module EditorSettingsViewer (161)
[2017.02.02-10.30.31:854][917]LogModuleManager: Shutting down and abandoning module SettingsEditor (160)
[2017.02.02-10.30.31:864][917]LogModuleManager: Shutting down and abandoning module ProjectLauncher (159)
[2017.02.02-10.30.31:870][917]LogModuleManager: Shutting down and abandoning module SessionFrontend (158)
[2017.02.02-10.30.31:878][917]LogModuleManager: Shutting down and abandoning module ProfilerClient (157)
[2017.02.02-10.30.31:897][917]LogModuleManager: Shutting down and abandoning module TargetDeviceServices (156)
[2017.02.02-10.30.31:897][917]LogModuleManager: Shutting down and abandoning module DeviceManager (155)
[2017.02.02-10.30.31:959][917]LogModuleManager: Shutting down and abandoning module AutomationController (154)
[2017.02.02-10.30.31:965][917]LogModuleManager: Shutting down and abandoning module AutomationWindow (153)
[2017.02.02-10.30.31:983][917]LogModuleManager: Shutting down and abandoning module Layers (152)
[2017.02.02-10.30.31:995][917]LogModuleManager: Shutting down and abandoning module ComponentVisualizers (151)
[2017.02.02-10.30.31:995][917]LogModuleManager: Shutting down and abandoning module DetailCustomizations (150)
[2017.02.02-10.30.32:006][917]LogModuleManager: Shutting down and abandoning module PackagesDialog (149)
[2017.02.02-10.30.32:018][917]LogModuleManager: Shutting down and abandoning module Persona (148)
[2017.02.02-10.30.32:041][917]LogModuleManager: Shutting down and abandoning module Kismet (147)
[2017.02.02-10.30.32:041][917]LogModuleManager: Shutting down and abandoning module GraphEditor (146)
[2017.02.02-10.30.32:065][917]LogModuleManager: Shutting down and abandoning module ClassViewer (145)
[2017.02.02-10.30.32:081][917]LogModuleManager: Shutting down and abandoning module Toolbox (144)
[2017.02.02-10.30.32:081][917]LogModuleManager: Shutting down and abandoning module ModuleUI (143)
[2017.02.02-10.30.32:101][917]LogModuleManager: Shutting down and abandoning module MovieSceneTools (142)
[2017.02.02-10.30.32:107][917]LogModuleManager: Shutting down and abandoning module OutputLog (141)
[2017.02.02-10.30.32:108][917]LogModuleManager: Shutting down and abandoning module GammaUI (140)
[2017.02.02-10.30.32:117][917]LogModuleManager: Shutting down and abandoning module Documentation (139)
[2017.02.02-10.30.32:117][917]LogModuleManager: Shutting down and abandoning module StreamingPauseRendering (138)
[2017.02.02-10.30.32:117][917]LogModuleManager: Shutting down and abandoning module AnalyticsET (137)
[2017.02.02-10.30.32:117][917]LogModuleManager: Shutting down and abandoning module Analytics (136)
[2017.02.02-10.30.32:117][917]LogModuleManager: Shutting down and abandoning module PortalServices (135)
[2017.02.02-10.30.32:117][917]LogModuleManager: Shutting down and abandoning module PortalRpc (134)
[2017.02.02-10.30.32:117][917]LogModuleManager: Shutting down and abandoning module MessagingRpc (133)
[2017.02.02-10.30.32:117][917]LogModuleManager: Shutting down and abandoning module GameplayDebugger (132)
[2017.02.02-10.30.32:117][917]LogModuleManager: Shutting down and abandoning module AITestSuite (131)
[2017.02.02-10.30.32:117][917]LogModuleManager: Shutting down and abandoning module AIModule (130)
[2017.02.02-10.30.32:117][917]LogModuleManager: Shutting down and abandoning module ProfilerService (129)
[2017.02.02-10.30.32:127][917]LogModuleManager: Shutting down and abandoning module TaskGraph (128)
[2017.02.02-10.30.32:137][917]LogModuleManager: Shutting down and abandoning module SlateRemote (127)
[2017.02.02-10.30.32:137][917]LogModuleManager: Shutting down and abandoning module SteamVRController (126)
[2017.02.02-10.30.32:137][917]LogModuleManager: Shutting down and abandoning module SteamVR (125)
[2017.02.02-10.30.32:137][917]LogModuleManager: Shutting down and abandoning module ProceduralMeshComponent (124)
[2017.02.02-10.30.32:137][917]LogModuleManager: Shutting down and abandoning module OculusLibrary (123)
[2017.02.02-10.30.32:137][917]LogModuleManager: Shutting down and abandoning module OculusInput (122)
[2017.02.02-10.30.32:137][917]LogModuleManager: Shutting down and abandoning module CustomMeshComponent (121)
[2017.02.02-10.30.32:137][917]LogModuleManager: Shutting down and abandoning module CableComponent (120)
[2017.02.02-10.30.32:137][917]LogModuleManager: Shutting down and abandoning module ArchVisCharacter (119)
[2017.02.02-10.30.32:137][917]LogModuleManager: Shutting down and abandoning module MediaPlayerEditor (118)
[2017.02.02-10.30.32:147][917]LogModuleManager: Shutting down and abandoning module HTML5Networking (117)
[2017.02.02-10.30.32:148][917]LogModuleManager: Shutting down and abandoning module SuperSearch (116)
[2017.02.02-10.30.32:148][917]LogModuleManager: Shutting down and abandoning module SuperSearchEditor (115)
[2017.02.02-10.30.32:148][917]LogModuleManager: Shutting down and abandoning module SpeedTreeImporter (114)
[2017.02.02-10.30.32:148][917]LogModuleManager: Shutting down and abandoning module PluginBrowser (113)
[2017.02.02-10.30.32:148][917]LogModuleManager: Shutting down and abandoning module EpicSurvey (112)
[2017.02.02-10.30.32:148][917]LogModuleManager: Shutting down and abandoning module DesktopPlatform (111)
[2017.02.02-10.30.32:148][917]LogModuleManager: Shutting down and abandoning module VisualStudioSourceCodeAccess (110)
[2017.02.02-10.30.32:148][917]LogModuleManager: Shutting down and abandoning module UObjectPlugin (109)
[2017.02.02-10.30.32:148][917]LogModuleManager: Shutting down and abandoning module SubversionSourceControl (108)
[2017.02.02-10.30.32:148][917]LogModuleManager: Shutting down and abandoning module PerforceSourceControl (107)
[2017.02.02-10.30.32:148][917]LogModuleManager: Shutting down and abandoning module SourceControl (106)
[2017.02.02-10.30.32:161][917]LogModuleManager: Shutting down and abandoning module GitSourceControl (105)
[2017.02.02-10.30.32:161][917]LogModuleManager: Shutting down and abandoning module LightPropagationVolumeEditor (104)
[2017.02.02-10.30.32:161][917]LogModuleManager: Shutting down and abandoning module PaperTiledImporter (103)
[2017.02.02-10.30.32:161][917]LogModuleManager: Shutting down and abandoning module PaperSpriteSheetImporter (102)
[2017.02.02-10.30.32:161][917]LogModuleManager: Shutting down and abandoning module MeshPaint (101)
[2017.02.02-10.30.32:161][917]LogModuleManager: Shutting down and abandoning module PixelInspectorModule (100)
[2017.02.02-10.30.32:161][917]LogModuleManager: Shutting down and abandoning module HotReload (99)
[2017.02.02-10.30.32:161][917]LogModuleManager: Shutting down and abandoning module MainFrame (98)
[2017.02.02-10.30.32:161][917]LogModuleManager: Shutting down and abandoning module LevelEditor (97)
[2017.02.02-10.30.32:162][917]LogModuleManager: Shutting down and abandoning module ContentBrowser (96)
[2017.02.02-10.30.32:163][917]LogModuleManager: Shutting down and abandoning module Paper2DEditor (95)
[2017.02.02-10.30.32:171][917]LogModuleManager: Shutting down and abandoning module UdpMessaging (94)
[2017.02.02-10.30.32:271][917]LogModuleManager: Shutting down and abandoning module LightPropagationVolumeRuntime (93)
[2017.02.02-10.30.32:271][917]LogModuleManager: Shutting down and abandoning module Paper2D (92)
[2017.02.02-10.30.32:271][917]LogModuleManager: Shutting down and abandoning module WindowsMoviePlayer (91)
[2017.02.02-10.30.32:271][917]LogModuleManager: Shutting down and abandoning module Media (90)
[2017.02.02-10.30.32:271][917]LogModuleManager: Shutting down and abandoning module WmfMedia (89)
[2017.02.02-10.30.32:279][917]LogModuleManager: Shutting down and abandoning module MediaAssets (88)
[2017.02.02-10.30.32:279][917]LogModuleManager: Shutting down and abandoning module GameLiveStreaming (87)
[2017.02.02-10.30.32:279][917]LogModuleManager: Shutting down and abandoning module GameplayTagsEditor (86)
[2017.02.02-10.30.32:279][917]LogModuleManager: Shutting down and abandoning module OnlineBlueprintSupport (85)
[2017.02.02-10.30.32:279][917]LogModuleManager: Shutting down and abandoning module VREditor (84)
[2017.02.02-10.30.32:284][917]LogModuleManager: Shutting down and abandoning module GameplayTasksEditor (83)
[2017.02.02-10.30.32:284][917]LogModuleManager: Shutting down and abandoning module PropertyEditor (82)
[2017.02.02-10.30.32:288][917]LogModuleManager: Shutting down and abandoning module BehaviorTreeEditor (81)
[2017.02.02-10.30.32:302][917]LogModuleManager: Shutting down and abandoning module FunctionalTesting (80)
[2017.02.02-10.30.32:307][917]LogModuleManager: Shutting down and abandoning module CollisionAnalyzer (79)
[2017.02.02-10.30.32:311][917]LogModuleManager: Shutting down and abandoning module Sequencer (78)
[2017.02.02-10.30.32:327][917]LogModuleManager: Shutting down and abandoning module WorkspaceMenuStructure (77)
[2017.02.02-10.30.32:327][917]LogModuleManager: Shutting down and abandoning module MessageLog (76)
[2017.02.02-10.30.32:331][917]LogModuleManager: Shutting down and abandoning module AssetTools (75)
[2017.02.02-10.30.32:347][917]LogModuleManager: Shutting down and abandoning module UMGEditor (74)
[2017.02.02-10.30.32:362][917]LogModuleManager: Shutting down and abandoning module UMG (73)
[2017.02.02-10.30.32:381][917]LogModuleManager: Shutting down and abandoning module SlateReflector (72)
[2017.02.02-10.30.32:386][917]LogModuleManager: Shutting down and abandoning module Slate (71)
[2017.02.02-10.30.32:386][917]LogModuleManager: Shutting down and abandoning module EditorStyle (70)
[2017.02.02-10.30.32:388][917]LogModuleManager: Shutting down and abandoning module SourceCodeAccess (69)
[2017.02.02-10.30.32:388][917]LogModuleManager: Shutting down and abandoning module HeadMountedDisplay (68)
[2017.02.02-10.30.32:388][917]LogModuleManager: Shutting down and abandoning module XAudio2 (67)
[2017.02.02-10.30.32:388][917]LogModuleManager: Shutting down and abandoning module Networking (65)
[2017.02.02-10.30.32:388][917]LogModuleManager: Shutting down and abandoning module Core (64)
[2017.02.02-10.30.32:388][917]LogModuleManager: Shutting down and abandoning module DirectoryWatcher (63)
[2017.02.02-10.30.32:389][917]LogModuleManager: Shutting down and abandoning module AssetRegistry (62)
[2017.02.02-10.30.42:440][917]LogModuleManager: Shutting down and abandoning module KismetCompiler (61)
[2017.02.02-10.30.42:440][917]LogModuleManager: Shutting down and abandoning module PhysXFormats (60)
[2017.02.02-10.30.42:440][917]LogModuleManager: Shutting down and abandoning module MeshUtilities (59)
[2017.02.02-10.30.42:448][917]LogModuleManager: Shutting down and abandoning module DerivedDataCache (58)
[2017.02.02-10.30.42:509][917]LogDerivedDataCache: Shutdown
[2017.02.02-10.30.42:509][917]LogModuleManager: Shutting down and abandoning module VulkanShaderFormat (57)
[2017.02.02-10.30.42:509][917]LogModuleManager: Shutting down and abandoning module ShaderFormatOpenGL (56)
[2017.02.02-10.30.42:521][917]LogModuleManager: Shutting down and abandoning module ShaderFormatD3D (55)
[2017.02.02-10.30.42:521][917]LogModuleManager: Shutting down and abandoning module MetalShaderFormat (54)
[2017.02.02-10.30.42:529][917]LogModuleManager: Shutting down and abandoning module TextureFormatUncompressed (53)
[2017.02.02-10.30.42:529][917]LogModuleManager: Shutting down and abandoning module TextureFormatPVR (52)
[2017.02.02-10.30.42:529][917]LogModuleManager: Shutting down and abandoning module TextureFormatIntelISPCTexComp (51)
[2017.02.02-10.30.42:529][917]LogModuleManager: Shutting down and abandoning module TextureFormatDXT (50)
[2017.02.02-10.30.42:529][917]LogModuleManager: Shutting down and abandoning module ImageWrapper (49)
[2017.02.02-10.30.42:529][917]LogModuleManager: Shutting down and abandoning module TextureFormatASTC (48)
[2017.02.02-10.30.42:529][917]LogModuleManager: Shutting down and abandoning module TextureFormatAndroid (47)
[2017.02.02-10.30.42:529][917]LogModuleManager: Shutting down and abandoning module AudioFormatOpus (46)
[2017.02.02-10.30.42:529][917]LogModuleManager: Shutting down and abandoning module AudioFormatOgg (45)
[2017.02.02-10.30.42:529][917]LogModuleManager: Shutting down and abandoning module AudioFormatADPCM (44)
[2017.02.02-10.30.42:529][917]LogModuleManager: Shutting down and abandoning module LinuxTargetPlatform (43)
[2017.02.02-10.30.42:529][917]LogModuleManager: Shutting down and abandoning module LinuxServerTargetPlatform (42)
[2017.02.02-10.30.42:529][917]LogModuleManager: Shutting down and abandoning module LinuxNoEditorTargetPlatform (41)
[2017.02.02-10.30.42:529][917]LogModuleManager: Shutting down and abandoning module TVOSTargetPlatform (40)
[2017.02.02-10.30.42:529][917]LogModuleManager: Shutting down and abandoning module Messaging (39)
[2017.02.02-10.30.42:529][917]LogModuleManager: Shutting down and abandoning module IOSTargetPlatform (38)
[2017.02.02-10.30.42:529][917]LogModuleManager: Shutting down and abandoning module HTML5TargetPlatform (37)
[2017.02.02-10.30.42:529][917]LogModuleManager: Shutting down and abandoning module Android_PVRTCTargetPlatform (36)
[2017.02.02-10.30.42:529][917]LogModuleManager: Shutting down and abandoning module Android_MultiTargetPlatform (35)
[2017.02.02-10.30.42:529][917]LogModuleManager: Shutting down and abandoning module Android_ETC2TargetPlatform (34)
[2017.02.02-10.30.42:529][917]LogModuleManager: Shutting down and abandoning module Android_ETC1TargetPlatform (33)
[2017.02.02-10.30.42:529][917]LogModuleManager: Shutting down and abandoning module Android_DXTTargetPlatform (32)
[2017.02.02-10.30.42:529][917]LogModuleManager: Shutting down and abandoning module Android_ATCTargetPlatform (31)
[2017.02.02-10.30.42:529][917]LogModuleManager: Shutting down and abandoning module Android_ASTCTargetPlatform (30)
[2017.02.02-10.30.42:529][917]LogModuleManager: Shutting down and abandoning module AndroidTargetPlatform (29)
[2017.02.02-10.30.42:529][917]LogModuleManager: Shutting down and abandoning module WindowsTargetPlatform (28)
[2017.02.02-10.30.42:529][917]LogModuleManager: Shutting down and abandoning module WindowsServerTargetPlatform (27)
[2017.02.02-10.30.42:529][917]LogModuleManager: Shutting down and abandoning module WindowsNoEditorTargetPlatform (26)
[2017.02.02-10.30.42:529][917]LogModuleManager: Shutting down and abandoning module WindowsClientTargetPlatform (25)
[2017.02.02-10.30.42:529][917]LogModuleManager: Shutting down and abandoning module AllDesktopTargetPlatform (24)
[2017.02.02-10.30.42:529][917]LogModuleManager: Shutting down and abandoning module TargetPlatform (23)
[2017.02.02-10.30.42:529][917]LogModuleManager: Shutting down and abandoning module InputCore (22)
[2017.02.02-10.30.42:529][917]LogModuleManager: Shutting down and abandoning module Settings (21)
[2017.02.02-10.30.42:529][917]LogModuleManager: Shutting down and abandoning module OnlineSubsystem (19)
[2017.02.02-10.30.42:529][917]LogModuleManager: Shutting down and abandoning module HTTP (18)
[2017.02.02-10.30.47:037][917]LogModuleManager: Shutting down and abandoning module XMPP (17)
[2017.02.02-10.30.47:080][917]LogModuleManager: Shutting down and abandoning module OculusRift (16)
[2017.02.02-10.30.47:098][917]LogModuleManager: Shutting down and abandoning module ExampleDeviceProfileSelector (15)
[2017.02.02-10.30.47:098][917]LogModuleManager: Shutting down and abandoning module TextureCompressor (14)
[2017.02.02-10.30.47:099][917]LogModuleManager: Shutting down and abandoning module ShaderCore (13)
[2017.02.02-10.30.47:099][917]LogModuleManager: Shutting down and abandoning module Landscape (12)
[2017.02.02-10.30.47:099][917]LogModuleManager: Shutting down and abandoning module SlateRHIRenderer (11)
[2017.02.02-10.30.47:108][917]LogModuleManager: Shutting down and abandoning module OpenGLDrv (10)
[2017.02.02-10.30.47:116][917]LogModuleManager: Shutting down and abandoning module D3D11RHI (9)
[2017.02.02-10.30.47:116][917]LogModuleManager: Shutting down and abandoning module AnimGraphRuntime (8)
[2017.02.02-10.30.47:116][917]LogModuleManager: Shutting down and abandoning module Renderer (7)
[2017.02.02-10.30.47:116][917]LogModuleManager: Shutting down and abandoning module Engine (6)
[2017.02.02-10.30.47:116][917]LogModuleManager: Shutting down and abandoning module CoreUObject (5)
[2017.02.02-10.30.47:116][917]LogModuleManager: Shutting down and abandoning module NetworkFile (4)
[2017.02.02-10.30.47:116][917]LogModuleManager: Shutting down and abandoning module StreamingFile (3)
[2017.02.02-10.30.47:116][917]LogModuleManager: Shutting down and abandoning module SandboxFile (2)
[2017.02.02-10.30.47:116][917]LogModuleManager: Shutting down and abandoning module PakFile (1)
[2017.02.02-10.30.47:126][917]LogExit: Exiting.
[2017.02.02-10.30.47:128][917]Log file closed, 02/02/17 10:30:47
