Log file open, 02/03/17 11:23:42
LogInit:Display: Running engine for game: ToolBoxGame
LogPlatformFile: Not using cached read wrapper
LogInit:Display: RandInit(266186930) SRandInit(266186931).
LogInit: Using version manifest at CL 0 with build ID '02bfa864-9300-4183-9878-ec235d143870'
LogTaskGraph: Started task graph with 4 named threads and 7 total threads with 1 sets of task threads.
LogStats: Stats thread started at 0.063011
LogInit: Version: 4.12.5-0+UE4
LogInit: API Version: 0
LogInit: Net Version: 0
LogDevObjectVersion: Number of dev versions registered: 13
LogDevObjectVersion:   Dev-Blueprints (B0D832E4-1F89-4F0D-ACCF-7EB736FD4AA2): 3
LogDevObjectVersion:   Dev-Build (E1C64328-A22C-4D53-A36C-8E866417BD8C): 0
LogDevObjectVersion:   Dev-Core (375EC13C-06E4-48FB-B500-84F0262A717E): 1
LogDevObjectVersion:   Dev-Editor (E4B068ED-F494-42E9-A231-DA0B2E46BB41): 2
LogDevObjectVersion:   Dev-Framework (CFFC743F-43B0-4480-9391-14DF171D2073): 6
LogDevObjectVersion:   Dev-Mobile (B02B49B5-BB20-44E9-A304-32B752E40360): 0
LogDevObjectVersion:   Dev-Networking (A4E4105C-59A1-49B5-A7C5-40C4547EDFEE): 0
LogDevObjectVersion:   Dev-Online (39C831C9-5AE6-47DC-9A44-9C173E1C8E7C): 0
LogDevObjectVersion:   Dev-Physics (78F01B33-EBEA-4F98-B9B4-84EACCB95AA2): 0
LogDevObjectVersion:   Dev-Platform (6631380F-2D4D-43E0-8009-CF276956A95A): 0
LogDevObjectVersion:   Dev-Rendering (12F88B9F-8875-4AFC-A67C-D90C383ABD29): 2
LogDevObjectVersion:   Dev-Sequencer (7B5AE74C-D270-4C10-A958-57980B212A5A): 0
LogDevObjectVersion:   Dev-VR (D7296918-1DD6-4BDD-9DE2-64A83CC13884): 0
LogInit: Compiled (64-bit): Aug 25 2016 13:31:26
LogInit: Compiled with Visual C++: 19.00.24213.01
LogInit: Build Configuration: Development
LogInit: Branch Name: UE4
LogInit: Command line:  
LogInit: Base directory: C:/Unreal Engine 4.12/Engine/Binaries/Win64/
LogInit: Installed Engine Build: 0
LogInit: Using libcurl 7.41.0
LogInit:  - built for x86_64-pc-win32
LogInit:  - supports SSL with WinSSL
LogInit:  - other features:
LogInit:      CURL_VERSION_SSL
LogInit:      CURL_VERSION_IPV6
LogInit:      CURL_VERSION_ASYNCHDNS
LogInit:      CURL_VERSION_LARGEFILE
LogInit:      CURL_VERSION_IDN
LogInit:  CurlRequestOptions (configurable via config and command line):
LogInit:  - bVerifyPeer = true  - Libcurl will verify peer certificate
LogInit:  - bUseHttpProxy = false  - Libcurl will NOT use HTTP proxy
LogInit:  - bDontReuseConnections = false  - Libcurl will reuse connections
LogInit:  - CertBundlePath = nullptr  - Libcurl will use whatever was configured at build time.
LogInit: Presizing for max 8388607 objects, including 0 objects not considered by GC, pre-allocating 0 bytes for permanent pool.
LogInit: Object subsystem initialized
[2017.02.03-11.23.42:098][  0]LogInit: Selected Device Profile: [Windows]
[2017.02.03-11.23.42:098][  0]LogInit: Applying CVar settings loaded from the selected device profile: [Windows]
[2017.02.03-11.23.42:106][  0]LogInit: Computer: PENGAME-59061
[2017.02.03-11.23.42:106][  0]LogInit: User: JM190359
[2017.02.03-11.23.42:106][  0]LogInit: CPU Page size=65536, Cores=4
[2017.02.03-11.23.42:106][  0]LogInit: High frequency timer resolution =3.507516 MHz
[2017.02.03-11.23.42:106][  0]LogMemory: Memory total: Physical=24.0GB (24GB approx)
[2017.02.03-11.23.42:106][  0]LogMemory: Platform Memory Stats for Windows
[2017.02.03-11.23.42:106][  0]LogMemory: Process Physical Memory: 190.93 MB used, 190.93 MB peak
[2017.02.03-11.23.42:106][  0]LogMemory: Process Virtual Memory: 194.97 MB used, 194.97 MB peak
[2017.02.03-11.23.42:106][  0]LogMemory: Physical Memory: 3281.79 MB used, 24527.16 MB total
[2017.02.03-11.23.42:106][  0]LogMemory: Virtual Memory: 544.77 MB used, 134217728.00 MB total
[2017.02.03-11.23.42:136][  0]LogTextLocalizationManager: No specific translations for ('en-GB') exist, so ('en') translations will be used.
[2017.02.03-11.23.42:440][  0]LogD3D11RHI: D3D11 adapters:
[2017.02.03-11.23.42:460][  0]LogD3D11RHI:    0. 'NVIDIA GeForce GTX 750 Ti' (Feature Level 11_0)
[2017.02.03-11.23.42:460][  0]LogD3D11RHI:       1993/0/12263 MB DedicatedVideo/DedicatedSystem/SharedSystem, Outputs:1, VendorId:0x10de
[2017.02.03-11.23.42:461][  0]LogD3D11RHI:    1. 'Microsoft Basic Render Driver' (Feature Level 11_0)
[2017.02.03-11.23.42:461][  0]LogD3D11RHI:       0/0/12263 MB DedicatedVideo/DedicatedSystem/SharedSystem, Outputs:0, VendorId:0x1414
[2017.02.03-11.23.42:461][  0]LogD3D11RHI: Chosen D3D11 Adapter: 0
[2017.02.03-11.23.42:464][  0]LogD3D11RHI: Creating new Direct3DDevice
[2017.02.03-11.23.42:464][  0]LogD3D11RHI:     GPU DeviceId: 0x1380 (for the marketing name, search the web for "GPU Device Id")
[2017.02.03-11.23.42:464][  0]LogWindows: EnumDisplayDevices:
[2017.02.03-11.23.42:464][  0]LogWindows:    0. 'NVIDIA GeForce GTX 750 Ti' (P:1 D:1)
[2017.02.03-11.23.42:464][  0]LogWindows:    1. 'NVIDIA GeForce GTX 750 Ti' (P:0 D:0)
[2017.02.03-11.23.42:464][  0]LogWindows:    2. 'NVIDIA GeForce GTX 750 Ti' (P:0 D:0)
[2017.02.03-11.23.42:464][  0]LogWindows: DebugString: FoundDriverCount:3 
[2017.02.03-11.23.42:464][  0]LogD3D11RHI:     Adapter Name: NVIDIA GeForce GTX 750 Ti
[2017.02.03-11.23.42:464][  0]LogD3D11RHI:   Driver Version: 353.62 (internal:10.18.13.5362, unified:353.62)
[2017.02.03-11.23.42:464][  0]LogD3D11RHI:      Driver Date: 7-22-2015
[2017.02.03-11.23.42:464][  0]LogRHI: Texture pool is 1361 MB (70% of 1945 MB)
[2017.02.03-11.23.42:474][  0]LogD3D11RHI: Async texture creation enabled
[2017.02.03-11.23.42:490][  0]LogD3D11RHI: GPU Timing Frequency: 1000.000000 (Debug: 2 2)
[2017.02.03-11.23.42:490][  0]LogShaderCompilers: Guid format shader working directory is -27 characters bigger than the processId version (D:/toolbox!!!!!!!!!!/Unreal-Blueprints-Workshop-Pojects/toolbox/ToolBoxGame1/Intermediate/Shaders/WorkingDirectory/2592/).
[2017.02.03-11.23.42:490][  0]LogShaderCompilers: Cleaned the shader compiler working directory 'C:/Users/JM190359/AppData/Local/Temp/UnrealShaderWorkingDir/87ABD8D443E43ABFBBF73EB25E5B634D/'.
[2017.02.03-11.23.42:490][  0]LogShaderCompilers:Display: Using Local Shader Compiler.
[2017.02.03-11.23.43:095][  0]LogTemp:Display: Loaded TP WindowsTargetPlatform
[2017.02.03-11.23.43:100][  0]LogTemp:Display: Loaded TP WindowsNoEditorTargetPlatform
[2017.02.03-11.23.43:105][  0]LogTemp:Display: Loaded TP WindowsServerTargetPlatform
[2017.02.03-11.23.43:111][  0]LogTemp:Display: Loaded TP WindowsClientTargetPlatform
[2017.02.03-11.23.43:116][  0]LogTemp:Display: Loaded TP AllDesktopTargetPlatform
[2017.02.03-11.23.43:121][  0]LogTemp:Display: Loaded TP AndroidTargetPlatform
[2017.02.03-11.23.43:125][  0]LogTemp:Display: Loaded TP Android_PVRTCTargetPlatform
[2017.02.03-11.23.43:130][  0]LogTemp:Display: Loaded TP Android_ATCTargetPlatform
[2017.02.03-11.23.43:134][  0]LogTemp:Display: Loaded TP Android_DXTTargetPlatform
[2017.02.03-11.23.43:138][  0]LogTemp:Display: Loaded TP Android_ETC1TargetPlatform
[2017.02.03-11.23.43:143][  0]LogTemp:Display: Loaded TP Android_ETC2TargetPlatform
[2017.02.03-11.23.43:147][  0]LogTemp:Display: Loaded TP Android_ASTCTargetPlatform
[2017.02.03-11.23.43:152][  0]LogTemp:Display: Loaded TP Android_MultiTargetPlatform
[2017.02.03-11.23.43:153][  0]LogTemp:Display: Loaded TP HTML5TargetPlatform
[2017.02.03-11.23.43:170][  0]LogTemp:Display: Loaded TP IOSTargetPlatform
[2017.02.03-11.23.43:174][  0]LogTemp:Display: Loaded TP TVOSTargetPlatform
[2017.02.03-11.23.43:174][  0]LogTargetPlatformManager:Display: Building Assets For Windows
[2017.02.03-11.23.43:220][  0]LogDerivedDataCache:Display: Max Cache Size: 512 MB
[2017.02.03-11.23.43:257][  0]LogDerivedDataCache: Loaded boot cache 0.04s 48MB D:/toolbox!!!!!!!!!!/Unreal-Blueprints-Workshop-Pojects/toolbox/ToolBoxGame1/DerivedDataCache/Boot.ddc.
[2017.02.03-11.23.43:257][  0]LogDerivedDataCache:Display: Loaded Boot cache: D:/toolbox!!!!!!!!!!/Unreal-Blueprints-Workshop-Pojects/toolbox/ToolBoxGame1/DerivedDataCache/Boot.ddc
[2017.02.03-11.23.43:257][  0]LogDerivedDataCache: FDerivedDataBackendGraph:  Pak pak cache file D:/toolbox!!!!!!!!!!/Unreal-Blueprints-Workshop-Pojects/toolbox/ToolBoxGame1/DerivedDataCache/DDC.ddp not found, will not use a pak cache.
[2017.02.03-11.23.43:257][  0]LogDerivedDataCache: Unable to find inner node Pak for hierarchical cache Hierarchy.
[2017.02.03-11.23.43:257][  0]LogDerivedDataCache: FDerivedDataBackendGraph:  EnginePak pak cache file ../../../Engine/DerivedDataCache/DDC.ddp not found, will not use a pak cache.
[2017.02.03-11.23.43:257][  0]LogDerivedDataCache: Unable to find inner node EnginePak for hierarchical cache Hierarchy.
[2017.02.03-11.23.43:269][  0]LogDerivedDataCache: Using Local data cache path ../../../Engine/DerivedDataCache: Writable
[2017.02.03-11.23.43:269][  0]LogDerivedDataCache: Shared data cache path not found in *engine.ini, will not use an Shared cache.
[2017.02.03-11.23.43:269][  0]LogDerivedDataCache: Unable to find inner node Shared for hierarchical cache Hierarchy.
[2017.02.03-11.23.43:403][  0]LogInit: Selected Device Profile: [Windows]
[2017.02.03-11.23.43:404][  0]LogContentStreaming: Texture pool size is 0.00 MB
[2017.02.03-11.23.43:524][  0]LogMeshUtilities: No automatic mesh reduction module available
[2017.02.03-11.23.43:524][  0]LogMeshUtilities: No automatic mesh merging module available
[2017.02.03-11.23.43:524][  0]LogMeshUtilities: No distributed automatic mesh merging module available
[2017.02.03-11.23.43:733][  0]LogAssetRegistry: FAssetRegistry took 0.0222 seconds to start up
[2017.02.03-11.23.43:748][  0]LogPackageLocalizationCache: Processed 3 localized package path(s) for 2 prioritized culture(s) in 0.014087 seconds
[2017.02.03-11.23.43:752][  0]LogUObjectArray: 28732 objects as part of root set at end of initial load.
[2017.02.03-11.23.43:752][  0]LogUObjectAllocator: 5854104 out of 0 bytes used by permanent object pool.
[2017.02.03-11.23.43:752][  0]LogUObjectArray: CloseDisregardForGC: 0/0 objects in disregard for GC pool
[2017.02.03-11.23.43:755][  0]LogInit: WinSock: version 1.1 (2.2), MaxSocks=32767, MaxUdp=65467
[2017.02.03-11.23.43:862][  0]LogSlate: SlateFontCache - WITH_FREETYPE: 1, WITH_HARFBUZZ: 1
[2017.02.03-11.23.43:862][  0]LogSlate: SlateFontCache - WITH_FREETYPE: 1, WITH_HARFBUZZ: 1
[2017.02.03-11.23.44:352][  0]LogUdpMessaging: Initializing bridge on interface 0.0.0.0:0 to multicast group 230.0.0.1:6666.
[2017.02.03-11.23.44:541][  0]SourceControl: Info Source control is disabled
[2017.02.03-11.23.44:565][  0]SourceControl: Info Source control is disabled
[2017.02.03-11.23.44:572][  0]SourceControl: Info Source control is disabled
[2017.02.03-11.23.44:579][  0]SourceControl: Info Source control is disabled
[2017.02.03-11.23.44:745][  0]LogEngine: Initializing Engine...
[2017.02.03-11.23.44:746][  0]LogHMD: SteamVR failed to initialize.  Err: 110
[2017.02.03-11.23.44:746][  0]LogHMD: SteamVR failed to initialize.  Err: 110
[2017.02.03-11.23.44:854][  0]LogAIModule: Creating AISystem for world NewWorld
[2017.02.03-11.23.44:856][  0]LogInit: No audio devices found!
[2017.02.03-11.23.44:874][  0]LogDerivedDataCache: Saved boot cache 0.02s 48MB D:/toolbox!!!!!!!!!!/Unreal-Blueprints-Workshop-Pojects/toolbox/ToolBoxGame1/DerivedDataCache/Boot.ddc.
[2017.02.03-11.23.44:879][  0]LogInit: Texture streaming: Enabled
[2017.02.03-11.23.44:894][  0]LogInit: Transaction tracking system initialized
[2017.02.03-11.23.44:903][  0]BlueprintLog: New page: Editor Load
[2017.02.03-11.23.44:935][  0]LocalizationService: Info Localization service is disabled
[2017.02.03-11.23.44:977][  0]LogConsoleResponse:Display: 
[2017.02.03-11.23.45:046][  0]LogCook:Display: Max memory allowance for cook 8192mb
[2017.02.03-11.23.45:046][  0]LogCook:Display: Mobile HDR setting 1
[2017.02.03-11.23.45:107][  0]LogFileCache: Scanning file cache for directory 'D:/toolbox!!!!!!!!!!/Unreal-Blueprints-Workshop-Pojects/toolbox/ToolBoxGame1/Content/' took 0.01s
[2017.02.03-11.23.45:107][  0]SourceControl: Info Source control is disabled
[2017.02.03-11.23.45:107][  0]Cmd: MAP LOAD FILE="D:/toolbox!!!!!!!!!!/Unreal-Blueprints-Workshop-Pojects/toolbox/ToolBoxGame1/Content/ThirdPersonBP/Maps/ThirdPersonExampleMap.umap" TEMPLATE=0 SHOWPROGRESS=1 FEATURELEVEL=3
[2017.02.03-11.23.45:107][  0]LogEditorServer:Warning: Can't find file 'D:/toolbox!!!!!!!!!!/Unreal-Blueprints-Workshop-Pojects/toolbox/ToolBoxGame1/Content/ThirdPersonBP/Maps/ThirdPersonExampleMap.umap'
[2017.02.03-11.23.45:107][  0]Cmd: MAP CHECKDEP NOCLEARLOG
[2017.02.03-11.23.45:130][  0]MapCheck: Info Map check complete: 0 Error(s), 0 Warning(s), took 22.359ms to complete.
[2017.02.03-11.23.45:130][  0]LogFileHelpers: Loading map 'ThirdPersonExampleMap' took 0.023
[2017.02.03-11.23.45:217][  0]LogCollectionManager: Loaded 0 collections in 0.000643 seconds
[2017.02.03-11.23.45:252][  0]LogFileCache: Scanning file cache for directory 'D:/toolbox!!!!!!!!!!/Unreal-Blueprints-Workshop-Pojects/toolbox/ToolBoxGame1/Saved/Collections/' took 0.01s
[2017.02.03-11.23.45:252][  0]LogFileCache: Scanning file cache for directory 'D:/toolbox!!!!!!!!!!/Unreal-Blueprints-Workshop-Pojects/toolbox/ToolBoxGame1/Content/Developers/JM190359/Collections/' took 0.01s
[2017.02.03-11.23.45:252][  0]LogFileCache: Scanning file cache for directory 'D:/toolbox!!!!!!!!!!/Unreal-Blueprints-Workshop-Pojects/toolbox/ToolBoxGame1/Content/Collections/' took 0.01s
[2017.02.03-11.23.45:252][  0]LogCollectionManager: Rebuilt the GUID cache for 0 collections in 0.000003 seconds
[2017.02.03-11.23.45:258][  0]LogContentBrowser: Native class hierarchy populated in 0.0062 seconds. Added 2046 classes and 367 folders.
[2017.02.03-11.23.45:260][  0]LogStats: UGameplayTagsManager::ConstructGameplayTagTree: Construct from data asset -  0.000 s
[2017.02.03-11.23.45:260][  0]LogStats: UGameplayTagsManager::ConstructGameplayTagTree: GameplayTagTreeChangedEvent.Broadcast -  0.000 s
[2017.02.03-11.23.45:260][  0]LogContentBrowser: Native class hierarchy updated for 'GameplayTags' in 0.0003 seconds. Added 12 classes and 0 folders.
[2017.02.03-11.23.45:262][  0]LogContentBrowser: Native class hierarchy updated for 'WidgetCarousel' in 0.0002 seconds. Added 0 classes and 0 folders.
[2017.02.03-11.23.45:291][  0]LogContentBrowser: Native class hierarchy updated for 'AddContentDialog' in 0.0003 seconds. Added 0 classes and 0 folders.
[2017.02.03-11.23.45:293][  0]LogContentBrowser: Native class hierarchy updated for 'SceneOutliner' in 0.0003 seconds. Added 1 classes and 2 folders.
[2017.02.03-11.23.45:303][  0]LogCrashTracker: Crashtracker disabled due to settings.
[2017.02.03-11.23.45:307][  0]LogUObjectGlobals:Warning: Failed to find object 'Class None.'
[2017.02.03-11.23.45:331][  0]LogContentBrowser: Native class hierarchy updated for 'HierarchicalLODOutliner' in 0.0003 seconds. Added 1 classes and 2 folders.
[2017.02.03-11.23.45:331][  0]LogLoad: Full Startup: 3.90 seconds (BP compile: 0.00 seconds)
[2017.02.03-11.23.45:331][  0]LogExternalProfiler: No external profilers were discovered.  External profiling features will not be available.
[2017.02.03-11.23.45:340][  0]LogOcInput: OculusInput pre-init called
[2017.02.03-11.23.45:358][  0]LogContentStreaming: Texture pool size now 700 MB
[2017.02.03-11.23.45:482][  0]LogRenderer: Reallocating scene render targets to support 1208x576 (Frame:2).
[2017.02.03-11.23.45:561][  1]LogAssetRegistry: Asset discovery search completed in 1.8511 seconds
[2017.02.03-11.23.45:561][  1]LogCollectionManager: Rebuilt the object cache for 0 collections in 0.000001 seconds (found 0 objects)
[2017.02.03-11.23.45:561][  1]LogCollectionManager: Fixed up redirectors for 0 collections in 0.000015 seconds (updated 0 objects)
[2017.02.03-11.23.49:726][478]Cmd: MAP LOAD FILE="D:/toolbox!!!!!!!!!!/Unreal-Blueprints-Workshop-Pojects/toolbox/ToolBoxGame1/Content/Levels/Level1.umap" TEMPLATE=0 SHOWPROGRESS=1 FEATURELEVEL=3
[2017.02.03-11.23.49:750][478]LightingResults: New page: Lighting Build
[2017.02.03-11.23.49:752][478]LogContentBrowser: Native class hierarchy updated for 'StatsViewer' in 0.0006 seconds. Added 5 classes and 0 folders.
[2017.02.03-11.23.49:753][478]LoadErrors: New page: Loading map: Level1.umap
[2017.02.03-11.23.49:753][478]MapCheck: New page: Map Check
[2017.02.03-11.23.49:753][478]LightingResults: New page: Lighting Build
[2017.02.03-11.23.49:992][478]LogAIModule: Creating AISystem for world Level1
[2017.02.03-11.23.50:003][478]LogEditorServer: Finished looking for orphan Actors (0.000 secs)
[2017.02.03-11.23.50:026][478]Cmd: MAP CHECKDEP NOCLEARLOG
[2017.02.03-11.23.50:050][478]MapCheck: Info Map check complete: 0 Error(s), 0 Warning(s), took 24.871ms to complete.
[2017.02.03-11.23.50:050][478]LogFileHelpers: Loading map 'Level1' took 0.326
[2017.02.03-11.23.52:333][747]LogBlueprintUserMessages: Early PlayInEditor Detection: Level '/Game/Levels/Level1.Level1:PersistentLevel' has LevelScriptBlueprint '/Game/Levels/Level1.Level1:PersistentLevel.Level1' with GeneratedClass '/Game/Levels/Level1.Level1_C' with ClassGeneratedBy '/Game/Levels/Level1.Level1:PersistentLevel.Level1'
[2017.02.03-11.23.52:333][747]LogPlayLevel: PlayLevel: No blueprints needed recompiling
[2017.02.03-11.23.52:344][747]PIE: New page: PIE session: Level1 (3 Feb 2017 11:23:52)
[2017.02.03-11.23.52:344][747]LogPlayLevel: Creating play world package: /Game/Levels/UEDPIE_0_Level1
[2017.02.03-11.23.52:378][747]LogPlayLevel: PIE: StaticDuplicateObject took: (0.034120s)
[2017.02.03-11.23.52:379][747]LogAIModule: Creating AISystem for world Level1
[2017.02.03-11.23.52:379][747]LogPlayLevel: PIE: World Init took: (0.000598s)
[2017.02.03-11.23.52:379][747]LogPlayLevel: PIE: Created PIE world by copying editor world from /Game/Levels/Level1.Level1 to /Game/Levels/UEDPIE_0_Level1.Level1 (0.035187s)
[2017.02.03-11.23.52:655][747]LogWorld: Game class is 'ThirdPersonGameMode_C'
[2017.02.03-11.23.52:666][747]LogWorld: Bringing World /Game/Levels/UEDPIE_0_Level1.Level1 up for play (max tick rate 0) at 2017.02.03-11.23.52
[2017.02.03-11.23.52:674][747]LogWorld: Bringing up level for play took: 0.011437
[2017.02.03-11.23.52:680][747]LogContentBrowser: Native class hierarchy updated for 'MovieSceneCapture' in 0.0004 seconds. Added 11 classes and 0 folders.
[2017.02.03-11.23.52:683][747]PIE: Info Play in editor start time for /Game/Levels/UEDPIE_0_Level1 0.711
[2017.02.03-11.23.52:683][747]LogBlueprintUserMessages: Late PlayInEditor Detection: Level '/Game/Levels/Level1.Level1:PersistentLevel' has LevelScriptBlueprint '/Game/Levels/Level1.Level1:PersistentLevel.Level1' with GeneratedClass '/Game/Levels/Level1.Level1_C' with ClassGeneratedBy '/Game/Levels/Level1.Level1:PersistentLevel.Level1'
[2017.02.03-11.24.19:332][940]LogBlueprintUserMessages: Early EndPlayMap Detection: Level '/Game/Levels/Level1.Level1:PersistentLevel' has LevelScriptBlueprint '/Game/Levels/Level1.Level1:PersistentLevel.Level1' with GeneratedClass '/Game/Levels/Level1.Level1_C' with ClassGeneratedBy '/Game/Levels/Level1.Level1:PersistentLevel.Level1'
[2017.02.03-11.24.19:373][940]LogBlueprintUserMessages: Late EndPlayMap Detection: Level '/Game/Levels/Level1.Level1:PersistentLevel' has LevelScriptBlueprint '/Game/Levels/Level1.Level1:PersistentLevel.Level1' with GeneratedClass '/Game/Levels/Level1.Level1_C' with ClassGeneratedBy '/Game/Levels/Level1.Level1:PersistentLevel.Level1'
[2017.02.03-11.24.20:952][125]LogBlueprintUserMessages: Early PlayInEditor Detection: Level '/Game/Levels/Level1.Level1:PersistentLevel' has LevelScriptBlueprint '/Game/Levels/Level1.Level1:PersistentLevel.Level1' with GeneratedClass '/Game/Levels/Level1.Level1_C' with ClassGeneratedBy '/Game/Levels/Level1.Level1:PersistentLevel.Level1'
[2017.02.03-11.24.20:952][125]LogPlayLevel: PlayLevel: No blueprints needed recompiling
[2017.02.03-11.24.20:952][125]PIE: New page: PIE session: Level1 (3 Feb 2017 11:24:20)
[2017.02.03-11.24.20:952][125]LogPlayLevel: Creating play world package: /Game/Levels/UEDPIE_0_Level1
[2017.02.03-11.24.20:986][125]LogPlayLevel: PIE: StaticDuplicateObject took: (0.034219s)
[2017.02.03-11.24.20:987][125]LogAIModule: Creating AISystem for world Level1
[2017.02.03-11.24.20:987][125]LogPlayLevel: PIE: World Init took: (0.000522s)
[2017.02.03-11.24.20:987][125]LogPlayLevel: PIE: Created PIE world by copying editor world from /Game/Levels/Level1.Level1 to /Game/Levels/UEDPIE_0_Level1.Level1 (0.034957s)
[2017.02.03-11.24.21:055][125]LogWorld: Game class is 'ThirdPersonGameMode_C'
[2017.02.03-11.24.21:064][125]LogWorld: Bringing World /Game/Levels/UEDPIE_0_Level1.Level1 up for play (max tick rate 0) at 2017.02.03-11.24.21
[2017.02.03-11.24.21:070][125]LogWorld: Bringing up level for play took: 0.012584
[2017.02.03-11.24.21:071][125]PIE: Info Play in editor start time for /Game/Levels/UEDPIE_0_Level1 1.102
[2017.02.03-11.24.21:072][125]LogBlueprintUserMessages: Late PlayInEditor Detection: Level '/Game/Levels/Level1.Level1:PersistentLevel' has LevelScriptBlueprint '/Game/Levels/Level1.Level1:PersistentLevel.Level1' with GeneratedClass '/Game/Levels/Level1.Level1_C' with ClassGeneratedBy '/Game/Levels/Level1.Level1:PersistentLevel.Level1'
[2017.02.03-11.24.26:541][781]LogBlueprintUserMessages: Early EndPlayMap Detection: Level '/Game/Levels/Level1.Level1:PersistentLevel' has LevelScriptBlueprint '/Game/Levels/Level1.Level1:PersistentLevel.Level1' with GeneratedClass '/Game/Levels/Level1.Level1_C' with ClassGeneratedBy '/Game/Levels/Level1.Level1:PersistentLevel.Level1'
[2017.02.03-11.24.26:570][781]LogBlueprintUserMessages: Late EndPlayMap Detection: Level '/Game/Levels/Level1.Level1:PersistentLevel' has LevelScriptBlueprint '/Game/Levels/Level1.Level1:PersistentLevel.Level1' with GeneratedClass '/Game/Levels/Level1.Level1_C' with ClassGeneratedBy '/Game/Levels/Level1.Level1:PersistentLevel.Level1'
[2017.02.03-11.24.28:499][  9]LogBlueprintUserMessages: Early PlayInEditor Detection: Level '/Game/Levels/Level1.Level1:PersistentLevel' has LevelScriptBlueprint '/Game/Levels/Level1.Level1:PersistentLevel.Level1' with GeneratedClass '/Game/Levels/Level1.Level1_C' with ClassGeneratedBy '/Game/Levels/Level1.Level1:PersistentLevel.Level1'
[2017.02.03-11.24.28:499][  9]LogPlayLevel: PlayLevel: No blueprints needed recompiling
[2017.02.03-11.24.28:499][  9]PIE: New page: PIE session: Level1 (3 Feb 2017 11:24:28)
[2017.02.03-11.24.28:499][  9]LogPlayLevel: Creating play world package: /Game/Levels/UEDPIE_0_Level1
[2017.02.03-11.24.28:533][  9]LogPlayLevel: PIE: StaticDuplicateObject took: (0.033537s)
[2017.02.03-11.24.28:533][  9]LogAIModule: Creating AISystem for world Level1
[2017.02.03-11.24.28:533][  9]LogPlayLevel: PIE: World Init took: (0.000505s)
[2017.02.03-11.24.28:534][  9]LogPlayLevel: PIE: Created PIE world by copying editor world from /Game/Levels/Level1.Level1 to /Game/Levels/UEDPIE_0_Level1.Level1 (0.034295s)
[2017.02.03-11.24.28:582][  9]LogWorld: Game class is 'ThirdPersonGameMode_C'
[2017.02.03-11.24.28:586][  9]LogWorld: Bringing World /Game/Levels/UEDPIE_0_Level1.Level1 up for play (max tick rate 0) at 2017.02.03-11.24.28
[2017.02.03-11.24.28:592][  9]LogWorld: Bringing up level for play took: 0.009051
[2017.02.03-11.24.28:593][  9]PIE: Info Play in editor start time for /Game/Levels/UEDPIE_0_Level1 0.624
[2017.02.03-11.24.28:594][  9]LogBlueprintUserMessages: Late PlayInEditor Detection: Level '/Game/Levels/Level1.Level1:PersistentLevel' has LevelScriptBlueprint '/Game/Levels/Level1.Level1:PersistentLevel.Level1' with GeneratedClass '/Game/Levels/Level1.Level1_C' with ClassGeneratedBy '/Game/Levels/Level1.Level1:PersistentLevel.Level1'
[2017.02.03-11.24.40:787][472]LogBlueprintUserMessages: Early EndPlayMap Detection: Level '/Game/Levels/Level1.Level1:PersistentLevel' has LevelScriptBlueprint '/Game/Levels/Level1.Level1:PersistentLevel.Level1' with GeneratedClass '/Game/Levels/Level1.Level1_C' with ClassGeneratedBy '/Game/Levels/Level1.Level1:PersistentLevel.Level1'
[2017.02.03-11.24.40:820][472]LogBlueprintUserMessages: Late EndPlayMap Detection: Level '/Game/Levels/Level1.Level1:PersistentLevel' has LevelScriptBlueprint '/Game/Levels/Level1.Level1:PersistentLevel.Level1' with GeneratedClass '/Game/Levels/Level1.Level1_C' with ClassGeneratedBy '/Game/Levels/Level1.Level1:PersistentLevel.Level1'
[2017.02.03-11.24.41:597][562]LogEditorViewport: Clicking on Actor (LMB): Tree_push_C (Tree_push)
[2017.02.03-11.24.46:213][948]LogContentBrowser: Native class hierarchy updated for 'BlueprintGraph' in 0.0006 seconds. Added 111 classes and 0 folders.
[2017.02.03-11.24.52:253][568]BlueprintLog: New page: Compile Tree_push
[2017.02.03-11.24.52:412][568]BlueprintEditorCompileResults: Info [0070.98] Compile of Tree_push successful! [in 158 ms] (/Game/Blueprints/Tree_push.Tree_push)
[2017.02.03-11.24.53:657][711]LogBlueprintUserMessages: Early PlayInEditor Detection: Level '/Game/Levels/Level1.Level1:PersistentLevel' has LevelScriptBlueprint '/Game/Levels/Level1.Level1:PersistentLevel.Level1' with GeneratedClass '/Game/Levels/Level1.Level1_C' with ClassGeneratedBy '/Game/Levels/Level1.Level1:PersistentLevel.Level1'
[2017.02.03-11.24.53:657][711]LogPlayLevel: PlayLevel: No blueprints needed recompiling
[2017.02.03-11.24.53:657][711]PIE: New page: PIE session: Level1 (3 Feb 2017 11:24:53)
[2017.02.03-11.24.53:657][711]LogPlayLevel: Creating play world package: /Game/Levels/UEDPIE_0_Level1
[2017.02.03-11.24.53:692][711]LogPlayLevel: PIE: StaticDuplicateObject took: (0.034821s)
[2017.02.03-11.24.53:693][711]LogAIModule: Creating AISystem for world Level1
[2017.02.03-11.24.53:693][711]LogPlayLevel: PIE: World Init took: (0.000563s)
[2017.02.03-11.24.53:693][711]LogPlayLevel: PIE: Created PIE world by copying editor world from /Game/Levels/Level1.Level1 to /Game/Levels/UEDPIE_0_Level1.Level1 (0.035596s)
[2017.02.03-11.24.53:753][711]LogWorld: Game class is 'ThirdPersonGameMode_C'
[2017.02.03-11.24.53:758][711]LogWorld: Bringing World /Game/Levels/UEDPIE_0_Level1.Level1 up for play (max tick rate 0) at 2017.02.03-11.24.53
[2017.02.03-11.24.53:763][711]LogWorld: Bringing up level for play took: 0.009371
[2017.02.03-11.24.53:765][711]PIE: Info Play in editor start time for /Game/Levels/UEDPIE_0_Level1 -0.202
[2017.02.03-11.24.53:765][711]LogBlueprintUserMessages: Late PlayInEditor Detection: Level '/Game/Levels/Level1.Level1:PersistentLevel' has LevelScriptBlueprint '/Game/Levels/Level1.Level1:PersistentLevel.Level1' with GeneratedClass '/Game/Levels/Level1.Level1_C' with ClassGeneratedBy '/Game/Levels/Level1.Level1:PersistentLevel.Level1'
[2017.02.03-11.24.58:388][265]LogBlueprintUserMessages: Early EndPlayMap Detection: Level '/Game/Levels/Level1.Level1:PersistentLevel' has LevelScriptBlueprint '/Game/Levels/Level1.Level1:PersistentLevel.Level1' with GeneratedClass '/Game/Levels/Level1.Level1_C' with ClassGeneratedBy '/Game/Levels/Level1.Level1:PersistentLevel.Level1'
[2017.02.03-11.24.58:431][265]LogBlueprintUserMessages: Late EndPlayMap Detection: Level '/Game/Levels/Level1.Level1:PersistentLevel' has LevelScriptBlueprint '/Game/Levels/Level1.Level1:PersistentLevel.Level1' with GeneratedClass '/Game/Levels/Level1.Level1_C' with ClassGeneratedBy '/Game/Levels/Level1.Level1:PersistentLevel.Level1'
[2017.02.03-11.25.11:204][781]BlueprintLog: New page: Compile Tree_push
[2017.02.03-11.25.11:277][781]BlueprintEditorCompileResults: Info [0089.85] Compile of Tree_push successful! [in 73 ms] (/Game/Blueprints/Tree_push.Tree_push)
[2017.02.03-11.25.12:535][927]LogBlueprintUserMessages: Early PlayInEditor Detection: Level '/Game/Levels/Level1.Level1:PersistentLevel' has LevelScriptBlueprint '/Game/Levels/Level1.Level1:PersistentLevel.Level1' with GeneratedClass '/Game/Levels/Level1.Level1_C' with ClassGeneratedBy '/Game/Levels/Level1.Level1:PersistentLevel.Level1'
[2017.02.03-11.25.12:535][927]LogPlayLevel: PlayLevel: No blueprints needed recompiling
[2017.02.03-11.25.12:535][927]PIE: New page: PIE session: Level1 (3 Feb 2017 11:25:12)
[2017.02.03-11.25.12:535][927]LogPlayLevel: Creating play world package: /Game/Levels/UEDPIE_0_Level1
[2017.02.03-11.25.12:569][927]LogPlayLevel: PIE: StaticDuplicateObject took: (0.034650s)
[2017.02.03-11.25.12:570][927]LogAIModule: Creating AISystem for world Level1
[2017.02.03-11.25.12:570][927]LogPlayLevel: PIE: World Init took: (0.000535s)
[2017.02.03-11.25.12:570][927]LogPlayLevel: PIE: Created PIE world by copying editor world from /Game/Levels/Level1.Level1 to /Game/Levels/UEDPIE_0_Level1.Level1 (0.035420s)
[2017.02.03-11.25.12:656][927]LogWorld: Game class is 'ThirdPersonGameMode_C'
[2017.02.03-11.25.12:661][927]LogWorld: Bringing World /Game/Levels/UEDPIE_0_Level1.Level1 up for play (max tick rate 0) at 2017.02.03-11.25.12
[2017.02.03-11.25.12:667][927]LogWorld: Bringing up level for play took: 0.010176
[2017.02.03-11.25.12:669][927]PIE: Info Play in editor start time for /Game/Levels/UEDPIE_0_Level1 0.704
[2017.02.03-11.25.12:669][927]LogBlueprintUserMessages: Late PlayInEditor Detection: Level '/Game/Levels/Level1.Level1:PersistentLevel' has LevelScriptBlueprint '/Game/Levels/Level1.Level1:PersistentLevel.Level1' with GeneratedClass '/Game/Levels/Level1.Level1_C' with ClassGeneratedBy '/Game/Levels/Level1.Level1:PersistentLevel.Level1'
[2017.02.03-11.25.16:367][370]LogBlueprintUserMessages: Early EndPlayMap Detection: Level '/Game/Levels/Level1.Level1:PersistentLevel' has LevelScriptBlueprint '/Game/Levels/Level1.Level1:PersistentLevel.Level1' with GeneratedClass '/Game/Levels/Level1.Level1_C' with ClassGeneratedBy '/Game/Levels/Level1.Level1:PersistentLevel.Level1'
[2017.02.03-11.25.16:404][370]LogBlueprintUserMessages: Late EndPlayMap Detection: Level '/Game/Levels/Level1.Level1:PersistentLevel' has LevelScriptBlueprint '/Game/Levels/Level1.Level1:PersistentLevel.Level1' with GeneratedClass '/Game/Levels/Level1.Level1_C' with ClassGeneratedBy '/Game/Levels/Level1.Level1:PersistentLevel.Level1'
[2017.02.03-11.25.17:492][495]LogBlueprintUserMessages: Early PlayInEditor Detection: Level '/Game/Levels/Level1.Level1:PersistentLevel' has LevelScriptBlueprint '/Game/Levels/Level1.Level1:PersistentLevel.Level1' with GeneratedClass '/Game/Levels/Level1.Level1_C' with ClassGeneratedBy '/Game/Levels/Level1.Level1:PersistentLevel.Level1'
[2017.02.03-11.25.17:492][495]LogPlayLevel: PlayLevel: No blueprints needed recompiling
[2017.02.03-11.25.17:492][495]PIE: New page: PIE session: Level1 (3 Feb 2017 11:25:17)
[2017.02.03-11.25.17:492][495]LogPlayLevel: Creating play world package: /Game/Levels/UEDPIE_0_Level1
[2017.02.03-11.25.17:526][495]LogPlayLevel: PIE: StaticDuplicateObject took: (0.033937s)
[2017.02.03-11.25.17:527][495]LogAIModule: Creating AISystem for world Level1
[2017.02.03-11.25.17:527][495]LogPlayLevel: PIE: World Init took: (0.000517s)
[2017.02.03-11.25.17:527][495]LogPlayLevel: PIE: Created PIE world by copying editor world from /Game/Levels/Level1.Level1 to /Game/Levels/UEDPIE_0_Level1.Level1 (0.034675s)
[2017.02.03-11.25.17:585][495]LogWorld: Game class is 'ThirdPersonGameMode_C'
[2017.02.03-11.25.17:590][495]LogWorld: Bringing World /Game/Levels/UEDPIE_0_Level1.Level1 up for play (max tick rate 0) at 2017.02.03-11.25.17
[2017.02.03-11.25.17:595][495]LogWorld: Bringing up level for play took: 0.009162
[2017.02.03-11.25.17:597][495]PIE: Info Play in editor start time for /Game/Levels/UEDPIE_0_Level1 -0.369
[2017.02.03-11.25.17:597][495]LogBlueprintUserMessages: Late PlayInEditor Detection: Level '/Game/Levels/Level1.Level1:PersistentLevel' has LevelScriptBlueprint '/Game/Levels/Level1.Level1:PersistentLevel.Level1' with GeneratedClass '/Game/Levels/Level1.Level1_C' with ClassGeneratedBy '/Game/Levels/Level1.Level1:PersistentLevel.Level1'
[2017.02.03-11.25.46:224][930]LogBlueprintUserMessages: Early EndPlayMap Detection: Level '/Game/Levels/Level1.Level1:PersistentLevel' has LevelScriptBlueprint '/Game/Levels/Level1.Level1:PersistentLevel.Level1' with GeneratedClass '/Game/Levels/Level1.Level1_C' with ClassGeneratedBy '/Game/Levels/Level1.Level1:PersistentLevel.Level1'
[2017.02.03-11.25.46:263][930]LogBlueprintUserMessages: Late EndPlayMap Detection: Level '/Game/Levels/Level1.Level1:PersistentLevel' has LevelScriptBlueprint '/Game/Levels/Level1.Level1:PersistentLevel.Level1' with GeneratedClass '/Game/Levels/Level1.Level1_C' with ClassGeneratedBy '/Game/Levels/Level1.Level1:PersistentLevel.Level1'
[2017.02.03-11.29.21:107][252]Cmd: QUIT_EDITOR
[2017.02.03-11.29.21:637][252]LogWindowsTextInputMethodSystem:Display: IME system now deactivated.
[2017.02.03-11.29.21:676][252]LogExit: Preparing to exit.
[2017.02.03-11.29.22:768][252]LogExit: Editor shut down
[2017.02.03-11.29.22:769][252]LogExit: Transaction tracking system shut down
[2017.02.03-11.29.22:883][252]LogObj: Freed 0b from 0 cluster array pools.
[2017.02.03-11.29.22:883][252]LogExit: Object subsystem successfully closed.
[2017.02.03-11.29.22:899][252]LogD3D11RHI: Shutdown
[2017.02.03-11.29.22:899][252]LogD3D11RHI: CleanupD3DDevice
[2017.02.03-11.29.22:941][252]LogD3D11RHI: ~FD3D11DynamicRHI
[2017.02.03-11.29.22:947][252]LogModuleManager: Shutting down and abandoning module BlueprintGraph (210)
[2017.02.03-11.29.22:947][252]LogModuleManager: Shutting down and abandoning module MovieSceneCapture (209)
[2017.02.03-11.29.22:947][252]LogModuleManager: Shutting down and abandoning module StatsViewer (208)
[2017.02.03-11.29.22:947][252]LogModuleManager: Shutting down and abandoning module HierarchicalLODOutliner (207)
[2017.02.03-11.29.22:947][252]LogModuleManager: Shutting down and abandoning module CrashTracker (206)
[2017.02.03-11.29.22:947][252]LogModuleManager: Shutting down and abandoning module SceneOutliner (205)
[2017.02.03-11.29.22:947][252]LogModuleManager: Shutting down and abandoning module WidgetCarousel (204)
[2017.02.03-11.29.22:947][252]LogModuleManager: Shutting down and abandoning module AddContentDialog (203)
[2017.02.03-11.29.22:948][252]LogModuleManager: Shutting down and abandoning module GameplayTags (202)
[2017.02.03-11.29.22:948][252]LogModuleManager: Shutting down and abandoning module EditorWidgets (201)
[2017.02.03-11.29.22:948][252]LogModuleManager: Shutting down and abandoning module CollectionManager (200)
[2017.02.03-11.29.22:948][252]LogModuleManager: Shutting down and abandoning module FoliageEdit (199)
[2017.02.03-11.29.22:948][252]LogModuleManager: Shutting down and abandoning module LandscapeEditor (198)
[2017.02.03-11.29.22:948][252]LogModuleManager: Shutting down and abandoning module SceneDepthPickerMode (197)
[2017.02.03-11.29.22:948][252]LogModuleManager: Shutting down and abandoning module ActorPickerMode (196)
[2017.02.03-11.29.22:948][252]LogModuleManager: Shutting down and abandoning module GeometryMode (195)
[2017.02.03-11.29.22:948][252]LogModuleManager: Shutting down and abandoning module TextureAlignMode (194)
[2017.02.03-11.29.22:948][252]LogModuleManager: Shutting down and abandoning module BspMode (193)
[2017.02.03-11.29.22:948][252]LogModuleManager: Shutting down and abandoning module HardwareSurvey (192)
[2017.02.03-11.29.22:948][252]LogModuleManager: Shutting down and abandoning module SequenceRecorderSections (191)
[2017.02.03-11.29.22:948][252]LogModuleManager: Shutting down and abandoning module SequenceRecorder (190)
[2017.02.03-11.29.22:948][252]LogModuleManager: Shutting down and abandoning module AutomationWorker (189)
[2017.02.03-11.29.22:948][252]LogModuleManager: Shutting down and abandoning module MatineeToLevelSequence (188)
[2017.02.03-11.29.22:948][252]LogModuleManager: Shutting down and abandoning module PlacementMode (187)
[2017.02.03-11.29.22:948][252]LogModuleManager: Shutting down and abandoning module LevelSequenceEditor (186)
[2017.02.03-11.29.22:948][252]LogModuleManager: Shutting down and abandoning module CharacterAI (185)
[2017.02.03-11.29.22:948][252]LogModuleManager: Shutting down and abandoning module SmartSnapping (184)
[2017.02.03-11.29.22:948][252]LogModuleManager: Shutting down and abandoning module SessionServices (183)
[2017.02.03-11.29.22:948][252]LogModuleManager: Shutting down and abandoning module ViewportSnapping (182)
[2017.02.03-11.29.22:948][252]LogModuleManager: Shutting down and abandoning module LogVisualizer (181)
[2017.02.03-11.29.22:948][252]LogModuleManager: Shutting down and abandoning module GameProjectGeneration (180)
[2017.02.03-11.29.22:948][252]LogModuleManager: Shutting down and abandoning module IntroTutorials (179)
[2017.02.03-11.29.22:948][252]LogModuleManager: Shutting down and abandoning module EditorLiveStreaming (178)
[2017.02.03-11.29.22:948][252]LogModuleManager: Shutting down and abandoning module IOSPlatformEditor (177)
[2017.02.03-11.29.22:948][252]LogModuleManager: Shutting down and abandoning module HTML5PlatformEditor (176)
[2017.02.03-11.29.22:948][252]LogModuleManager: Shutting down and abandoning module AndroidDeviceDetection (175)
[2017.02.03-11.29.23:181][252]LogModuleManager: Shutting down and abandoning module AndroidPlatformEditor (174)
[2017.02.03-11.29.23:182][252]LogModuleManager: Shutting down and abandoning module IOSRuntimeSettings (173)
[2017.02.03-11.29.23:182][252]LogModuleManager: Shutting down and abandoning module AndroidRuntimeSettings (172)
[2017.02.03-11.29.23:182][252]LogModuleManager: Shutting down and abandoning module MergeActors (171)
[2017.02.03-11.29.23:182][252]LogModuleManager: Shutting down and abandoning module SizeMap (170)
[2017.02.03-11.29.23:182][252]LogModuleManager: Shutting down and abandoning module TreeMap (169)
[2017.02.03-11.29.23:182][252]LogModuleManager: Shutting down and abandoning module ReferenceViewer (168)
[2017.02.03-11.29.23:182][252]LogModuleManager: Shutting down and abandoning module LocalizationService (167)
[2017.02.03-11.29.23:182][252]LogModuleManager: Shutting down and abandoning module LocalizationDashboard (166)
[2017.02.03-11.29.23:182][252]LogModuleManager: Shutting down and abandoning module HardwareTargeting (165)
[2017.02.03-11.29.23:182][252]LogModuleManager: Shutting down and abandoning module DeviceProfileEditor (164)
[2017.02.03-11.29.23:182][252]LogModuleManager: Shutting down and abandoning module UndoHistory (163)
[2017.02.03-11.29.23:182][252]LogModuleManager: Shutting down and abandoning module UserFeedback (162)
[2017.02.03-11.29.23:182][252]LogModuleManager: Shutting down and abandoning module XmlParser (161)
[2017.02.03-11.29.23:182][252]LogModuleManager: Shutting down and abandoning module Blutility (160)
[2017.02.03-11.29.23:182][252]LogModuleManager: Shutting down and abandoning module ProjectTargetPlatformEditor (159)
[2017.02.03-11.29.23:183][252]LogModuleManager: Shutting down and abandoning module ProjectSettingsViewer (158)
[2017.02.03-11.29.23:183][252]LogModuleManager: Shutting down and abandoning module InputBindingEditor (157)
[2017.02.03-11.29.23:183][252]LogModuleManager: Shutting down and abandoning module EditorSettingsViewer (156)
[2017.02.03-11.29.23:183][252]LogModuleManager: Shutting down and abandoning module SettingsEditor (155)
[2017.02.03-11.29.23:183][252]LogModuleManager: Shutting down and abandoning module ProjectLauncher (154)
[2017.02.03-11.29.23:183][252]LogModuleManager: Shutting down and abandoning module SessionFrontend (153)
[2017.02.03-11.29.23:183][252]LogModuleManager: Shutting down and abandoning module ProfilerClient (152)
[2017.02.03-11.29.23:183][252]LogModuleManager: Shutting down and abandoning module TargetDeviceServices (151)
[2017.02.03-11.29.23:184][252]LogModuleManager: Shutting down and abandoning module DeviceManager (150)
[2017.02.03-11.29.23:246][252]LogModuleManager: Shutting down and abandoning module AutomationController (149)
[2017.02.03-11.29.23:246][252]LogModuleManager: Shutting down and abandoning module AutomationWindow (148)
[2017.02.03-11.29.23:246][252]LogModuleManager: Shutting down and abandoning module Layers (147)
[2017.02.03-11.29.23:246][252]LogModuleManager: Shutting down and abandoning module ComponentVisualizers (146)
[2017.02.03-11.29.23:246][252]LogModuleManager: Shutting down and abandoning module DetailCustomizations (145)
[2017.02.03-11.29.23:246][252]LogModuleManager: Shutting down and abandoning module PackagesDialog (144)
[2017.02.03-11.29.23:247][252]LogModuleManager: Shutting down and abandoning module Persona (143)
[2017.02.03-11.29.23:247][252]LogModuleManager: Shutting down and abandoning module Kismet (142)
[2017.02.03-11.29.23:247][252]LogModuleManager: Shutting down and abandoning module GraphEditor (141)
[2017.02.03-11.29.23:247][252]LogModuleManager: Shutting down and abandoning module ClassViewer (140)
[2017.02.03-11.29.23:247][252]LogModuleManager: Shutting down and abandoning module Toolbox (139)
[2017.02.03-11.29.23:247][252]LogModuleManager: Shutting down and abandoning module ModuleUI (138)
[2017.02.03-11.29.23:247][252]LogModuleManager: Shutting down and abandoning module MovieSceneTools (137)
[2017.02.03-11.29.23:248][252]LogModuleManager: Shutting down and abandoning module OutputLog (136)
[2017.02.03-11.29.23:248][252]LogModuleManager: Shutting down and abandoning module GammaUI (135)
[2017.02.03-11.29.23:248][252]LogModuleManager: Shutting down and abandoning module Documentation (134)
[2017.02.03-11.29.23:248][252]LogModuleManager: Shutting down and abandoning module StreamingPauseRendering (133)
[2017.02.03-11.29.23:248][252]LogModuleManager: Shutting down and abandoning module AnalyticsET (132)
[2017.02.03-11.29.23:248][252]LogModuleManager: Shutting down and abandoning module Analytics (131)
[2017.02.03-11.29.23:248][252]LogModuleManager: Shutting down and abandoning module PortalServices (130)
[2017.02.03-11.29.23:248][252]LogModuleManager: Shutting down and abandoning module PortalRpc (129)
[2017.02.03-11.29.23:248][252]LogModuleManager: Shutting down and abandoning module MessagingRpc (128)
[2017.02.03-11.29.23:248][252]LogModuleManager: Shutting down and abandoning module GameplayDebugger (127)
[2017.02.03-11.29.23:248][252]LogModuleManager: Shutting down and abandoning module AITestSuite (126)
[2017.02.03-11.29.23:248][252]LogModuleManager: Shutting down and abandoning module AIModule (125)
[2017.02.03-11.29.23:248][252]LogModuleManager: Shutting down and abandoning module ProfilerService (124)
[2017.02.03-11.29.23:253][252]LogModuleManager: Shutting down and abandoning module TaskGraph (123)
[2017.02.03-11.29.23:253][252]LogModuleManager: Shutting down and abandoning module SlateRemote (122)
[2017.02.03-11.29.23:253][252]LogModuleManager: Shutting down and abandoning module SteamVRController (121)
[2017.02.03-11.29.23:253][252]LogModuleManager: Shutting down and abandoning module SteamVR (120)
[2017.02.03-11.29.23:253][252]LogModuleManager: Shutting down and abandoning module ProceduralMeshComponent (119)
[2017.02.03-11.29.23:253][252]LogModuleManager: Shutting down and abandoning module OculusLibrary (118)
[2017.02.03-11.29.23:253][252]LogModuleManager: Shutting down and abandoning module OculusInput (117)
[2017.02.03-11.29.23:253][252]LogModuleManager: Shutting down and abandoning module CustomMeshComponent (116)
[2017.02.03-11.29.23:253][252]LogModuleManager: Shutting down and abandoning module CableComponent (115)
[2017.02.03-11.29.23:253][252]LogModuleManager: Shutting down and abandoning module ArchVisCharacter (114)
[2017.02.03-11.29.23:253][252]LogModuleManager: Shutting down and abandoning module MediaPlayerEditor (113)
[2017.02.03-11.29.23:253][252]LogModuleManager: Shutting down and abandoning module HTML5Networking (112)
[2017.02.03-11.29.23:253][252]LogModuleManager: Shutting down and abandoning module SuperSearch (111)
[2017.02.03-11.29.23:253][252]LogModuleManager: Shutting down and abandoning module SuperSearchEditor (110)
[2017.02.03-11.29.23:253][252]LogModuleManager: Shutting down and abandoning module SpeedTreeImporter (109)
[2017.02.03-11.29.23:253][252]LogModuleManager: Shutting down and abandoning module PluginBrowser (108)
[2017.02.03-11.29.23:253][252]LogModuleManager: Shutting down and abandoning module EpicSurvey (107)
[2017.02.03-11.29.23:254][252]LogModuleManager: Shutting down and abandoning module DesktopPlatform (106)
[2017.02.03-11.29.23:254][252]LogModuleManager: Shutting down and abandoning module VisualStudioSourceCodeAccess (105)
[2017.02.03-11.29.23:254][252]LogModuleManager: Shutting down and abandoning module UObjectPlugin (104)
[2017.02.03-11.29.23:254][252]LogModuleManager: Shutting down and abandoning module SubversionSourceControl (103)
[2017.02.03-11.29.23:254][252]LogModuleManager: Shutting down and abandoning module PerforceSourceControl (102)
[2017.02.03-11.29.23:254][252]LogModuleManager: Shutting down and abandoning module SourceControl (101)
[2017.02.03-11.29.23:254][252]LogModuleManager: Shutting down and abandoning module GitSourceControl (100)
[2017.02.03-11.29.23:254][252]LogModuleManager: Shutting down and abandoning module LightPropagationVolumeEditor (99)
[2017.02.03-11.29.23:254][252]LogModuleManager: Shutting down and abandoning module PaperTiledImporter (98)
[2017.02.03-11.29.23:254][252]LogModuleManager: Shutting down and abandoning module PaperSpriteSheetImporter (97)
[2017.02.03-11.29.23:254][252]LogModuleManager: Shutting down and abandoning module MeshPaint (96)
[2017.02.03-11.29.23:254][252]LogModuleManager: Shutting down and abandoning module PixelInspectorModule (95)
[2017.02.03-11.29.23:254][252]LogModuleManager: Shutting down and abandoning module HotReload (94)
[2017.02.03-11.29.23:255][252]LogModuleManager: Shutting down and abandoning module MainFrame (93)
[2017.02.03-11.29.23:255][252]LogModuleManager: Shutting down and abandoning module LevelEditor (92)
[2017.02.03-11.29.23:257][252]LogModuleManager: Shutting down and abandoning module ContentBrowser (91)
[2017.02.03-11.29.23:260][252]LogModuleManager: Shutting down and abandoning module Paper2DEditor (90)
[2017.02.03-11.29.23:260][252]LogModuleManager: Shutting down and abandoning module UdpMessaging (89)
[2017.02.03-11.29.23:361][252]LogModuleManager: Shutting down and abandoning module LightPropagationVolumeRuntime (88)
[2017.02.03-11.29.23:361][252]LogModuleManager: Shutting down and abandoning module Paper2D (87)
[2017.02.03-11.29.23:361][252]LogModuleManager: Shutting down and abandoning module WindowsMoviePlayer (86)
[2017.02.03-11.29.23:361][252]LogModuleManager: Shutting down and abandoning module Media (85)
[2017.02.03-11.29.23:361][252]LogModuleManager: Shutting down and abandoning module WmfMedia (84)
[2017.02.03-11.29.23:363][252]LogModuleManager: Shutting down and abandoning module MediaAssets (83)
[2017.02.03-11.29.23:363][252]LogModuleManager: Shutting down and abandoning module GameLiveStreaming (82)
[2017.02.03-11.29.23:363][252]LogModuleManager: Shutting down and abandoning module GameplayTagsEditor (81)
[2017.02.03-11.29.23:363][252]LogModuleManager: Shutting down and abandoning module OnlineBlueprintSupport (80)
[2017.02.03-11.29.23:363][252]LogModuleManager: Shutting down and abandoning module VREditor (79)
[2017.02.03-11.29.23:363][252]LogModuleManager: Shutting down and abandoning module GameplayTasksEditor (78)
[2017.02.03-11.29.23:363][252]LogModuleManager: Shutting down and abandoning module PropertyEditor (77)
[2017.02.03-11.29.23:363][252]LogModuleManager: Shutting down and abandoning module BehaviorTreeEditor (76)
[2017.02.03-11.29.23:364][252]LogModuleManager: Shutting down and abandoning module FunctionalTesting (75)
[2017.02.03-11.29.23:364][252]LogModuleManager: Shutting down and abandoning module CollisionAnalyzer (74)
[2017.02.03-11.29.23:364][252]LogModuleManager: Shutting down and abandoning module Sequencer (73)
[2017.02.03-11.29.23:364][252]LogModuleManager: Shutting down and abandoning module WorkspaceMenuStructure (72)
[2017.02.03-11.29.23:364][252]LogModuleManager: Shutting down and abandoning module MessageLog (71)
[2017.02.03-11.29.23:364][252]LogModuleManager: Shutting down and abandoning module AssetTools (70)
[2017.02.03-11.29.23:364][252]LogModuleManager: Shutting down and abandoning module UMGEditor (69)
[2017.02.03-11.29.23:364][252]LogModuleManager: Shutting down and abandoning module UMG (68)
[2017.02.03-11.29.23:364][252]LogModuleManager: Shutting down and abandoning module SlateReflector (67)
[2017.02.03-11.29.23:364][252]LogModuleManager: Shutting down and abandoning module Slate (66)
[2017.02.03-11.29.23:364][252]LogModuleManager: Shutting down and abandoning module EditorStyle (65)
[2017.02.03-11.29.23:371][252]LogModuleManager: Shutting down and abandoning module SourceCodeAccess (64)
[2017.02.03-11.29.23:371][252]LogModuleManager: Shutting down and abandoning module HeadMountedDisplay (63)
[2017.02.03-11.29.23:371][252]LogModuleManager: Shutting down and abandoning module XAudio2 (62)
[2017.02.03-11.29.23:371][252]LogModuleManager: Shutting down and abandoning module Networking (60)
[2017.02.03-11.29.23:371][252]LogModuleManager: Shutting down and abandoning module Core (59)
[2017.02.03-11.29.23:371][252]LogModuleManager: Shutting down and abandoning module DirectoryWatcher (58)
[2017.02.03-11.29.23:373][252]LogModuleManager: Shutting down and abandoning module AssetRegistry (57)
[2017.02.03-11.29.23:492][252]LogModuleManager: Shutting down and abandoning module KismetCompiler (56)
[2017.02.03-11.29.23:492][252]LogModuleManager: Shutting down and abandoning module PhysXFormats (55)
[2017.02.03-11.29.23:492][252]LogModuleManager: Shutting down and abandoning module MeshUtilities (54)
[2017.02.03-11.29.23:493][252]LogModuleManager: Shutting down and abandoning module DerivedDataCache (53)
[2017.02.03-11.29.23:506][252]LogDerivedDataCache: Shutdown
[2017.02.03-11.29.23:506][252]LogModuleManager: Shutting down and abandoning module MetalShaderFormat (52)
[2017.02.03-11.29.23:506][252]LogModuleManager: Shutting down and abandoning module VulkanShaderFormat (51)
[2017.02.03-11.29.23:506][252]LogModuleManager: Shutting down and abandoning module ShaderFormatD3D (50)
[2017.02.03-11.29.23:506][252]LogModuleManager: Shutting down and abandoning module ShaderFormatOpenGL (49)
[2017.02.03-11.29.23:506][252]LogModuleManager: Shutting down and abandoning module TextureFormatUncompressed (48)
[2017.02.03-11.29.23:506][252]LogModuleManager: Shutting down and abandoning module ImageWrapper (47)
[2017.02.03-11.29.23:506][252]LogModuleManager: Shutting down and abandoning module TextureFormatASTC (46)
[2017.02.03-11.29.23:506][252]LogModuleManager: Shutting down and abandoning module TextureFormatPVR (45)
[2017.02.03-11.29.23:506][252]LogModuleManager: Shutting down and abandoning module TextureFormatDXT (44)
[2017.02.03-11.29.23:506][252]LogModuleManager: Shutting down and abandoning module TextureFormatIntelISPCTexComp (43)
[2017.02.03-11.29.23:506][252]LogModuleManager: Shutting down and abandoning module AudioFormatOpus (42)
[2017.02.03-11.29.23:506][252]LogModuleManager: Shutting down and abandoning module AudioFormatOgg (41)
[2017.02.03-11.29.23:506][252]LogModuleManager: Shutting down and abandoning module AudioFormatADPCM (40)
[2017.02.03-11.29.23:506][252]LogModuleManager: Shutting down and abandoning module TVOSTargetPlatform (39)
[2017.02.03-11.29.23:506][252]LogModuleManager: Shutting down and abandoning module Messaging (38)
[2017.02.03-11.29.23:506][252]LogModuleManager: Shutting down and abandoning module IOSTargetPlatform (37)
[2017.02.03-11.29.23:506][252]LogModuleManager: Shutting down and abandoning module HTML5TargetPlatform (36)
[2017.02.03-11.29.23:506][252]LogModuleManager: Shutting down and abandoning module Android_MultiTargetPlatform (35)
[2017.02.03-11.29.23:506][252]LogModuleManager: Shutting down and abandoning module Android_ASTCTargetPlatform (34)
[2017.02.03-11.29.23:506][252]LogModuleManager: Shutting down and abandoning module Android_ETC2TargetPlatform (33)
[2017.02.03-11.29.23:506][252]LogModuleManager: Shutting down and abandoning module Android_ETC1TargetPlatform (32)
[2017.02.03-11.29.23:506][252]LogModuleManager: Shutting down and abandoning module Android_DXTTargetPlatform (31)
[2017.02.03-11.29.23:506][252]LogModuleManager: Shutting down and abandoning module Android_ATCTargetPlatform (30)
[2017.02.03-11.29.23:506][252]LogModuleManager: Shutting down and abandoning module Android_PVRTCTargetPlatform (29)
[2017.02.03-11.29.23:506][252]LogModuleManager: Shutting down and abandoning module AndroidTargetPlatform (28)
[2017.02.03-11.29.23:506][252]LogModuleManager: Shutting down and abandoning module AllDesktopTargetPlatform (27)
[2017.02.03-11.29.23:506][252]LogModuleManager: Shutting down and abandoning module WindowsClientTargetPlatform (26)
[2017.02.03-11.29.23:506][252]LogModuleManager: Shutting down and abandoning module WindowsServerTargetPlatform (25)
[2017.02.03-11.29.23:506][252]LogModuleManager: Shutting down and abandoning module WindowsNoEditorTargetPlatform (24)
[2017.02.03-11.29.23:506][252]LogModuleManager: Shutting down and abandoning module WindowsTargetPlatform (23)
[2017.02.03-11.29.23:506][252]LogModuleManager: Shutting down and abandoning module TargetPlatform (22)
[2017.02.03-11.29.23:506][252]LogModuleManager: Shutting down and abandoning module InputCore (21)
[2017.02.03-11.29.23:506][252]LogModuleManager: Shutting down and abandoning module Settings (20)
[2017.02.03-11.29.23:506][252]LogModuleManager: Shutting down and abandoning module OnlineSubsystem (18)
[2017.02.03-11.29.23:506][252]LogModuleManager: Shutting down and abandoning module HTTP (17)
[2017.02.03-11.29.27:521][252]LogModuleManager: Shutting down and abandoning module OculusRift (16)
[2017.02.03-11.29.27:521][252]LogModuleManager: Shutting down and abandoning module ExampleDeviceProfileSelector (15)
[2017.02.03-11.29.27:521][252]LogModuleManager: Shutting down and abandoning module TextureCompressor (14)
[2017.02.03-11.29.27:521][252]LogModuleManager: Shutting down and abandoning module ShaderCore (13)
[2017.02.03-11.29.27:521][252]LogModuleManager: Shutting down and abandoning module Landscape (12)
[2017.02.03-11.29.27:521][252]LogModuleManager: Shutting down and abandoning module SlateRHIRenderer (11)
[2017.02.03-11.29.27:522][252]LogModuleManager: Shutting down and abandoning module OpenGLDrv (10)
[2017.02.03-11.29.27:522][252]LogModuleManager: Shutting down and abandoning module D3D11RHI (9)
[2017.02.03-11.29.27:522][252]LogModuleManager: Shutting down and abandoning module AnimGraphRuntime (8)
[2017.02.03-11.29.27:522][252]LogModuleManager: Shutting down and abandoning module Renderer (7)
[2017.02.03-11.29.27:522][252]LogModuleManager: Shutting down and abandoning module Engine (6)
[2017.02.03-11.29.27:522][252]LogModuleManager: Shutting down and abandoning module CoreUObject (5)
[2017.02.03-11.29.27:522][252]LogModuleManager: Shutting down and abandoning module NetworkFile (4)
[2017.02.03-11.29.27:522][252]LogModuleManager: Shutting down and abandoning module StreamingFile (3)
[2017.02.03-11.29.27:522][252]LogModuleManager: Shutting down and abandoning module SandboxFile (2)
[2017.02.03-11.29.27:522][252]LogModuleManager: Shutting down and abandoning module PakFile (1)
[2017.02.03-11.29.27:523][252]LogExit: Exiting.
[2017.02.03-11.29.27:524][252]Log file closed, 02/03/17 11:29:27
