Log file open, 01/31/17 13:09:11
LogInit:Display: Running engine for game: ToolBoxGame
LogPlatformFile: Not using cached read wrapper
LogInit:Display: RandInit(-2022809069) SRandInit(-2022809068).
LogTaskGraph: Started task graph with 4 named threads and 7 total threads with 1 sets of task threads.
LogStats: Stats thread started at 0.074259
LogInit: Version: 4.12.5-3039270+++UE4+Release-4.12
LogInit: API Version: 2992821
LogInit: Net Version: 3039270
LogDevObjectVersion: Number of dev versions registered: 13
LogDevObjectVersion:   Dev-Blueprints (B0D832E4-1F89-4F0D-ACCF-7EB736FD4AA2): 3
LogDevObjectVersion:   Dev-Build (E1C64328-A22C-4D53-A36C-8E866417BD8C): 0
LogDevObjectVersion:   Dev-Core (375EC13C-06E4-48FB-B500-84F0262A717E): 1
LogDevObjectVersion:   Dev-Editor (E4B068ED-F494-42E9-A231-DA0B2E46BB41): 2
LogDevObjectVersion:   Dev-Framework (CFFC743F-43B0-4480-9391-14DF171D2073): 6
LogDevObjectVersion:   Dev-Mobile (B02B49B5-BB20-44E9-A304-32B752E40360): 0
LogDevObjectVersion:   Dev-Networking (A4E4105C-59A1-49B5-A7C5-40C4547EDFEE): 0
LogDevObjectVersion:   Dev-Online (39C831C9-5AE6-47DC-9A44-9C173E1C8E7C): 0
LogDevObjectVersion:   Dev-Physics (78F01B33-EBEA-4F98-B9B4-84EACCB95AA2): 0
LogDevObjectVersion:   Dev-Platform (6631380F-2D4D-43E0-8009-CF276956A95A): 0
LogDevObjectVersion:   Dev-Rendering (12F88B9F-8875-4AFC-A67C-D90C383ABD29): 2
LogDevObjectVersion:   Dev-Sequencer (7B5AE74C-D270-4C10-A958-57980B212A5A): 0
LogDevObjectVersion:   Dev-VR (D7296918-1DD6-4BDD-9DE2-64A83CC13884): 0
LogInit: Compiled (64-bit): Jul  6 2016 09:09:46
LogInit: Compiled with Visual C++: 19.00.23026.00
LogInit: Build Configuration: Development
LogInit: Branch Name: ++UE4+Release-4.12
LogInit: Command line:  
LogInit: Base directory: D:/Unreal Engine/UE_4.12/Engine/Binaries/Win64/
LogInit: Installed Engine Build: 1
LogInit: Using libcurl 7.41.0
LogInit:  - built for x86_64-pc-win32
LogInit:  - supports SSL with WinSSL
LogInit:  - other features:
LogInit:      CURL_VERSION_SSL
LogInit:      CURL_VERSION_IPV6
LogInit:      CURL_VERSION_ASYNCHDNS
LogInit:      CURL_VERSION_LARGEFILE
LogInit:      CURL_VERSION_IDN
LogInit:  CurlRequestOptions (configurable via config and command line):
LogInit:  - bVerifyPeer = true  - Libcurl will verify peer certificate
LogInit:  - bUseHttpProxy = false  - Libcurl will NOT use HTTP proxy
LogInit:  - bDontReuseConnections = false  - Libcurl will reuse connections
LogInit:  - CertBundlePath = nullptr  - Libcurl will use whatever was configured at build time.
LogInit: Presizing for max 8388607 objects, including 0 objects not considered by GC, pre-allocating 0 bytes for permanent pool.
LogInit: Object subsystem initialized
[2017.01.31-13.09.11:487][  0]LogInit: Selected Device Profile: [Windows]
[2017.01.31-13.09.11:487][  0]LogInit: Applying CVar settings loaded from the selected device profile: [Windows]
[2017.01.31-13.09.11:499][  0]LogInit: Computer: MSI
[2017.01.31-13.09.11:499][  0]LogInit: User: Callum
[2017.01.31-13.09.11:499][  0]LogInit: CPU Page size=65536, Cores=4
[2017.01.31-13.09.11:499][  0]LogInit: High frequency timer resolution =2.531248 MHz
[2017.01.31-13.09.11:499][  0]LogMemory: Memory total: Physical=15.9GB (16GB approx)
[2017.01.31-13.09.11:499][  0]LogMemory: Platform Memory Stats for Windows
[2017.01.31-13.09.11:499][  0]LogMemory: Process Physical Memory: 190.80 MB used, 190.80 MB peak
[2017.01.31-13.09.11:499][  0]LogMemory: Process Virtual Memory: 195.32 MB used, 195.32 MB peak
[2017.01.31-13.09.11:499][  0]LogMemory: Physical Memory: 5735.46 MB used, 16259.88 MB total
[2017.01.31-13.09.11:499][  0]LogMemory: Virtual Memory: 553.60 MB used, 134217728.00 MB total
[2017.01.31-13.09.11:530][  0]LogTextLocalizationManager: No specific translations for ('en-GB') exist, so ('en') translations will be used.
[2017.01.31-13.09.11:922][  0]LogD3D11RHI: D3D11 adapters:
[2017.01.31-13.09.12:480][  0]LogD3D11RHI:    0. 'NVIDIA GeForce GTX 1060' (Feature Level 11_0)
[2017.01.31-13.09.12:480][  0]LogD3D11RHI:       6084/0/8129 MB DedicatedVideo/DedicatedSystem/SharedSystem, Outputs:1, VendorId:0x10de
[2017.01.31-13.09.12:489][  0]LogD3D11RHI:    1. 'Intel(R) HD Graphics 530' (Feature Level 11_0)
[2017.01.31-13.09.12:489][  0]LogD3D11RHI:       128/0/8129 MB DedicatedVideo/DedicatedSystem/SharedSystem, Outputs:0, VendorId:0x8086
[2017.01.31-13.09.12:490][  0]LogD3D11RHI:    2. 'Microsoft Basic Render Driver' (Feature Level 11_0)
[2017.01.31-13.09.12:490][  0]LogD3D11RHI:       0/0/8129 MB DedicatedVideo/DedicatedSystem/SharedSystem, Outputs:0, VendorId:0x1414
[2017.01.31-13.09.12:490][  0]LogD3D11RHI: Chosen D3D11 Adapter: 0
[2017.01.31-13.09.12:494][  0]LogD3D11RHI: Creating new Direct3DDevice
[2017.01.31-13.09.12:494][  0]LogD3D11RHI:     GPU DeviceId: 0x1c20 (for the marketing name, search the web for "GPU Device Id")
[2017.01.31-13.09.12:494][  0]LogWindows: EnumDisplayDevices:
[2017.01.31-13.09.12:494][  0]LogWindows:    0. 'Intel(R) HD Graphics 530' (P:1 D:1)
[2017.01.31-13.09.12:494][  0]LogWindows:    1. 'Intel(R) HD Graphics 530' (P:0 D:0)
[2017.01.31-13.09.12:494][  0]LogWindows:    2. 'Intel(R) HD Graphics 530' (P:0 D:0)
[2017.01.31-13.09.12:495][  0]LogWindows:    3. 'NVIDIA GeForce GTX 1060' (P:0 D:0)
[2017.01.31-13.09.12:495][  0]LogWindows:    4. 'NVIDIA GeForce GTX 1060' (P:0 D:0)
[2017.01.31-13.09.12:495][  0]LogWindows:    5. 'NVIDIA GeForce GTX 1060' (P:0 D:0)
[2017.01.31-13.09.12:495][  0]LogWindows:    6. 'NVIDIA GeForce GTX 1060' (P:0 D:0)
[2017.01.31-13.09.12:495][  0]LogWindows: DebugString: PrimaryIsNotTheChoosenAdapter PrimaryIsNotTheChoosenAdapter PrimaryIsNotTheChoosenAdapter FoundDriverCount:4 
[2017.01.31-13.09.12:495][  0]LogD3D11RHI:     Adapter Name: NVIDIA GeForce GTX 1060
[2017.01.31-13.09.12:495][  0]LogD3D11RHI:   Driver Version: 378.49 (internal:21.21.13.7849, unified:378.49)
[2017.01.31-13.09.12:495][  0]LogD3D11RHI:      Driver Date: 1-20-2017
[2017.01.31-13.09.12:495][  0]LogRHI: Texture pool is 1361 MB (70% of 1945 MB)
[2017.01.31-13.09.13:014][  0]LogD3D11RHI: Async texture creation enabled
[2017.01.31-13.09.13:063][  0]LogD3D11RHI: GPU Timing Frequency: 1000.000000 (Debug: 2 1)
[2017.01.31-13.09.13:064][  0]LogShaderCompilers: Guid format shader working directory is -15 characters bigger than the processId version (../../../../../Users/Callum/Downloads/ToolBoxGame1/ToolBoxGame1/Intermediate/Shaders/WorkingDirectory/564/).
[2017.01.31-13.09.13:064][  0]LogShaderCompilers: Cleaned the shader compiler working directory 'C:/Users/Callum/AppData/Local/Temp/UnrealShaderWorkingDir/36423A2D4F4A23CD050253B1E9BE91A5/'.
[2017.01.31-13.09.13:064][  0]LogShaderCompilers:Display: Using Local Shader Compiler.
[2017.01.31-13.09.13:894][  0]LogTemp:Display: Loaded TP AllDesktopTargetPlatform
[2017.01.31-13.09.13:903][  0]LogTemp:Display: Loaded TP WindowsClientTargetPlatform
[2017.01.31-13.09.13:911][  0]LogTemp:Display: Loaded TP WindowsNoEditorTargetPlatform
[2017.01.31-13.09.13:919][  0]LogTemp:Display: Loaded TP WindowsServerTargetPlatform
[2017.01.31-13.09.13:928][  0]LogTemp:Display: Loaded TP WindowsTargetPlatform
[2017.01.31-13.09.13:935][  0]LogTemp:Display: Loaded TP AndroidTargetPlatform
[2017.01.31-13.09.13:942][  0]LogTemp:Display: Loaded TP Android_ASTCTargetPlatform
[2017.01.31-13.09.13:949][  0]LogTemp:Display: Loaded TP Android_ATCTargetPlatform
[2017.01.31-13.09.13:956][  0]LogTemp:Display: Loaded TP Android_DXTTargetPlatform
[2017.01.31-13.09.13:964][  0]LogTemp:Display: Loaded TP Android_ETC1TargetPlatform
[2017.01.31-13.09.13:971][  0]LogTemp:Display: Loaded TP Android_ETC2TargetPlatform
[2017.01.31-13.09.13:985][  0]LogTemp:Display: Loaded TP Android_MultiTargetPlatform
[2017.01.31-13.09.13:985][  0]LogTemp:Display: Loaded TP Android_PVRTCTargetPlatform
[2017.01.31-13.09.13:986][  0]LogTemp:Display: Loaded TP HTML5TargetPlatform
[2017.01.31-13.09.14:006][  0]LogTemp:Display: Loaded TP IOSTargetPlatform
[2017.01.31-13.09.14:013][  0]LogTemp:Display: Loaded TP TVOSTargetPlatform
[2017.01.31-13.09.14:020][  0]LogTemp:Display: Loaded TP LinuxNoEditorTargetPlatform
[2017.01.31-13.09.14:027][  0]LogTemp:Display: Loaded TP LinuxServerTargetPlatform
[2017.01.31-13.09.14:035][  0]LogTemp:Display: Loaded TP LinuxTargetPlatform
[2017.01.31-13.09.14:035][  0]LogTargetPlatformManager:Display: Building Assets For Windows
[2017.01.31-13.09.14:085][  0]LogDerivedDataCache:Display: Max Cache Size: 512 MB
[2017.01.31-13.09.14:131][  0]LogDerivedDataCache: Loaded boot cache 0.05s 48MB C:/Users/Callum/AppData/Local/UnrealEngine/4.12/DerivedDataCache/Boot.ddc.
[2017.01.31-13.09.14:131][  0]LogDerivedDataCache:Display: Loaded Boot cache: C:/Users/Callum/AppData/Local/UnrealEngine/4.12/DerivedDataCache/Boot.ddc
[2017.01.31-13.09.14:132][  0]LogDerivedDataCache: FDerivedDataBackendGraph:  Pak pak cache file ../../../../../Users/Callum/Downloads/ToolBoxGame1/ToolBoxGame1/DerivedDataCache/DDC.ddp not found, will not use a pak cache.
[2017.01.31-13.09.14:132][  0]LogDerivedDataCache: Unable to find inner node Pak for hierarchical cache Hierarchy.
[2017.01.31-13.09.14:132][  0]LogDerivedDataCache: FDerivedDataBackendGraph:  CompressedPak pak cache file ../../../../../Users/Callum/Downloads/ToolBoxGame1/ToolBoxGame1/DerivedDataCache/Compressed.ddp not found, will not use a pak cache.
[2017.01.31-13.09.14:132][  0]LogDerivedDataCache: Unable to find inner node CompressedPak for hierarchical cache Hierarchy.
[2017.01.31-13.09.14:148][  0]LogDerivedDataCache:Display: Pak cache opened for reading ../../../Engine/DerivedDataCache/Compressed.ddp.
[2017.01.31-13.09.14:161][  0]LogDerivedDataCache: Using Local data cache path C:/Users/Callum/AppData/Local/UnrealEngine/Common/DerivedDataCache: Writable
[2017.01.31-13.09.14:317][  0]LogInit: Selected Device Profile: [Windows]
[2017.01.31-13.09.14:317][  0]LogContentStreaming: Texture pool size is 0.00 MB
[2017.01.31-13.09.14:461][  0]LogMeshUtilities: No automatic mesh reduction module available
[2017.01.31-13.09.14:461][  0]LogMeshUtilities: No automatic mesh merging module available
[2017.01.31-13.09.14:461][  0]LogMeshUtilities: No distributed automatic mesh merging module available
[2017.01.31-13.09.14:725][  0]LogAssetRegistry: FAssetRegistry took 0.0210 seconds to start up
[2017.01.31-13.09.14:755][  0]LogPackageLocalizationCache: Processed 3 localized package path(s) for 2 prioritized culture(s) in 0.027675 seconds
[2017.01.31-13.09.14:762][  0]LogUObjectArray: 28739 objects as part of root set at end of initial load.
[2017.01.31-13.09.14:762][  0]LogUObjectAllocator: 5855624 out of 0 bytes used by permanent object pool.
[2017.01.31-13.09.14:762][  0]LogUObjectArray: CloseDisregardForGC: 0/0 objects in disregard for GC pool
[2017.01.31-13.09.14:767][  0]LogInit: WinSock: version 1.1 (2.2), MaxSocks=32767, MaxUdp=65467
[2017.01.31-13.09.14:914][  0]LogSlate: SlateFontCache - WITH_FREETYPE: 1, WITH_HARFBUZZ: 1
[2017.01.31-13.09.14:914][  0]LogSlate: SlateFontCache - WITH_FREETYPE: 1, WITH_HARFBUZZ: 1
[2017.01.31-13.09.15:493][  0]LogUdpMessaging: Initializing bridge on interface 0.0.0.0:0 to multicast group 230.0.0.1:6666.
[2017.01.31-13.09.15:668][  0]SourceControl: Info Source control is disabled
[2017.01.31-13.09.15:701][  0]SourceControl: Info Source control is disabled
[2017.01.31-13.09.15:706][  0]SourceControl: Info Source control is disabled
[2017.01.31-13.09.15:710][  0]SourceControl: Info Source control is disabled
[2017.01.31-13.09.15:906][  0]LogEngine: Initializing Engine...
[2017.01.31-13.09.15:907][  0]LogHMD: SteamVR failed to initialize.  Err: 110
[2017.01.31-13.09.15:908][  0]LogHMD: SteamVR failed to initialize.  Err: 110
[2017.01.31-13.09.16:037][  0]LogAIModule: Creating AISystem for world NewWorld
[2017.01.31-13.09.16:041][  0]LogInit: XAudio2 using 'Speakers (Realtek High Definition Audio)' : 2 channels at 48 kHz using 32 bits per sample (channel mask 0x3)
[2017.01.31-13.09.16:071][  0]LogInit: FAudioDevice initialized.
[2017.01.31-13.09.16:093][  0]LogDerivedDataCache: Saved boot cache 0.02s 48MB C:/Users/Callum/AppData/Local/UnrealEngine/4.12/DerivedDataCache/Boot.ddc.
[2017.01.31-13.09.16:099][  0]LogInit: Texture streaming: Enabled
[2017.01.31-13.09.16:116][  0]LogInit: Transaction tracking system initialized
[2017.01.31-13.09.16:129][  0]BlueprintLog: New page: Editor Load
[2017.01.31-13.09.16:175][  0]LocalizationService: Info Localization service is disabled
[2017.01.31-13.09.16:219][  0]LogConsoleResponse:Display: 
[2017.01.31-13.09.16:314][  0]LogCook:Display: Max memory allowance for cook 8192mb
[2017.01.31-13.09.16:314][  0]LogCook:Display: Mobile HDR setting 1
[2017.01.31-13.09.16:376][  0]LogFileCache: Scanning file cache for directory 'D:/Users/Callum/Downloads/ToolBoxGame1/ToolBoxGame1/Content/' took 0.01s
[2017.01.31-13.09.16:376][  0]SourceControl: Info Source control is disabled
[2017.01.31-13.09.16:376][  0]Cmd: MAP LOAD FILE="../../../../../Users/Callum/Downloads/ToolBoxGame1/ToolBoxGame1/Content/ThirdPersonBP/Maps/ThirdPersonExampleMap.umap" TEMPLATE=0 SHOWPROGRESS=1 FEATURELEVEL=3
[2017.01.31-13.09.16:376][  0]LightingResults: New page: Lighting Build
[2017.01.31-13.09.16:378][  0]MapCheck: New page: Map Check
[2017.01.31-13.09.16:378][  0]LightingResults: New page: Lighting Build
[2017.01.31-13.09.16:476][  0]LogLinker:Warning: Asset '../../../../../Users/Callum/Downloads/ToolBoxGame1/ToolBoxGame1/Content/Blueprints/PushObj.uasset' has been saved with empty engine version. The asset will be loaded but may be incompatible.
[2017.01.31-13.09.16:667][  0]LogLinker:Warning: Asset '../../../../../Users/Callum/Downloads/ToolBoxGame1/ToolBoxGame1/Content/Blueprints/Scare.uasset' has been saved with empty engine version. The asset will be loaded but may be incompatible.
[2017.01.31-13.09.16:933][  0]LogAIModule: Creating AISystem for world ThirdPersonExampleMap
[2017.01.31-13.09.16:946][  0]LogEditorServer: Finished looking for orphan Actors (0.000 secs)
[2017.01.31-13.09.16:946][  0]Cmd: MAP CHECKDEP NOCLEARLOG
[2017.01.31-13.09.16:978][  0]MapCheck: Info Map check complete: 0 Error(s), 0 Warning(s), took 31.577ms to complete.
[2017.01.31-13.09.16:978][  0]LogFileHelpers: Loading map 'ThirdPersonExampleMap' took 0.602
[2017.01.31-13.09.17:114][  0]LogCollectionManager: Loaded 0 collections in 0.001293 seconds
[2017.01.31-13.09.17:152][  0]LogFileCache: Scanning file cache for directory 'D:/Users/Callum/Downloads/ToolBoxGame1/ToolBoxGame1/Saved/Collections/' took 0.01s
[2017.01.31-13.09.17:152][  0]LogFileCache: Scanning file cache for directory 'D:/Users/Callum/Downloads/ToolBoxGame1/ToolBoxGame1/Content/Developers/Callum/Collections/' took 0.01s
[2017.01.31-13.09.17:152][  0]LogFileCache: Scanning file cache for directory 'D:/Users/Callum/Downloads/ToolBoxGame1/ToolBoxGame1/Content/Collections/' took 0.01s
[2017.01.31-13.09.17:152][  0]LogCollectionManager: Rebuilt the GUID cache for 0 collections in 0.000002 seconds
[2017.01.31-13.09.17:161][  0]LogContentBrowser: Native class hierarchy populated in 0.0083 seconds. Added 2047 classes and 369 folders.
[2017.01.31-13.09.17:164][  0]LogStats: UGameplayTagsManager::ConstructGameplayTagTree: Construct from data asset -  0.000 s
[2017.01.31-13.09.17:164][  0]LogStats: UGameplayTagsManager::ConstructGameplayTagTree: GameplayTagTreeChangedEvent.Broadcast -  0.000 s
[2017.01.31-13.09.17:164][  0]LogContentBrowser: Native class hierarchy updated for 'GameplayTags' in 0.0005 seconds. Added 12 classes and 0 folders.
[2017.01.31-13.09.17:168][  0]LogContentBrowser: Native class hierarchy updated for 'WidgetCarousel' in 0.0003 seconds. Added 0 classes and 0 folders.
[2017.01.31-13.09.17:201][  0]LogContentBrowser: Native class hierarchy updated for 'AddContentDialog' in 0.0004 seconds. Added 0 classes and 0 folders.
[2017.01.31-13.09.17:205][  0]LogContentBrowser: Native class hierarchy updated for 'SceneOutliner' in 0.0003 seconds. Added 1 classes and 2 folders.
[2017.01.31-13.09.17:216][  0]LogCrashTracker: Crashtracker disabled due to settings.
[2017.01.31-13.09.17:224][  0]LogUObjectGlobals:Warning: Failed to find object 'Class None.'
[2017.01.31-13.09.17:249][  0]LogContentBrowser: Native class hierarchy updated for 'Hierar